This is XeTeX, Version 3.1415926-2.5-0.9999.3 (MiKTeX 2.9 64-bit) (preloaded format=xelatex 2014.9.23)  30 JUL 2015 14:55
entering extended mode
**calendarMaster.tex
(C:\Users\Florian\Documents\UvA\knitr\calendar1\calendarMaster.tex
LaTeX2e <2014/05/01>
Babel <3.9k> and hyphenation patterns for 68 languages loaded.
("C:\Program Files\MiKTeX 2.9\tex\latex\base\book.cls"
Document Class: book 2007/10/19 v1.4h Standard LaTeX document class
("C:\Program Files\MiKTeX 2.9\tex\latex\base\bk11.clo"
File: bk11.clo 2007/10/19 v1.4h Standard LaTeX file (size option)
Requested font "cmr10" at 10.95pt
)
\c@part=\count80
\c@chapter=\count81
\c@section=\count82
\c@subsection=\count83
\c@subsubsection=\count84
\c@paragraph=\count85
\c@subparagraph=\count86
\c@figure=\count87
\c@table=\count88
\abovecaptionskip=\skip41
\belowcaptionskip=\skip42
\bibindent=\dimen102
)
("C:\Program Files\MiKTeX 2.9\tex\latex\graphics\graphicx.sty"
Package: graphicx 2014/04/25 v1.0g Enhanced LaTeX Graphics (DPC,SPQR)

("C:\Program Files\MiKTeX 2.9\tex\latex\graphics\keyval.sty"
Package: keyval 2014/05/08 v1.15 key=value parser (DPC)
\KV@toks@=\toks14
)
("C:\Program Files\MiKTeX 2.9\tex\latex\graphics\graphics.sty"
Package: graphics 2009/02/05 v1.0o Standard LaTeX Graphics (DPC,SPQR)

("C:\Program Files\MiKTeX 2.9\tex\latex\graphics\trig.sty"
Package: trig 1999/03/16 v1.09 sin cos tan (DPC)
)
("C:\Program Files\MiKTeX 2.9\tex\latex\00miktex\graphics.cfg"
File: graphics.cfg 2007/01/18 v1.5 graphics configuration of teTeX/TeXLive
)
Package graphics Info: Driver file: xetex.def on input line 91.

("C:\Program Files\MiKTeX 2.9\tex\xelatex\xetex-def\xetex.def"
File: xetex.def 2014/07/25 v4.03 LaTeX color/graphics driver for XeTeX (RRM/JK)

))
\Gin@req@height=\dimen103
\Gin@req@width=\dimen104
)
("C:\Program Files\MiKTeX 2.9\tex\latex\graphics\color.sty"
Package: color 2014/04/23 v1.1a Standard LaTeX Color (DPC)

("C:\Program Files\MiKTeX 2.9\tex\latex\00miktex\color.cfg"
File: color.cfg 2007/01/18 v1.5 color configuration of teTeX/TeXLive
)
Package color Info: Driver file: xetex.def on input line 137.
)
("C:\Program Files\MiKTeX 2.9\tex\latex\framed\framed.sty"
Package: framed 2011/10/22 v 0.96: framed or shaded text with page breaks
\OuterFrameSep=\skip43
\fb@frw=\dimen105
\fb@frh=\dimen106
\FrameRule=\dimen107
\FrameSep=\dimen108
)
("C:\Program Files\MiKTeX 2.9\tex\latex\base\alltt.sty"
Package: alltt 1997/06/16 v2.0g defines alltt environment
)
("C:\Program Files\MiKTeX 2.9\tex\latex\geometry\geometry.sty"
Package: geometry 2010/09/12 v5.6 Page Geometry

("C:\Program Files\MiKTeX 2.9\tex\generic\oberdiek\ifpdf.sty"
Package: ifpdf 2011/01/30 v2.3 Provides the ifpdf switch (HO)
Package ifpdf Info: pdfTeX in PDF mode is not detected.
)
("C:\Program Files\MiKTeX 2.9\tex\generic\oberdiek\ifvtex.sty"
Package: ifvtex 2010/03/01 v1.5 Detect VTeX and its facilities (HO)
Package ifvtex Info: VTeX not detected.
)
("C:\Program Files\MiKTeX 2.9\tex\generic\ifxetex\ifxetex.sty"
Package: ifxetex 2010/09/12 v0.6 Provides ifxetex conditional
)
\Gm@cnth=\count89
\Gm@cntv=\count90
\c@Gm@tempcnt=\count91
\Gm@bindingoffset=\dimen109
\Gm@wd@mp=\dimen110
\Gm@odd@mp=\dimen111
\Gm@even@mp=\dimen112
\Gm@layoutwidth=\dimen113
\Gm@layoutheight=\dimen114
\Gm@layouthoffset=\dimen115
\Gm@layoutvoffset=\dimen116
\Gm@dimlist=\toks15

("C:\Program Files\MiKTeX 2.9\tex\xelatex\xetexconfig\geometry.cfg"))
("C:\Program Files\MiKTeX 2.9\tex\latex\tools\afterpage.sty"
Package: afterpage 1995/10/27 v1.08 After-Page Package (DPC)
\AP@output=\toks16
\AP@partial=\box26
\AP@footins=\box27
)
("C:\Program Files\MiKTeX 2.9\tex\latex\oberdiek\pdflscape.sty"
Package: pdflscape 2008/08/11 v0.10 Display of landscape pages in PDF (HO)

("C:\Program Files\MiKTeX 2.9\tex\latex\graphics\lscape.sty"
Package: lscape 2000/10/22 v3.01 Landscape Pages (DPC)
)
Package pdflscape Info: Auto-detected driver: dvipdfm (xetex) on input line 98.


("C:\Program Files\MiKTeX 2.9\tex\generic\oberdiek\atbegshi.sty"
Package: atbegshi 2011/10/05 v1.16 At begin shipout hook (HO)

("C:\Program Files\MiKTeX 2.9\tex\generic\oberdiek\infwarerr.sty"
Package: infwarerr 2010/04/08 v1.3 Providing info/warning/error messages (HO)
)
("C:\Program Files\MiKTeX 2.9\tex\generic\oberdiek\ltxcmds.sty"
Package: ltxcmds 2011/11/09 v1.22 LaTeX kernel commands for general use (HO)
)))
\gmshow@@textheight=\dimen117

("C:\Program Files\MiKTeX 2.9\tex\latex\colortbl\colortbl.sty"
Package: colortbl 2012/02/13 v1.0a Color table columns (DPC)

("C:\Program Files\MiKTeX 2.9\tex\latex\tools\array.sty"
Package: array 2008/09/09 v2.4c Tabular extension package (FMi)
\col@sep=\dimen118
\extrarowheight=\dimen119
\NC@list=\toks17
\extratabsurround=\skip44
\backup@length=\skip45
)
\everycr=\toks18
\minrowclearance=\skip46
)
("C:\Program Files\MiKTeX 2.9\tex\latex\xcolor\xcolor.sty"
Package: xcolor 2007/01/21 v2.11 LaTeX color extensions (UK)

("C:\Program Files\MiKTeX 2.9\tex\latex\00miktex\color.cfg"
File: color.cfg 2007/01/18 v1.5 color configuration of teTeX/TeXLive
)
Package xcolor Info: Driver file: xetex.def on input line 225.
LaTeX Info: Redefining \color on input line 702.
Package xcolor Info: Model `cmy' substituted by `cmy0' on input line 1337.
Package xcolor Info: Model `RGB' extended on input line 1353.
Package xcolor Info: Model `HTML' substituted by `rgb' on input line 1355.
Package xcolor Info: Model `Hsb' substituted by `hsb' on input line 1356.
Package xcolor Info: Model `tHsb' substituted by `hsb' on input line 1357.
Package xcolor Info: Model `HSB' substituted by `hsb' on input line 1358.
Package xcolor Info: Model `Gray' substituted by `gray' on input line 1359.
Package xcolor Info: Model `wave' substituted by `hsb' on input line 1360.
)
("C:\Program Files\MiKTeX 2.9\tex\latex\lm\lmodern.sty"
Package: lmodern 2009/10/30 v1.6 Latin Modern Fonts
LaTeX Font Info:    Overwriting symbol font `operators' in version `normal'
(Font)                  OT1/cmr/m/n --> OT1/lmr/m/n on input line 22.
LaTeX Font Info:    Overwriting symbol font `letters' in version `normal'
(Font)                  OML/cmm/m/it --> OML/lmm/m/it on input line 23.
LaTeX Font Info:    Overwriting symbol font `symbols' in version `normal'
(Font)                  OMS/cmsy/m/n --> OMS/lmsy/m/n on input line 24.
LaTeX Font Info:    Overwriting symbol font `largesymbols' in version `normal'
(Font)                  OMX/cmex/m/n --> OMX/lmex/m/n on input line 25.
LaTeX Font Info:    Overwriting symbol font `operators' in version `bold'
(Font)                  OT1/cmr/bx/n --> OT1/lmr/bx/n on input line 26.
LaTeX Font Info:    Overwriting symbol font `letters' in version `bold'
(Font)                  OML/cmm/b/it --> OML/lmm/b/it on input line 27.
LaTeX Font Info:    Overwriting symbol font `symbols' in version `bold'
(Font)                  OMS/cmsy/b/n --> OMS/lmsy/b/n on input line 28.
LaTeX Font Info:    Overwriting symbol font `largesymbols' in version `bold'
(Font)                  OMX/cmex/m/n --> OMX/lmex/m/n on input line 29.
LaTeX Font Info:    Overwriting math alphabet `\mathbf' in version `normal'
(Font)                  OT1/cmr/bx/n --> OT1/lmr/bx/n on input line 31.
LaTeX Font Info:    Overwriting math alphabet `\mathsf' in version `normal'
(Font)                  OT1/cmss/m/n --> OT1/lmss/m/n on input line 32.
LaTeX Font Info:    Overwriting math alphabet `\mathit' in version `normal'
(Font)                  OT1/cmr/m/it --> OT1/lmr/m/it on input line 33.
LaTeX Font Info:    Overwriting math alphabet `\mathtt' in version `normal'
(Font)                  OT1/cmtt/m/n --> OT1/lmtt/m/n on input line 34.
LaTeX Font Info:    Overwriting math alphabet `\mathbf' in version `bold'
(Font)                  OT1/cmr/bx/n --> OT1/lmr/bx/n on input line 35.
LaTeX Font Info:    Overwriting math alphabet `\mathsf' in version `bold'
(Font)                  OT1/cmss/bx/n --> OT1/lmss/bx/n on input line 36.
LaTeX Font Info:    Overwriting math alphabet `\mathit' in version `bold'
(Font)                  OT1/cmr/bx/it --> OT1/lmr/bx/it on input line 37.
LaTeX Font Info:    Overwriting math alphabet `\mathtt' in version `bold'
(Font)                  OT1/cmtt/m/n --> OT1/lmtt/m/n on input line 38.
)
(C:\Users\Florian\Documents\UvA\knitr\calendar1\fontawesomeupdated.sty
Package: fontawesomeupdated 2013/05/10 v3.1.1 font awesome icons

("C:\Program Files\MiKTeX 2.9\tex\latex\fontspec\fontspec.sty"
Package: fontspec 2014/06/21 v2.4a Font selection for XeLaTeX and LuaLaTeX

("C:\Program Files\MiKTeX 2.9\tex\latex\l3kernel\expl3.sty"
Package: expl3 2014/08/25 v5378 L3 programming layer (loader) 

("C:\Program Files\MiKTeX 2.9\tex\latex\l3kernel\expl3-code.tex"
Package: expl3 2014/08/25 v5378 L3 programming layer (code) 
L3 Module: l3bootstrap 2014/08/23 v5354 L3 Bootstrap code

("C:\Program Files\MiKTeX 2.9\tex\latex\misc\etex.sty"
Package: etex 1998/03/26 v2.0 eTeX basic definition package (PEB)
\et@xins=\count92
)
L3 Module: l3names 2014/08/22 v5343 L3 Namespace for primitives
L3 Module: l3basics 2014/08/24 v5364 L3 Basic definitions
L3 Module: l3expan 2014/08/22 v5349 L3 Argument expansion
L3 Module: l3tl 2014/08/24 v5359 L3 Token lists
L3 Module: l3str 2014/08/24 v5368 L3 Strings
L3 Module: l3seq 2014/08/23 v5354 L3 Sequences and stacks
L3 Module: l3int 2014/08/25 v5372 L3 Integers
\c_max_int=\count93
\l_tmpa_int=\count94
\l_tmpb_int=\count95
\g_tmpa_int=\count96
\g_tmpb_int=\count97
L3 Module: l3quark 2014/08/23 v5354 L3 Quarks
L3 Module: l3prg 2014/08/23 v5354 L3 Control structures
\g__prg_map_int=\count98
L3 Module: l3clist 2014/08/23 v5354 L3 Comma separated lists
L3 Module: l3token 2014/08/23 v5354 L3 Experimental token manipulation
L3 Module: l3prop 2014/08/23 v5354 L3 Property lists
L3 Module: l3msg 2014/08/24 v5358 L3 Messages
L3 Module: l3file 2014/08/24 v5369 L3 File and I/O operations
\l_iow_line_count_int=\count99
\l__iow_target_count_int=\count100
\l__iow_current_line_int=\count101
\l__iow_current_word_int=\count102
\l__iow_current_indentation_int=\count103
L3 Module: l3skip 2014/08/23 v5354 L3 Dimensions and skips
\c_zero_dim=\dimen120
\c_max_dim=\dimen121
\l_tmpa_dim=\dimen122
\l_tmpb_dim=\dimen123
\g_tmpa_dim=\dimen124
\g_tmpb_dim=\dimen125
\c_zero_skip=\skip47
\c_max_skip=\skip48
\l_tmpa_skip=\skip49
\l_tmpb_skip=\skip50
\g_tmpa_skip=\skip51
\g_tmpb_skip=\skip52
\c_zero_muskip=\muskip10
\c_max_muskip=\muskip11
\l_tmpa_muskip=\muskip12
\l_tmpb_muskip=\muskip13
\g_tmpa_muskip=\muskip14
\g_tmpb_muskip=\muskip15
L3 Module: l3keys 2014/08/23 v5354 L3 Key-value interfaces
\g__keyval_level_int=\count104
\l_keys_choice_int=\count105
L3 Module: l3fp 2014/08/22 v5336 L3 Floating points
\c__fp_leading_shift_int=\count106
\c__fp_middle_shift_int=\count107
\c__fp_trailing_shift_int=\count108
\c__fp_big_leading_shift_int=\count109
\c__fp_big_middle_shift_int=\count110
\c__fp_big_trailing_shift_int=\count111
\c__fp_Bigg_leading_shift_int=\count112
\c__fp_Bigg_middle_shift_int=\count113
\c__fp_Bigg_trailing_shift_int=\count114
L3 Module: l3box 2014/08/23 v5354 L3 Experimental boxes
\c_empty_box=\box28
\l_tmpa_box=\box29
\l_tmpb_box=\box30
\g_tmpa_box=\box31
\g_tmpb_box=\box32
L3 Module: l3coffins 2014/08/23 v5354 L3 Coffin code layer
\l__coffin_internal_box=\box33
\l__coffin_internal_dim=\dimen126
\l__coffin_offset_x_dim=\dimen127
\l__coffin_offset_y_dim=\dimen128
\l__coffin_x_dim=\dimen129
\l__coffin_y_dim=\dimen130
\l__coffin_x_prime_dim=\dimen131
\l__coffin_y_prime_dim=\dimen132
\c_empty_coffin=\box34
\l__coffin_aligned_coffin=\box35
\l__coffin_aligned_internal_coffin=\box36
\l_tmpa_coffin=\box37
\l_tmpb_coffin=\box38
\l__coffin_display_coffin=\box39
\l__coffin_display_coord_coffin=\box40
\l__coffin_display_pole_coffin=\box41
\l__coffin_display_offset_dim=\dimen133
\l__coffin_display_x_dim=\dimen134
\l__coffin_display_y_dim=\dimen135
L3 Module: l3color 2014/08/23 v5354 L3 Experimental color support
L3 Module: l3candidates 2014/08/24 v5366 L3 Experimental additions to l3kernel
\l__box_top_dim=\dimen136
\l__box_bottom_dim=\dimen137
\l__box_left_dim=\dimen138
\l__box_right_dim=\dimen139
\l__box_top_new_dim=\dimen140
\l__box_bottom_new_dim=\dimen141
\l__box_left_new_dim=\dimen142
\l__box_right_new_dim=\dimen143
\l__box_internal_box=\box42
\l__coffin_bounding_shift_dim=\dimen144
\l__coffin_left_corner_dim=\dimen145
\l__coffin_right_corner_dim=\dimen146
\l__coffin_bottom_corner_dim=\dimen147
\l__coffin_top_corner_dim=\dimen148
\l__coffin_scaled_total_height_dim=\dimen149
\l__coffin_scaled_width_dim=\dimen150
)
("C:\Program Files\MiKTeX 2.9\tex\latex\l3kernel\l3unicode-data.def"
File: l3unicode-data.def 2014/08/12 v5276 L3 Unicode data
)
("C:\Program Files\MiKTeX 2.9\tex\latex\l3kernel\l3xdvipdfmx.def"
File: l3xdvidpfmx.def 2014/08/24 v5366 L3 Experimental driver: xdvipdfmx
))
("C:\Program Files\MiKTeX 2.9\tex\latex\l3packages\xparse\xparse.sty"
Package: xparse 2014/08/25 v5378 L3 Experimental document command parser
\l__xparse_current_arg_int=\count115
\l__xparse_m_args_int=\count116
\l__xparse_mandatory_args_int=\count117
\l__xparse_processor_int=\count118
\l__xparse_v_nesting_int=\count119
)
\l_fontspec_script_int=\count120
\l_fontspec_language_int=\count121
\l_fontspec_strnum_int=\count122
\l__fontspec_tmpa_dim=\dimen151
\l__fontspec_tmpb_dim=\dimen152
\l__fontspec_tmpc_dim=\dimen153
Variant \tl_gset:cV already defined; not changing it on line 71

("C:\Program Files\MiKTeX 2.9\tex\latex\fontspec\fontspec-patches.sty"
Package: fontspec-patches 2014/06/21 v2.4a Font selection for XeLaTeX and LuaLa
TeX
LaTeX Info: Redefining \em on input line 38.
LaTeX Info: Redefining \emph on input line 46.
LaTeX Info: Redefining \- on input line 49.
.................................................
. LaTeX info: "xparse/redefine-command"
. 
. Redefining command \oldstylenums with sig. 'm' on line 144.
.................................................
.................................................
. LaTeX info: "xparse/define-command"
. 
. Defining command \liningnums with sig. 'm' on line 148.
.................................................
)
("C:\Program Files\MiKTeX 2.9\tex\latex\fontspec\fontspec-xetex.sty"
Package: fontspec-xetex 2014/06/21 v2.4a Font selection for XeLaTeX and LuaLaTe
X

("C:\Program Files\MiKTeX 2.9\tex\latex\base\fontenc.sty"
Package: fontenc 2005/09/27 v1.99g Standard LaTeX package

("C:\Program Files\MiKTeX 2.9\tex\latex\euenc\eu1enc.def"
File: eu1enc.def 2010/05/27 v0.1h Experimental Unicode font encodings
)
LaTeX Font Info:    Try loading font information for EU1+lmr on input line 100.


("C:\Program Files\MiKTeX 2.9\tex\latex\euenc\eu1lmr.fd"
File: eu1lmr.fd 2009/10/30 v1.6 Font defs for Latin Modern
)
Requested font "[lmroman10-regular]:mapping=tex-text" at 10.0pt
 -> C:/Program Files/MiKTeX 2.9/fonts/opentype/public/lm/lmroman10-regular.otf
)
("C:\Program Files\MiKTeX 2.9\tex\xelatex\xunicode\xunicode.sty"
File: xunicode.sty 2011/09/09 v0.981 provides access to latin accents and many 
other characters in Unicode lower plane

("C:\Program Files\MiKTeX 2.9\tex\latex\tipa\t3enc.def"
File: t3enc.def 2001/12/31 T3 encoding
Requested font "[lmromanslant10-regular]:mapping=tex-text" at 10.0pt
 -> C:/Program Files/MiKTeX 2.9/fonts/opentype/public/lm/lmromanslant10-regular
.otf
Requested font "[lmroman10-italic]:mapping=tex-text" at 10.0pt
 -> C:/Program Files/MiKTeX 2.9/fonts/opentype/public/lm/lmroman10-italic.otf
Requested font "[lmroman10-bold]:mapping=tex-text" at 10.0pt
 -> C:/Program Files/MiKTeX 2.9/fonts/opentype/public/lm/lmroman10-bold.otf
LaTeX Font Info:    Try loading font information for EU1+lmss on input line 357
.

("C:\Program Files\MiKTeX 2.9\tex\latex\euenc\eu1lmss.fd"
File: eu1lmss.fd 2009/10/30 v1.6 Font defs for Latin Modern
)
Requested font "[lmsans10-regular]:mapping=tex-text" at 10.0pt
 -> C:/Program Files/MiKTeX 2.9/fonts/opentype/public/lm/lmsans10-regular.otf
)
\tipaTiiicode=\count123
\tipasavetokens=\toks19
\tipachecktokens=\toks20
)
.................................................
. LaTeX info: "xparse/define-command"
. 
. Defining command \fontspec with sig. 'O{}mO{}' on line 41.
.................................................
.................................................
. LaTeX info: "xparse/define-command"
. 
. Defining command \setmainfont with sig. 'O{}mO{}' on line 47.
.................................................
.................................................
. LaTeX info: "xparse/define-command"
. 
. Defining command \setsansfont with sig. 'O{}mO{}' on line 53.
.................................................
.................................................
. LaTeX info: "xparse/define-command"
. 
. Defining command \setmonofont with sig. 'O{}mO{}' on line 59.
.................................................
.................................................
. LaTeX info: "xparse/define-command"
. 
. Defining command \setmathrm with sig. 'O{}mO{}' on line 68.
.................................................
.................................................
. LaTeX info: "xparse/define-command"
. 
. Defining command \setboldmathrm with sig. 'O{}mO{}' on line 72.
.................................................
.................................................
. LaTeX info: "xparse/define-command"
. 
. Defining command \setmathsf with sig. 'O{}mO{}' on line 76.
.................................................
.................................................
. LaTeX info: "xparse/define-command"
. 
. Defining command \setmathtt with sig. 'O{}mO{}' on line 80.
.................................................
.................................................
. LaTeX info: "xparse/define-command"
. 
. Defining command \newfontfamily with sig. 'mO{}mO{}' on line 99.
.................................................
.................................................
. LaTeX info: "xparse/define-command"
. 
. Defining command \newfontface with sig. 'mO{}mO{}' on line 103.
.................................................
.................................................
. LaTeX info: "xparse/define-command"
. 
. Defining command \defaultfontfeatures with sig. 't+om' on line 112.
.................................................
.................................................
. LaTeX info: "xparse/define-command"
. 
. Defining command \addfontfeatures with sig. 'm' on line 170.
.................................................
.................................................
. LaTeX info: "xparse/define-command"
. 
. Defining command \newfontfeature with sig. 'mm' on line 181.
.................................................
.................................................
. LaTeX info: "xparse/define-command"
. 
. Defining command \newAATfeature with sig. 'mmmm' on line 189.
.................................................
.................................................
. LaTeX info: "xparse/define-command"
. 
. Defining command \newopentypefeature with sig. 'mmm' on line 197.
.................................................
.................................................
. LaTeX info: "xparse/define-command"
. 
. Defining command \aliasfontfeature with sig. 'mm' on line 226.
.................................................
.................................................
. LaTeX info: "xparse/define-command"
. 
. Defining command \aliasfontfeatureoption with sig. 'mmm' on line 228.
.................................................
.................................................
. LaTeX info: "xparse/define-command"
. 
. Defining command \newfontscript with sig. 'mm' on line 233.
.................................................
.................................................
. LaTeX info: "xparse/define-command"
. 
. Defining command \newfontlanguage with sig. 'mm' on line 259.
.................................................
.................................................
. LaTeX info: "xparse/define-command"
. 
. Defining command \DeclareFontsExtensions with sig. 'm' on line 279.
.................................................
Variant \prop_gput:cnV already defined; not changing it on line 662
Variant \prop_gput:cnx already defined; not changing it on line 663
\l__fontspec_tmp_int=\count124
LaTeX Info: Redefining \itshape on input line 2193.
LaTeX Info: Redefining \slshape on input line 2198.
LaTeX Info: Redefining \scshape on input line 2203.
LaTeX Info: Redefining \upshape on input line 2208.

("C:\Program Files\MiKTeX 2.9\tex\latex\fontspec\fontspec.cfg")))
\g__file_internal_ior=\read1
Requested font "FontAwesome" at 10.0pt
 -> C:/Program Files (x86)/MiKTeX 2.9/fonts/truetype/public/fontawesome/fontawe
some-webfont.ttf
Requested font "FontAwesome/OT" at 10.0pt
 -> C:/Program Files (x86)/MiKTeX 2.9/fonts/truetype/public/fontawesome/fontawe
some-webfont.ttf
.................................................
. fontspec info: "no-scripts"
. 
. Font FontAwesome does not contain any OpenType `Script' information.
.................................................
\g__fontspec_family_FontAwesome_int=\count125
Requested font "FontAwesome/OT" at 10.0pt
 -> C:/Program Files (x86)/MiKTeX 2.9/fonts/truetype/public/fontawesome/fontawe
some-webfont.ttf
Requested font "FontAwesome/BI/OT" at 10.0pt
 -> C:/Program Files (x86)/MiKTeX 2.9/fonts/truetype/public/fontawesome/fontawe
some-webfont.ttf
.................................................
. fontspec info: "no-font-shape"
. 
. Could not resolve font FontAwesome/BI (it probably doesn't exist).
.................................................
Requested font "FontAwesome/OT" at 10.0pt
 -> C:/Program Files (x86)/MiKTeX 2.9/fonts/truetype/public/fontawesome/fontawe
some-webfont.ttf
Requested font "FontAwesome/B/OT" at 10.0pt
 -> C:/Program Files (x86)/MiKTeX 2.9/fonts/truetype/public/fontawesome/fontawe
some-webfont.ttf
.................................................
. fontspec info: "no-font-shape"
. 
. Could not resolve font FontAwesome/B (it probably doesn't exist).
.................................................
Requested font "FontAwesome/OT" at 10.0pt
 -> C:/Program Files (x86)/MiKTeX 2.9/fonts/truetype/public/fontawesome/fontawe
some-webfont.ttf
Requested font "FontAwesome/I/OT" at 10.0pt
 -> C:/Program Files (x86)/MiKTeX 2.9/fonts/truetype/public/fontawesome/fontawe
some-webfont.ttf
.................................................
. fontspec info: "no-font-shape"
. 
. Could not resolve font FontAwesome/I (it probably doesn't exist).
.................................................
Requested font "FontAwesome/OT" at 10.0pt
 -> C:/Program Files (x86)/MiKTeX 2.9/fonts/truetype/public/fontawesome/fontawe
some-webfont.ttf
Requested font "FontAwesome/OT" at 10.0pt
 -> C:/Program Files (x86)/MiKTeX 2.9/fonts/truetype/public/fontawesome/fontawe
some-webfont.ttf
Requested font "[lmroman10-regular]:mapping=tex-text" at 10.95pt
 -> C:/Program Files/MiKTeX 2.9/fonts/opentype/public/lm/lmroman10-regular.otf
.................................................
. fontspec info: "defining-font"
. 
. Font family 'FontAwesome(0)' created for font 'FontAwesome' with options [].
. 
. This font family consists of the following shapes:
. 
. * 'normal' with NFSS spec.:
. <->"FontAwesome/OT:"
. 
. * 'small caps' with NFSS spec.:
. 
. and font adjustment code:
. 
.................................................
)
("C:\Program Files\MiKTeX 2.9\tex\latex\metalogo\metalogo.sty"
Package: metalogo 2010/05/29 v0.12 Extended TeX logo macros
\xl@everylogo=\toks21
\xl@@everylogo=\toks22
LaTeX Info: Redefining \TeX on input line 193.
LaTeX Info: Redefining \LaTeX on input line 202.
LaTeX Info: Redefining \LaTeXe on input line 219.
)
("C:\Program Files\MiKTeX 2.9\tex\latex\hyperref\hyperref.sty"
Package: hyperref 2012/11/06 v6.83m Hypertext links for LaTeX

("C:\Program Files\MiKTeX 2.9\tex\generic\oberdiek\hobsub-hyperref.sty"
Package: hobsub-hyperref 2012/04/25 v1.12 Bundle oberdiek, subset hyperref (HO)


("C:\Program Files\MiKTeX 2.9\tex\generic\oberdiek\hobsub-generic.sty"
Package: hobsub-generic 2012/04/25 v1.12 Bundle oberdiek, subset generic (HO)
Package: hobsub 2012/04/25 v1.12 Construct package bundles (HO)
Package hobsub Info: Skipping package `infwarerr' (already loaded).
Package hobsub Info: Skipping package `ltxcmds' (already loaded).
Package: ifluatex 2010/03/01 v1.3 Provides the ifluatex switch (HO)
Package ifluatex Info: LuaTeX not detected.
Package hobsub Info: Skipping package `ifvtex' (already loaded).
Package: intcalc 2007/09/27 v1.1 Expandable calculations with integers (HO)
Package hobsub Info: Skipping package `ifpdf' (already loaded).
Package: etexcmds 2011/02/16 v1.5 Avoid name clashes with e-TeX commands (HO)
Package etexcmds Info: Could not find \expanded.
(etexcmds)             That can mean that you are not using pdfTeX 1.50 or
(etexcmds)             that some package has redefined \expanded.
(etexcmds)             In the latter case, load this package earlier.
Package: kvsetkeys 2012/04/25 v1.16 Key value parser (HO)
Package: kvdefinekeys 2011/04/07 v1.3 Define keys (HO)
Package: pdftexcmds 2011/11/29 v0.20 Utility functions of pdfTeX for LuaTeX (HO
)
Package pdftexcmds Info: LuaTeX not detected.
Package pdftexcmds Info: pdfTeX >= 1.30 not detected.
Package pdftexcmds Info: \pdf@primitive is available.
Package pdftexcmds Info: \pdf@ifprimitive is available.
Package pdftexcmds Info: \pdfdraftmode not found.
Package: pdfescape 2011/11/25 v1.13 Implements pdfTeX's escape features (HO)
Package: bigintcalc 2012/04/08 v1.3 Expandable calculations on big integers (HO
)
Package: bitset 2011/01/30 v1.1 Handle bit-vector datatype (HO)
Package: uniquecounter 2011/01/30 v1.2 Provide unlimited unique counter (HO)
)
Package hobsub Info: Skipping package `hobsub' (already loaded).
Package: letltxmacro 2010/09/02 v1.4 Let assignment for LaTeX macros (HO)
Package: hopatch 2011/06/24 v1.1 Wrapper for package hooks (HO)
Package: xcolor-patch 2011/01/30 xcolor patch
Package: atveryend 2011/06/30 v1.8 Hooks at the very end of document (HO)
Package atveryend Info: \AP@enddocument detected (standard20110627).
Package hobsub Info: Skipping package `atbegshi' (already loaded).
Package: refcount 2011/10/16 v3.4 Data extraction from label references (HO)
Package: hycolor 2011/01/30 v1.7 Color options for hyperref/bookmark (HO)
)
("C:\Program Files\MiKTeX 2.9\tex\latex\oberdiek\auxhook.sty"
Package: auxhook 2011/03/04 v1.3 Hooks for auxiliary files (HO)
)
("C:\Program Files\MiKTeX 2.9\tex\latex\oberdiek\kvoptions.sty"
Package: kvoptions 2011/06/30 v3.11 Key value format for package options (HO)
)
\@linkdim=\dimen154
\Hy@linkcounter=\count126
\Hy@pagecounter=\count127

("C:\Program Files\MiKTeX 2.9\tex\latex\hyperref\pd1enc.def"
File: pd1enc.def 2012/11/06 v6.83m Hyperref: PDFDocEncoding definition (HO)
)
\Hy@SavedSpaceFactor=\count128

("C:\Program Files\MiKTeX 2.9\tex\latex\00miktex\hyperref.cfg"
File: hyperref.cfg 2002/06/06 v1.2 hyperref configuration of TeXLive
)
Package hyperref Info: Hyper figures OFF on input line 4443.
Package hyperref Info: Link nesting OFF on input line 4448.
Package hyperref Info: Hyper index ON on input line 4451.
Package hyperref Info: Plain pages OFF on input line 4458.
Package hyperref Info: Backreferencing OFF on input line 4463.
Package hyperref Info: Implicit mode ON; LaTeX internals redefined.
Package hyperref Info: Bookmarks ON on input line 4688.
\c@Hy@tempcnt=\count129

("C:\Program Files\MiKTeX 2.9\tex\latex\url\url.sty"
\Urlmuskip=\muskip16
Package: url 2013/09/16  ver 3.4  Verb mode for urls, etc.
)
LaTeX Info: Redefining \url on input line 5041.
\XeTeXLinkMargin=\dimen155
Requested font "pzdr" at 0.00002pt
\Fld@menulength=\count130
\Field@Width=\dimen156
\Fld@charsize=\dimen157
Package hyperref Info: Hyper figures OFF on input line 6295.
Package hyperref Info: Link nesting OFF on input line 6300.
Package hyperref Info: Hyper index ON on input line 6303.
Package hyperref Info: backreferencing OFF on input line 6310.
Package hyperref Info: Link coloring OFF on input line 6315.
Package hyperref Info: Link coloring with OCG OFF on input line 6320.
Package hyperref Info: PDF/A mode OFF on input line 6325.
LaTeX Info: Redefining \ref on input line 6365.
LaTeX Info: Redefining \pageref on input line 6369.
\Hy@abspage=\count131
\c@Item=\count132
\c@Hfootnote=\count133
)

Package hyperref Message: Driver (autodetected): hxetex.

("C:\Program Files\MiKTeX 2.9\tex\latex\hyperref\hxetex.def"
File: hxetex.def 2012/11/06 v6.83m Hyperref driver for XeTeX

("C:\Program Files\MiKTeX 2.9\tex\latex\hyperref\puenc.def"
File: puenc.def 2012/11/06 v6.83m Hyperref: PDF Unicode definition (HO)
)
("C:\Program Files\MiKTeX 2.9\tex\generic\oberdiek\stringenc.sty"
Package: stringenc 2011/12/02 v1.10 Convert strings between diff. encodings (HO
)
)
\pdfm@box=\box43
\c@Hy@AnnotLevel=\count134
\HyField@AnnotCount=\count135
\Fld@listcount=\count136
\c@bookmark@seq@number=\count137

("C:\Program Files\MiKTeX 2.9\tex\latex\oberdiek\rerunfilecheck.sty"
Package: rerunfilecheck 2011/04/15 v1.7 Rerun checks for auxiliary files (HO)
Package rerunfilecheck Info: Feature \pdfmdfivesum is not available
(rerunfilecheck)             (e.g. pdfTeX or LuaTeX with package `pdftexcmds').

(rerunfilecheck)             Therefore file contents cannot be checked efficien
tly
(rerunfilecheck)             and the loading of the package is aborted.
)
\Hy@SectionHShift=\skip53
)
("C:\Program Files\MiKTeX 2.9\tex\latex\tcolorbox\tcolorbox.sty"
Package: tcolorbox 2014/07/29 version 3.12 text color boxes

("C:\Program Files\MiKTeX 2.9\tex\latex\pgf\basiclayer\pgf.sty"
("C:\Program Files\MiKTeX 2.9\tex\latex\pgf\utilities\pgfrcs.sty"
("C:\Program Files\MiKTeX 2.9\tex\generic\pgf\utilities\pgfutil-common.tex"
\pgfutil@everybye=\toks23
\pgfutil@tempdima=\dimen158
\pgfutil@tempdimb=\dimen159

("C:\Program Files\MiKTeX 2.9\tex\generic\pgf\utilities\pgfutil-common-lists.te
x")) ("C:\Program Files\MiKTeX 2.9\tex\generic\pgf\utilities\pgfutil-latex.def"
\pgfutil@abb=\box44
("C:\Program Files\MiKTeX 2.9\tex\latex\ms\everyshi.sty"
Package: everyshi 2001/05/15 v3.00 EveryShipout Package (MS)
))
("C:\Program Files\MiKTeX 2.9\tex\generic\pgf\utilities\pgfrcs.code.tex"
Package: pgfrcs 2013/12/20 v3.0.0 (rcs-revision 1.28)
))
Package: pgf 2013/12/18 v3.0.0 (rcs-revision 1.14)

("C:\Program Files\MiKTeX 2.9\tex\latex\pgf\basiclayer\pgfcore.sty"
("C:\Program Files\MiKTeX 2.9\tex\latex\pgf\systemlayer\pgfsys.sty"
("C:\Program Files\MiKTeX 2.9\tex\generic\pgf\systemlayer\pgfsys.code.tex"
Package: pgfsys 2013/11/30 v3.0.0 (rcs-revision 1.47)

("C:\Program Files\MiKTeX 2.9\tex\generic\pgf\utilities\pgfkeys.code.tex"
\pgfkeys@pathtoks=\toks24
\pgfkeys@temptoks=\toks25

("C:\Program Files\MiKTeX 2.9\tex\generic\pgf\utilities\pgfkeysfiltered.code.te
x"
\pgfkeys@tmptoks=\toks26
))
\pgf@x=\dimen160
\pgf@y=\dimen161
\pgf@xa=\dimen162
\pgf@ya=\dimen163
\pgf@xb=\dimen164
\pgf@yb=\dimen165
\pgf@xc=\dimen166
\pgf@yc=\dimen167
\w@pgf@writea=\write3
\r@pgf@reada=\read2
\c@pgf@counta=\count138
\c@pgf@countb=\count139
\c@pgf@countc=\count140
\c@pgf@countd=\count141
\t@pgf@toka=\toks27
\t@pgf@tokb=\toks28
\t@pgf@tokc=\toks29
 ("C:\Program Files\MiKTeX 2.9\tex\generic\pgf\systemlayer\pgf.cfg"
File: pgf.cfg 2008/05/14  (rcs-revision 1.7)
)
Driver file for pgf: pgfsys-xetex.def

("C:\Program Files\MiKTeX 2.9\tex\generic\pgf\systemlayer\pgfsys-xetex.def"
File: pgfsys-xetex.def 2013/07/16  (rcs-revision 1.9)

("C:\Program Files\MiKTeX 2.9\tex\generic\pgf\systemlayer\pgfsys-dvipdfmx.def"
File: pgfsys-dvipdfmx.def 2013/08/28  (rcs-revision 1.12)

("C:\Program Files\MiKTeX 2.9\tex\generic\pgf\systemlayer\pgfsys-common-pdf.def
"
File: pgfsys-common-pdf.def 2013/10/10  (rcs-revision 1.13)
)
\pgfsys@objnum=\count142
)))
("C:\Program Files\MiKTeX 2.9\tex\generic\pgf\systemlayer\pgfsyssoftpath.code.t
ex"
File: pgfsyssoftpath.code.tex 2013/09/09  (rcs-revision 1.9)
\pgfsyssoftpath@smallbuffer@items=\count143
\pgfsyssoftpath@bigbuffer@items=\count144
)
("C:\Program Files\MiKTeX 2.9\tex\generic\pgf\systemlayer\pgfsysprotocol.code.t
ex"
File: pgfsysprotocol.code.tex 2006/10/16  (rcs-revision 1.4)
)) ("C:\Program Files\MiKTeX 2.9\tex\generic\pgf\basiclayer\pgfcore.code.tex"
Package: pgfcore 2010/04/11 v3.0.0 (rcs-revision 1.7)
 ("C:\Program Files\MiKTeX 2.9\tex\generic\pgf\math\pgfmath.code.tex"
("C:\Program Files\MiKTeX 2.9\tex\generic\pgf\math\pgfmathcalc.code.tex"
("C:\Program Files\MiKTeX 2.9\tex\generic\pgf\math\pgfmathutil.code.tex")
("C:\Program Files\MiKTeX 2.9\tex\generic\pgf\math\pgfmathparser.code.tex"
\pgfmath@dimen=\dimen168
\pgfmath@count=\count145
\pgfmath@box=\box45
\pgfmath@toks=\toks30
\pgfmath@stack@operand=\toks31
\pgfmath@stack@operation=\toks32
)
("C:\Program Files\MiKTeX 2.9\tex\generic\pgf\math\pgfmathfunctions.code.tex"
("C:\Program Files\MiKTeX 2.9\tex\generic\pgf\math\pgfmathfunctions.basic.code.
tex")
("C:\Program Files\MiKTeX 2.9\tex\generic\pgf\math\pgfmathfunctions.trigonometr
ic.code.tex")
("C:\Program Files\MiKTeX 2.9\tex\generic\pgf\math\pgfmathfunctions.random.code
.tex")
("C:\Program Files\MiKTeX 2.9\tex\generic\pgf\math\pgfmathfunctions.comparison.
code.tex")
("C:\Program Files\MiKTeX 2.9\tex\generic\pgf\math\pgfmathfunctions.base.code.t
ex")
("C:\Program Files\MiKTeX 2.9\tex\generic\pgf\math\pgfmathfunctions.round.code.
tex")
("C:\Program Files\MiKTeX 2.9\tex\generic\pgf\math\pgfmathfunctions.misc.code.t
ex")
("C:\Program Files\MiKTeX 2.9\tex\generic\pgf\math\pgfmathfunctions.integerarit
hmetics.code.tex")))
("C:\Program Files\MiKTeX 2.9\tex\generic\pgf\math\pgfmathfloat.code.tex"
\c@pgfmathroundto@lastzeros=\count146
))
("C:\Program Files\MiKTeX 2.9\tex\generic\pgf\basiclayer\pgfcorepoints.code.tex
"
File: pgfcorepoints.code.tex 2013/10/07  (rcs-revision 1.27)
\pgf@picminx=\dimen169
\pgf@picmaxx=\dimen170
\pgf@picminy=\dimen171
\pgf@picmaxy=\dimen172
\pgf@pathminx=\dimen173
\pgf@pathmaxx=\dimen174
\pgf@pathminy=\dimen175
\pgf@pathmaxy=\dimen176
\pgf@xx=\dimen177
\pgf@xy=\dimen178
\pgf@yx=\dimen179
\pgf@yy=\dimen180
\pgf@zx=\dimen181
\pgf@zy=\dimen182
)
("C:\Program Files\MiKTeX 2.9\tex\generic\pgf\basiclayer\pgfcorepathconstruct.c
ode.tex"
File: pgfcorepathconstruct.code.tex 2013/10/07  (rcs-revision 1.29)
\pgf@path@lastx=\dimen183
\pgf@path@lasty=\dimen184
)
("C:\Program Files\MiKTeX 2.9\tex\generic\pgf\basiclayer\pgfcorepathusage.code.
tex"
File: pgfcorepathusage.code.tex 2013/12/13  (rcs-revision 1.23)
\pgf@shorten@end@additional=\dimen185
\pgf@shorten@start@additional=\dimen186
)
("C:\Program Files\MiKTeX 2.9\tex\generic\pgf\basiclayer\pgfcorescopes.code.tex
"
File: pgfcorescopes.code.tex 2013/10/09  (rcs-revision 1.44)
\pgfpic=\box46
\pgf@hbox=\box47
\pgf@layerbox@main=\box48
\pgf@picture@serial@count=\count147
)
("C:\Program Files\MiKTeX 2.9\tex\generic\pgf\basiclayer\pgfcoregraphicstate.co
de.tex"
File: pgfcoregraphicstate.code.tex 2013/09/19  (rcs-revision 1.11)
\pgflinewidth=\dimen187
)
("C:\Program Files\MiKTeX 2.9\tex\generic\pgf\basiclayer\pgfcoretransformations
.code.tex"
File: pgfcoretransformations.code.tex 2013/10/10  (rcs-revision 1.17)
\pgf@pt@x=\dimen188
\pgf@pt@y=\dimen189
\pgf@pt@temp=\dimen190
)
("C:\Program Files\MiKTeX 2.9\tex\generic\pgf\basiclayer\pgfcorequick.code.tex"
File: pgfcorequick.code.tex 2008/10/09  (rcs-revision 1.3)
)
("C:\Program Files\MiKTeX 2.9\tex\generic\pgf\basiclayer\pgfcoreobjects.code.te
x"
File: pgfcoreobjects.code.tex 2006/10/11  (rcs-revision 1.2)
)
("C:\Program Files\MiKTeX 2.9\tex\generic\pgf\basiclayer\pgfcorepathprocessing.
code.tex"
File: pgfcorepathprocessing.code.tex 2013/09/09  (rcs-revision 1.9)
)
("C:\Program Files\MiKTeX 2.9\tex\generic\pgf\basiclayer\pgfcorearrows.code.tex
"
File: pgfcorearrows.code.tex 2013/11/07  (rcs-revision 1.40)
\pgfarrowsep=\dimen191
)
("C:\Program Files\MiKTeX 2.9\tex\generic\pgf\basiclayer\pgfcoreshade.code.tex"
File: pgfcoreshade.code.tex 2013/07/15  (rcs-revision 1.15)
\pgf@max=\dimen192
\pgf@sys@shading@range@num=\count148
) ("C:\Program Files\MiKTeX 2.9\tex\generic\pgf\basiclayer\pgfcoreimage.code.te
x"
File: pgfcoreimage.code.tex 2013/07/15  (rcs-revision 1.18)

("C:\Program Files\MiKTeX 2.9\tex\generic\pgf\basiclayer\pgfcoreexternal.code.t
ex"
File: pgfcoreexternal.code.tex 2013/07/15  (rcs-revision 1.20)
\pgfexternal@startupbox=\box49
))
("C:\Program Files\MiKTeX 2.9\tex\generic\pgf\basiclayer\pgfcorelayers.code.tex
"
File: pgfcorelayers.code.tex 2013/07/18  (rcs-revision 1.7)
)
("C:\Program Files\MiKTeX 2.9\tex\generic\pgf\basiclayer\pgfcoretransparency.co
de.tex"
File: pgfcoretransparency.code.tex 2013/09/30  (rcs-revision 1.5)
)
("C:\Program Files\MiKTeX 2.9\tex\generic\pgf\basiclayer\pgfcorepatterns.code.t
ex"
File: pgfcorepatterns.code.tex 2013/11/07  (rcs-revision 1.5)
)))
("C:\Program Files\MiKTeX 2.9\tex\generic\pgf\modules\pgfmoduleshapes.code.tex"
File: pgfmoduleshapes.code.tex 2013/10/31  (rcs-revision 1.34)
\pgfnodeparttextbox=\box50
) ("C:\Program Files\MiKTeX 2.9\tex\generic\pgf\modules\pgfmoduleplot.code.tex"
File: pgfmoduleplot.code.tex 2013/07/31  (rcs-revision 1.12)
)
("C:\Program Files\MiKTeX 2.9\tex\latex\pgf\compatibility\pgfcomp-version-0-65.
sty"
Package: pgfcomp-version-0-65 2007/07/03 v3.0.0 (rcs-revision 1.7)
\pgf@nodesepstart=\dimen193
\pgf@nodesepend=\dimen194
)
("C:\Program Files\MiKTeX 2.9\tex\latex\pgf\compatibility\pgfcomp-version-1-18.
sty"
Package: pgfcomp-version-1-18 2007/07/23 v3.0.0 (rcs-revision 1.1)
)) ("C:\Program Files\MiKTeX 2.9\tex\latex\tools\verbatim.sty"
Package: verbatim 2003/08/22 v1.5q LaTeX2e package for verbatim enhancements
\every@verbatim=\toks33
\verbatim@line=\toks34
\verbatim@in@stream=\read3
)
("C:\Program Files\MiKTeX 2.9\tex\latex\environ\environ.sty"
Package: environ 2014/05/04 v0.3 A new way to define environments

("C:\Program Files\MiKTeX 2.9\tex\latex\trimspaces\trimspaces.sty"
Package: trimspaces 2009/09/17 v1.1 Trim spaces around a token list
)
\@envbody=\toks35
)
("C:\Program Files\MiKTeX 2.9\tex\latex\etoolbox\etoolbox.sty"
Package: etoolbox 2011/01/03 v2.1 e-TeX tools for LaTeX
\etb@tempcnta=\count149
)
\tcb@titlebox=\box51
\tcb@upperbox=\box52
\tcb@lowerbox=\box53
\tcb@phantombox=\box54
\c@tcbbreakpart=\count150
\c@tcblayer=\count151
\tcb@temp=\box55
\tcb@temp=\box56
\tcb@temp=\box57
\tcb@temp=\box58
\tcb@out=\write4

("C:\Program Files\MiKTeX 2.9\tex\latex\tcolorbox\tcbskins.code.tex"
Library (tcolorbox): 'tcbskins.code.tex' version '3.12'
("C:\Program Files\MiKTeX 2.9\tex\latex\pgf\frontendlayer\tikz.sty"
("C:\Program Files\MiKTeX 2.9\tex\latex\pgf\utilities\pgffor.sty"
("C:\Program Files\MiKTeX 2.9\tex\latex\pgf\utilities\pgfkeys.sty"
("C:\Program Files\MiKTeX 2.9\tex\generic\pgf\utilities\pgfkeys.code.tex"))
("C:\Program Files\MiKTeX 2.9\tex\latex\pgf\math\pgfmath.sty"
("C:\Program Files\MiKTeX 2.9\tex\generic\pgf\math\pgfmath.code.tex"))
("C:\Program Files\MiKTeX 2.9\tex\generic\pgf\utilities\pgffor.code.tex"
Package: pgffor 2013/12/13 v3.0.0 (rcs-revision 1.25)

("C:\Program Files\MiKTeX 2.9\tex\generic\pgf\math\pgfmath.code.tex")
\pgffor@iter=\dimen195
\pgffor@skip=\dimen196
\pgffor@stack=\toks36
\pgffor@toks=\toks37
))
("C:\Program Files\MiKTeX 2.9\tex\generic\pgf\frontendlayer\tikz\tikz.code.tex"
Package: tikz 2013/12/13 v3.0.0 (rcs-revision 1.142)

("C:\Program Files\MiKTeX 2.9\tex\generic\pgf\libraries\pgflibraryplothandlers.
code.tex"
File: pgflibraryplothandlers.code.tex 2013/08/31 v3.0.0 (rcs-revision 1.20)
\pgf@plot@mark@count=\count152
\pgfplotmarksize=\dimen197
)
\tikz@lastx=\dimen198
\tikz@lasty=\dimen199
\tikz@lastxsaved=\dimen200
\tikz@lastysaved=\dimen201
Normal \dimen register pool exhausted, switching to extended pool.
\tikzleveldistance=\dimen256
\tikzsiblingdistance=\dimen257
\tikz@figbox=\box59
\tikz@figbox@bg=\box60
\tikz@tempbox=\box61
\tikz@tempbox@bg=\box62
\tikztreelevel=\count153
\tikznumberofchildren=\count154
\tikznumberofcurrentchild=\count155
\tikz@fig@count=\count156

("C:\Program Files\MiKTeX 2.9\tex\generic\pgf\modules\pgfmodulematrix.code.tex"
File: pgfmodulematrix.code.tex 2013/09/17  (rcs-revision 1.8)
\pgfmatrixcurrentrow=\count157
\pgfmatrixcurrentcolumn=\count158
\pgf@matrix@numberofcolumns=\count159
)
\tikz@expandcount=\count160

("C:\Program Files\MiKTeX 2.9\tex\generic\pgf\frontendlayer\tikz\libraries\tikz
librarytopaths.code.tex"
File: tikzlibrarytopaths.code.tex 2008/06/17 v3.0.0 (rcs-revision 1.2)
)))
\tcb@waterbox=\box63

("C:\Program Files\MiKTeX 2.9\tex\latex\tcolorbox\tcbskinsjigsaw.code.tex"
Library (tcolorbox): 'tcbskinsjigsaw.code.tex' version '3.12'
)) ("C:\Program Files\MiKTeX 2.9\tex\latex\tcolorbox\tcbbreakable.code.tex"
Library (tcolorbox): 'tcbbreakable.code.tex' version '3.12'
\tcb@testbox=\box64
\tcb@totalupperbox=\box65
\tcb@totallowerbox=\box66
) ("C:\Program Files\MiKTeX 2.9\tex\latex\tcolorbox\tcbhooks.code.tex"
Library (tcolorbox): 'tcbhooks.code.tex' version '3.12'
) ("C:\Program Files\MiKTeX 2.9\tex\latex\tcolorbox\tcbtheorems.code.tex"
Library (tcolorbox): 'tcbtheorems.code.tex' version '3.12'
("C:\Program Files\MiKTeX 2.9\tex\latex\amsmath\amsmath.sty"
Package: amsmath 2013/01/14 v2.14 AMS math features
\@mathmargin=\skip54

For additional information on amsmath, use the `?' option.
("C:\Program Files\MiKTeX 2.9\tex\latex\amsmath\amstext.sty"
Package: amstext 2000/06/29 v2.01

("C:\Program Files\MiKTeX 2.9\tex\latex\amsmath\amsgen.sty"
File: amsgen.sty 1999/11/30 v2.0
\@emptytoks=\toks38
\ex@=\dimen258
))
("C:\Program Files\MiKTeX 2.9\tex\latex\amsmath\amsbsy.sty"
Package: amsbsy 1999/11/29 v1.2d
\pmbraise@=\dimen259
)
("C:\Program Files\MiKTeX 2.9\tex\latex\amsmath\amsopn.sty"
Package: amsopn 1999/12/14 v2.01 operator names
)
\inf@bad=\count161
LaTeX Info: Redefining \frac on input line 210.
\uproot@=\count162
\leftroot@=\count163
LaTeX Info: Redefining \overline on input line 306.
\classnum@=\count164
\DOTSCASE@=\count165
LaTeX Info: Redefining \ldots on input line 378.
LaTeX Info: Redefining \dots on input line 381.
LaTeX Info: Redefining \cdots on input line 466.
\Mathstrutbox@=\box67
\strutbox@=\box68
\big@size=\dimen260
LaTeX Font Info:    Redeclaring font encoding OML on input line 566.
LaTeX Font Info:    Redeclaring font encoding OMS on input line 567.
\macc@depth=\count166
\c@MaxMatrixCols=\count167
\dotsspace@=\muskip17
\c@parentequation=\count168
\dspbrk@lvl=\count169
\tag@help=\toks39
\row@=\count170
\column@=\count171
\maxfields@=\count172
\andhelp@=\toks40
\eqnshift@=\dimen261
\alignsep@=\dimen262
\tagshift@=\dimen263
\tagwidth@=\dimen264
\totwidth@=\dimen265
\lineht@=\dimen266
\@envbody=\toks41
\multlinegap=\skip55
\multlinetaggap=\skip56
\mathdisplay@stack=\toks42
LaTeX Info: Redefining \[ on input line 2665.
LaTeX Info: Redefining \] on input line 2666.
))
("C:\Program Files\MiKTeX 2.9\tex\latex\tcolorbox\tcbfitting.code.tex"
Library (tcolorbox): 'tcbfitting.code.tex' version '3.12'
\tcbfitdim=\dimen267
\tcb@lowerfitdim=\dimen268
\tcb@upperfitdim=\dimen269
\tcb@cur@hbadness=\count173
) ("C:\Program Files\MiKTeX 2.9\tex\latex\tcolorbox\tcbxparse.code.tex"
Library (tcolorbox): 'tcbxparse.code.tex' version '3.12'
.................................................
. LaTeX info: "xparse/define-command"
. 
. Defining command \tcboxverb with sig. ' O{} v ' on line 128.
.................................................
) ("C:\Program Files\MiKTeX 2.9\tex\latex\tcolorbox\tcblistingsutf8.code.tex"
Library (tcolorbox): 'tcblistingsutf8.code.tex' version '3.12'
("C:\Program Files\MiKTeX 2.9\tex\latex\oberdiek\listingsutf8.sty"
Package: listingsutf8 2011/11/10 v1.2 Allow UTF-8 in listings input (HO)

("C:\Program Files\MiKTeX 2.9\tex\latex\listings\listings.sty"
\lst@mode=\count174
\lst@gtempboxa=\box69
\lst@token=\toks43
\lst@length=\count175
\lst@currlwidth=\dimen270
\lst@column=\count176
\lst@pos=\count177
\lst@lostspace=\dimen271
\lst@width=\dimen272
\lst@newlines=\count178
\lst@lineno=\count179
\lst@maxwidth=\dimen273

("C:\Program Files\MiKTeX 2.9\tex\latex\listings\lstmisc.sty"
File: lstmisc.sty 2014/09/06 1.5e (Carsten Heinz)
\c@lstnumber=\count180
\lst@skipnumbers=\count181
\lst@framebox=\box70
)
("C:\Program Files\MiKTeX 2.9\tex\latex\listings\listings.cfg"
File: listings.cfg 2014/09/06 1.5e listings configuration
))
Package: listings 2014/09/06 1.5e (Carsten Heinz)


Package listingsutf8 Warning: Package loading is aborted because of missing \pd
f@unescapehex.
(listingsutf8)                It is provided by pdfTeX >= 1.30.

) ("C:\Program Files\MiKTeX 2.9\tex\latex\tcolorbox\tcblistings.code.tex"
Library (tcolorbox): 'tcblistings.code.tex' version '3.12'
("C:\Program Files\MiKTeX 2.9\tex\latex\tcolorbox\tcblistingscore.code.tex"
Library (tcolorbox): 'tcblistingscore.code.tex' version '3.12'
)))) ("C:\Program Files\MiKTeX 2.9\tex\latex\upquote\upquote.sty"
Package: upquote 2012/04/19 v1.3 upright-quote and grave-accent glyphs in verba
tim

("C:\Program Files\MiKTeX 2.9\tex\latex\base\textcomp.sty"
Package: textcomp 2005/09/27 v1.99g Standard LaTeX package
Package textcomp Info: Sub-encoding information:
(textcomp)               5 = only ISO-Adobe without \textcurrency
(textcomp)               4 = 5 + \texteuro
(textcomp)               3 = 4 + \textohm
(textcomp)               2 = 3 + \textestimated + \textcurrency
(textcomp)               1 = TS1 - \textcircled - \t
(textcomp)               0 = TS1 (full)
(textcomp)             Font families with sub-encoding setting implement
(textcomp)             only a restricted character set as indicated.
(textcomp)             Family '?' is the default used for unknown fonts.
(textcomp)             See the documentation for details.
Package textcomp Info: Setting ? sub-encoding to TS1/1 on input line 71.

("C:\Program Files\MiKTeX 2.9\tex\latex\base\ts1enc.def"
File: ts1enc.def 2001/06/05 v3.0e (jk/car/fm) Standard LaTeX file
)
LaTeX Info: Redefining \oldstylenums on input line 266.
Package textcomp Info: Setting cmr sub-encoding to TS1/0 on input line 281.
Package textcomp Info: Setting cmss sub-encoding to TS1/0 on input line 282.
Package textcomp Info: Setting cmtt sub-encoding to TS1/0 on input line 283.
Package textcomp Info: Setting cmvtt sub-encoding to TS1/0 on input line 284.
Package textcomp Info: Setting cmbr sub-encoding to TS1/0 on input line 285.
Package textcomp Info: Setting cmtl sub-encoding to TS1/0 on input line 286.
Package textcomp Info: Setting ccr sub-encoding to TS1/0 on input line 287.
Package textcomp Info: Setting ptm sub-encoding to TS1/4 on input line 288.
Package textcomp Info: Setting pcr sub-encoding to TS1/4 on input line 289.
Package textcomp Info: Setting phv sub-encoding to TS1/4 on input line 290.
Package textcomp Info: Setting ppl sub-encoding to TS1/3 on input line 291.
Package textcomp Info: Setting pag sub-encoding to TS1/4 on input line 292.
Package textcomp Info: Setting pbk sub-encoding to TS1/4 on input line 293.
Package textcomp Info: Setting pnc sub-encoding to TS1/4 on input line 294.
Package textcomp Info: Setting pzc sub-encoding to TS1/4 on input line 295.
Package textcomp Info: Setting bch sub-encoding to TS1/4 on input line 296.
Package textcomp Info: Setting put sub-encoding to TS1/5 on input line 297.
Package textcomp Info: Setting uag sub-encoding to TS1/5 on input line 298.
Package textcomp Info: Setting ugq sub-encoding to TS1/5 on input line 299.
Package textcomp Info: Setting ul8 sub-encoding to TS1/4 on input line 300.
Package textcomp Info: Setting ul9 sub-encoding to TS1/4 on input line 301.
Package textcomp Info: Setting augie sub-encoding to TS1/5 on input line 302.
Package textcomp Info: Setting dayrom sub-encoding to TS1/3 on input line 303.
Package textcomp Info: Setting dayroms sub-encoding to TS1/3 on input line 304.

Package textcomp Info: Setting pxr sub-encoding to TS1/0 on input line 305.
Package textcomp Info: Setting pxss sub-encoding to TS1/0 on input line 306.
Package textcomp Info: Setting pxtt sub-encoding to TS1/0 on input line 307.
Package textcomp Info: Setting txr sub-encoding to TS1/0 on input line 308.
Package textcomp Info: Setting txss sub-encoding to TS1/0 on input line 309.
Package textcomp Info: Setting txtt sub-encoding to TS1/0 on input line 310.
Package textcomp Info: Setting lmr sub-encoding to TS1/0 on input line 311.
Package textcomp Info: Setting lmdh sub-encoding to TS1/0 on input line 312.
Package textcomp Info: Setting lmss sub-encoding to TS1/0 on input line 313.
Package textcomp Info: Setting lmssq sub-encoding to TS1/0 on input line 314.
Package textcomp Info: Setting lmvtt sub-encoding to TS1/0 on input line 315.
Package textcomp Info: Setting qhv sub-encoding to TS1/0 on input line 316.
Package textcomp Info: Setting qag sub-encoding to TS1/0 on input line 317.
Package textcomp Info: Setting qbk sub-encoding to TS1/0 on input line 318.
Package textcomp Info: Setting qcr sub-encoding to TS1/0 on input line 319.
Package textcomp Info: Setting qcs sub-encoding to TS1/0 on input line 320.
Package textcomp Info: Setting qpl sub-encoding to TS1/0 on input line 321.
Package textcomp Info: Setting qtm sub-encoding to TS1/0 on input line 322.
Package textcomp Info: Setting qzc sub-encoding to TS1/0 on input line 323.
Package textcomp Info: Setting qhvc sub-encoding to TS1/0 on input line 324.
Package textcomp Info: Setting futs sub-encoding to TS1/4 on input line 325.
Package textcomp Info: Setting futx sub-encoding to TS1/4 on input line 326.
Package textcomp Info: Setting futj sub-encoding to TS1/4 on input line 327.
Package textcomp Info: Setting hlh sub-encoding to TS1/3 on input line 328.
Package textcomp Info: Setting hls sub-encoding to TS1/3 on input line 329.
Package textcomp Info: Setting hlst sub-encoding to TS1/3 on input line 330.
Package textcomp Info: Setting hlct sub-encoding to TS1/5 on input line 331.
Package textcomp Info: Setting hlx sub-encoding to TS1/5 on input line 332.
Package textcomp Info: Setting hlce sub-encoding to TS1/5 on input line 333.
Package textcomp Info: Setting hlcn sub-encoding to TS1/5 on input line 334.
Package textcomp Info: Setting hlcw sub-encoding to TS1/5 on input line 335.
Package textcomp Info: Setting hlcf sub-encoding to TS1/5 on input line 336.
Package textcomp Info: Setting pplx sub-encoding to TS1/3 on input line 337.
Package textcomp Info: Setting pplj sub-encoding to TS1/3 on input line 338.
Package textcomp Info: Setting ptmx sub-encoding to TS1/4 on input line 339.
Package textcomp Info: Setting ptmj sub-encoding to TS1/4 on input line 340.
))
(C:\Users\Florian\Documents\UvA\knitr\calendar1\calendarMaster.aux)
LaTeX Font Info:    Checking defaults for OML/cmm/m/it on input line 114.
LaTeX Font Info:    ... okay on input line 114.
LaTeX Font Info:    Checking defaults for T1/cmr/m/n on input line 114.
LaTeX Font Info:    ... okay on input line 114.
LaTeX Font Info:    Checking defaults for OT1/cmr/m/n on input line 114.
LaTeX Font Info:    ... okay on input line 114.
LaTeX Font Info:    Checking defaults for OMS/cmsy/m/n on input line 114.
LaTeX Font Info:    ... okay on input line 114.
LaTeX Font Info:    Checking defaults for OMX/cmex/m/n on input line 114.
LaTeX Font Info:    ... okay on input line 114.
LaTeX Font Info:    Checking defaults for U/cmr/m/n on input line 114.
LaTeX Font Info:    ... okay on input line 114.
LaTeX Font Info:    Checking defaults for EU1/lmr/m/n on input line 114.
LaTeX Font Info:    ... okay on input line 114.
LaTeX Font Info:    Checking defaults for T3/cmr/m/n on input line 114.
LaTeX Font Info:    Try loading font information for T3+cmr on input line 114.

("C:\Program Files\MiKTeX 2.9\tex\latex\tipa\t3cmr.fd"
File: t3cmr.fd 2001/12/31 TIPA font definitions
)
LaTeX Font Info:    ... okay on input line 114.
LaTeX Font Info:    Checking defaults for PD1/pdf/m/n on input line 114.
LaTeX Font Info:    ... okay on input line 114.
LaTeX Font Info:    Checking defaults for PU/pdf/m/n on input line 114.
LaTeX Font Info:    ... okay on input line 114.
LaTeX Font Info:    Checking defaults for TS1/cmr/m/n on input line 114.
LaTeX Font Info:    Try loading font information for TS1+cmr on input line 114.


("C:\Program Files\MiKTeX 2.9\tex\latex\base\ts1cmr.fd"
File: ts1cmr.fd 1999/05/25 v2.5h Standard LaTeX font definitions
)
LaTeX Font Info:    ... okay on input line 114.

*geometry* detected driver: pdftex
*geometry* verbose mode - [ preamble ] result:
* driver: pdftex
* paper: a4paper
* layout: <same size as paper>
* layoutoffset:(h,v)=(0.0pt,0.0pt)
* modes: twoside showframe 
* h-part:(L,W,R)=(71.13188pt, 469.47049pt, 56.9055pt)
* v-part:(T,H,B)=(56.9055pt, 731.23584pt, 56.9055pt)
* \paperwidth=597.50787pt
* \paperheight=845.04684pt
* \textwidth=469.47049pt
* \textheight=731.23584pt
* \oddsidemargin=-1.1381pt
* \evensidemargin=-15.36449pt
* \topmargin=-47.23828pt
* \headheight=12.0pt
* \headsep=19.8738pt
* \topskip=11.0pt
* \footskip=27.46295pt
* \marginparwidth=106.0pt
* \marginparsep=7.0pt
* \columnsep=10.0pt
* \skip\footins=10.0pt plus 4.0pt minus 2.0pt
* \hoffset=0.0pt
* \voffset=0.0pt
* \mag=1000
* \@twocolumnfalse
* \@twosidetrue
* \@mparswitchtrue
* \@reversemarginfalse
* (1in=72.27pt=25.4mm, 1cm=28.453pt)

\AtBeginShipoutBox=\box71
Package hyperref Info: Link coloring OFF on input line 114.
("C:\Program Files\MiKTeX 2.9\tex\latex\hyperref\nameref.sty"
Package: nameref 2012/10/27 v2.43 Cross-referencing by name of section

("C:\Program Files\MiKTeX 2.9\tex\generic\oberdiek\gettitlestring.sty"
Package: gettitlestring 2010/12/03 v1.4 Cleanup title references (HO)
)
\c@section@level=\count182
)
LaTeX Info: Redefining \ref on input line 114.
LaTeX Info: Redefining \pageref on input line 114.
LaTeX Info: Redefining \nameref on input line 114.

(C:\Users\Florian\Documents\UvA\knitr\calendar1\calendarMaster.out)
(C:\Users\Florian\Documents\UvA\knitr\calendar1\calendarMaster.out)
\@outlinefile=\write5

ABD: EveryShipout initializing macros
\c@lstlisting=\count183

("C:\Program Files\MiKTeX 2.9\tex\latex\base\inputenc.sty"
Package: inputenc 2014/04/30 v1.2b Input encoding file
\inpenc@prehook=\toks44
\inpenc@posthook=\toks45
)
Requested font "[lmroman17-regular]:mapping=tex-text" at 17.28pt
 -> C:/Program Files/MiKTeX 2.9/fonts/opentype/public/lm/lmroman17-regular.otf
LaTeX Font Info:    Try loading font information for EU1+lmtt on input line 128
.

("C:\Program Files\MiKTeX 2.9\tex\latex\euenc\eu1lmtt.fd"
File: eu1lmtt.fd 2009/10/30 v1.6 Font defs for Latin Modern
)
Requested font "[lmmono12-regular]" at 17.28pt
 -> C:/Program Files/MiKTeX 2.9/fonts/opentype/public/lm/lmmono12-regular.otf
LaTeX Font Info:    Try loading font information for OT1+lmr on input line 128.


("C:\Program Files\MiKTeX 2.9\tex\latex\lm\ot1lmr.fd"
File: ot1lmr.fd 2009/10/30 v1.6 Font defs for Latin Modern
)
Requested font "rm-lmr17" at 17.28pt
Requested font "rm-lmr12" at 12.0pt
Requested font "rm-lmr10" at 10.0pt
LaTeX Font Info:    Try loading font information for OML+lmm on input line 128.


("C:\Program Files\MiKTeX 2.9\tex\latex\lm\omllmm.fd"
File: omllmm.fd 2009/10/30 v1.6 Font defs for Latin Modern
)
Requested font "lmmi12" at 17.28pt
Requested font "lmmi12" at 12.0pt
Requested font "lmmi10" at 10.0pt
LaTeX Font Info:    Try loading font information for OMS+lmsy on input line 128
.

("C:\Program Files\MiKTeX 2.9\tex\latex\lm\omslmsy.fd"
File: omslmsy.fd 2009/10/30 v1.6 Font defs for Latin Modern
)
Requested font "lmsy10" at 17.28pt
Requested font "lmsy10" at 12.0pt
Requested font "lmsy10" at 10.0pt
LaTeX Font Info:    Try loading font information for OMX+lmex on input line 128
.

("C:\Program Files\MiKTeX 2.9\tex\latex\lm\omxlmex.fd"
File: omxlmex.fd 2009/10/30 v1.6 Font defs for Latin Modern
)
LaTeX Font Info:    External font `lmex10' loaded for size
(Font)              <17.28> on input line 128.
Requested font "lmex10" scaled 1000
LaTeX Font Info:    External font `lmex10' loaded for size
(Font)              <12> on input line 128.
LaTeX Font Info:    External font `lmex10' loaded for size
(Font)              <10> on input line 128.
Requested font "[lmroman12-regular]:mapping=tex-text" at 12.0pt
 -> C:/Program Files/MiKTeX 2.9/fonts/opentype/public/lm/lmroman12-regular.otf
Requested font "rm-lmr8" at 8.0pt
Requested font "rm-lmr6" at 6.0pt
Requested font "lmmi8" at 8.0pt
Requested font "lmmi6" at 6.0pt
Requested font "lmsy8" at 8.0pt
Requested font "lmsy6" at 6.0pt
LaTeX Font Info:    External font `lmex10' loaded for size
(Font)              <8> on input line 128.
LaTeX Font Info:    External font `lmex10' loaded for size
(Font)              <6> on input line 128.
Requested font "FontAwesome/OT:" at 12.0pt
 -> C:/Program Files (x86)/MiKTeX 2.9/fonts/truetype/public/fontawesome/fontawe
some-webfont.ttf

Overfull \hbox (12.0pt too wide) in paragraph at lines 128--128
 [][] 
 []

("C:\Program Files\MiKTeX 2.9\tex\generic\oberdiek\se-ascii-print.def"
File: se-ascii-print.def 2011/12/02 v1.10 stringenc: Printable ASCII characters

)
[1



]
Requested font "[lmroman6-regular]:mapping=tex-text" at 6.0pt
 -> C:/Program Files/MiKTeX 2.9/fonts/opentype/public/lm/lmroman6-regular.otf
Requested font "rm-lmr5" at 5.0pt
Requested font "lmmi5" at 5.0pt
Requested font "lmsy5" at 5.0pt
LaTeX Font Info:    External font `lmex10' loaded for size
(Font)              <5> on input line 156.

Overfull \hbox (1.45706pt too wide) in paragraph at lines 229--234
[][] [] 
 []

[2

]
Overfull \hbox (1.45706pt too wide) in paragraph at lines 323--328
[][] [] 
 []

[3]
Overfull \hbox (1.45706pt too wide) in paragraph at lines 417--422
[][] [] 
 []

[4]
Requested font "[lmroman5-regular]:mapping=tex-text" at 5.0pt
 -> C:/Program Files/MiKTeX 2.9/fonts/opentype/public/lm/lmroman5-regular.otf

Underfull \hbox (badness 10000) in paragraph at lines 438--455

 []

Requested font "rm-lmr10" at 10.95pt
Requested font "lmmi10" at 10.95pt
Requested font "lmsy10" at 10.95pt
LaTeX Font Info:    External font `lmex10' loaded for size
(Font)              <10.95> on input line 456.

Underfull \hbox (badness 10000) in paragraph at lines 459--476

 []


Underfull \hbox (badness 10000) in paragraph at lines 480--497

 []

[5

]
Underfull \hbox (badness 10000) in paragraph at lines 505--522

 []


Underfull \hbox (badness 10000) in paragraph at lines 526--543

 []

[6

]
Underfull \hbox (badness 10000) in paragraph at lines 567--584

 []


Underfull \hbox (badness 10000) in paragraph at lines 588--605

 []


Underfull \hbox (badness 10000) in paragraph at lines 609--626

 []

[7

]
Underfull \hbox (badness 10000) in paragraph at lines 634--651

 []


Underfull \hbox (badness 10000) in paragraph at lines 655--672

 []

[8

]
Underfull \hbox (badness 10000) in paragraph at lines 696--713

 []


Underfull \hbox (badness 10000) in paragraph at lines 717--734

 []


Underfull \hbox (badness 10000) in paragraph at lines 738--755

 []

[9

]
Underfull \hbox (badness 10000) in paragraph at lines 763--780

 []


Underfull \hbox (badness 10000) in paragraph at lines 784--801

 []

[10

]
Underfull \hbox (badness 10000) in paragraph at lines 825--842

 []


Underfull \hbox (badness 10000) in paragraph at lines 846--863

 []


Underfull \hbox (badness 10000) in paragraph at lines 867--884

 []

[11

]
Underfull \hbox (badness 10000) in paragraph at lines 892--909

 []


Underfull \hbox (badness 10000) in paragraph at lines 913--930

 []

[12

]
Underfull \hbox (badness 10000) in paragraph at lines 954--971

 []


Underfull \hbox (badness 10000) in paragraph at lines 975--992

 []


Underfull \hbox (badness 10000) in paragraph at lines 996--1013

 []

[13

]
Underfull \hbox (badness 10000) in paragraph at lines 1021--1038

 []


Underfull \hbox (badness 10000) in paragraph at lines 1042--1059

 []

[14

]
Underfull \hbox (badness 10000) in paragraph at lines 1083--1100

 []


Underfull \hbox (badness 10000) in paragraph at lines 1104--1121

 []


Underfull \hbox (badness 10000) in paragraph at lines 1125--1142

 []

[15

]
Underfull \hbox (badness 10000) in paragraph at lines 1150--1167

 []


Underfull \hbox (badness 10000) in paragraph at lines 1171--1188

 []

[16

]
Underfull \hbox (badness 10000) in paragraph at lines 1212--1229

 []


Underfull \hbox (badness 10000) in paragraph at lines 1233--1250

 []


Underfull \hbox (badness 10000) in paragraph at lines 1254--1271

 []

[17

]
Underfull \hbox (badness 10000) in paragraph at lines 1279--1296

 []


Underfull \hbox (badness 10000) in paragraph at lines 1300--1317

 []

[18

]
Underfull \hbox (badness 10000) in paragraph at lines 1341--1358

 []


Underfull \hbox (badness 10000) in paragraph at lines 1362--1379

 []


Underfull \hbox (badness 10000) in paragraph at lines 1383--1400

 []

[19

]
Underfull \hbox (badness 10000) in paragraph at lines 1408--1425

 []


Underfull \hbox (badness 10000) in paragraph at lines 1429--1446

 []

[20

]
Underfull \hbox (badness 10000) in paragraph at lines 1470--1487

 []


Underfull \hbox (badness 10000) in paragraph at lines 1491--1508

 []


Underfull \hbox (badness 10000) in paragraph at lines 1512--1529

 []

[21

]
Underfull \hbox (badness 10000) in paragraph at lines 1537--1554

 []


Underfull \hbox (badness 10000) in paragraph at lines 1558--1575

 []

[22

]
Underfull \hbox (badness 10000) in paragraph at lines 1599--1616

 []


Underfull \hbox (badness 10000) in paragraph at lines 1620--1637

 []


Underfull \hbox (badness 10000) in paragraph at lines 1641--1658

 []

[23

]
Underfull \hbox (badness 10000) in paragraph at lines 1666--1683

 []


Underfull \hbox (badness 10000) in paragraph at lines 1687--1704

 []

[24

]
Underfull \hbox (badness 10000) in paragraph at lines 1728--1745

 []


Underfull \hbox (badness 10000) in paragraph at lines 1749--1766

 []


Underfull \hbox (badness 10000) in paragraph at lines 1770--1787

 []

[25

]
Underfull \hbox (badness 10000) in paragraph at lines 1795--1812

 []


Underfull \hbox (badness 10000) in paragraph at lines 1816--1833

 []

[26

]
Underfull \hbox (badness 10000) in paragraph at lines 1857--1874

 []


Underfull \hbox (badness 10000) in paragraph at lines 1878--1895

 []


Underfull \hbox (badness 10000) in paragraph at lines 1899--1916

 []

[27

]
Underfull \hbox (badness 10000) in paragraph at lines 1924--1941

 []


Underfull \hbox (badness 10000) in paragraph at lines 1945--1962

 []

[28

]
Underfull \hbox (badness 10000) in paragraph at lines 1986--2003

 []


Underfull \hbox (badness 10000) in paragraph at lines 2007--2024

 []


Underfull \hbox (badness 10000) in paragraph at lines 2028--2045

 []

[29

]
Underfull \hbox (badness 10000) in paragraph at lines 2053--2070

 []


Underfull \hbox (badness 10000) in paragraph at lines 2074--2091

 []

[30

]
Underfull \hbox (badness 10000) in paragraph at lines 2115--2132

 []


Underfull \hbox (badness 10000) in paragraph at lines 2136--2153

 []


Underfull \hbox (badness 10000) in paragraph at lines 2157--2174

 []

[31

]
Underfull \hbox (badness 10000) in paragraph at lines 2182--2199

 []


Underfull \hbox (badness 10000) in paragraph at lines 2203--2220

 []

[32

]
Underfull \hbox (badness 10000) in paragraph at lines 2244--2261

 []


Underfull \hbox (badness 10000) in paragraph at lines 2265--2282

 []


Underfull \hbox (badness 10000) in paragraph at lines 2286--2303

 []

[33

]
Underfull \hbox (badness 10000) in paragraph at lines 2311--2328

 []


Underfull \hbox (badness 10000) in paragraph at lines 2332--2349

 []

[34

]
Underfull \hbox (badness 10000) in paragraph at lines 2373--2390

 []


Underfull \hbox (badness 10000) in paragraph at lines 2394--2411

 []


Underfull \hbox (badness 10000) in paragraph at lines 2415--2432

 []

[35

]
Underfull \hbox (badness 10000) in paragraph at lines 2440--2457

 []


Underfull \hbox (badness 10000) in paragraph at lines 2461--2478

 []

[36

]
Underfull \hbox (badness 10000) in paragraph at lines 2502--2519

 []


Underfull \hbox (badness 10000) in paragraph at lines 2523--2540

 []


Underfull \hbox (badness 10000) in paragraph at lines 2544--2561

 []

[37

]
Underfull \hbox (badness 10000) in paragraph at lines 2569--2586

 []


Underfull \hbox (badness 10000) in paragraph at lines 2590--2607

 []

[38

]
Underfull \hbox (badness 10000) in paragraph at lines 2631--2648

 []


Underfull \hbox (badness 10000) in paragraph at lines 2652--2669

 []


Underfull \hbox (badness 10000) in paragraph at lines 2673--2690

 []

[39

]
Underfull \hbox (badness 10000) in paragraph at lines 2698--2715

 []


Underfull \hbox (badness 10000) in paragraph at lines 2719--2736

 []

[40

]
Underfull \hbox (badness 10000) in paragraph at lines 2760--2777

 []


Underfull \hbox (badness 10000) in paragraph at lines 2781--2798

 []


Underfull \hbox (badness 10000) in paragraph at lines 2802--2819

 []

[41

]
Underfull \hbox (badness 10000) in paragraph at lines 2827--2844

 []


Underfull \hbox (badness 10000) in paragraph at lines 2848--2865

 []

[42

]
Underfull \hbox (badness 10000) in paragraph at lines 2889--2906

 []


Underfull \hbox (badness 10000) in paragraph at lines 2910--2927

 []


Underfull \hbox (badness 10000) in paragraph at lines 2931--2948

 []

[43

]
Underfull \hbox (badness 10000) in paragraph at lines 2956--2973

 []


Underfull \hbox (badness 10000) in paragraph at lines 2977--2994

 []

[44

]
Underfull \hbox (badness 10000) in paragraph at lines 3018--3035

 []


Underfull \hbox (badness 10000) in paragraph at lines 3039--3056

 []


Underfull \hbox (badness 10000) in paragraph at lines 3060--3077

 []

[45

]
Underfull \hbox (badness 10000) in paragraph at lines 3085--3102

 []


Underfull \hbox (badness 10000) in paragraph at lines 3106--3123

 []

[46

]
Underfull \hbox (badness 10000) in paragraph at lines 3147--3164

 []


Underfull \hbox (badness 10000) in paragraph at lines 3168--3185

 []


Underfull \hbox (badness 10000) in paragraph at lines 3189--3206

 []

[47

]
Underfull \hbox (badness 10000) in paragraph at lines 3214--3231

 []


Underfull \hbox (badness 10000) in paragraph at lines 3235--3252

 []

[48

]
Underfull \hbox (badness 10000) in paragraph at lines 3276--3293

 []


Underfull \hbox (badness 10000) in paragraph at lines 3297--3314

 []


Underfull \hbox (badness 10000) in paragraph at lines 3318--3335

 []

[49

]
Underfull \hbox (badness 10000) in paragraph at lines 3343--3360

 []


Underfull \hbox (badness 10000) in paragraph at lines 3364--3381

 []

[50

]
Underfull \hbox (badness 10000) in paragraph at lines 3405--3422

 []


Underfull \hbox (badness 10000) in paragraph at lines 3426--3443

 []


Underfull \hbox (badness 10000) in paragraph at lines 3447--3464

 []

[51

]
Underfull \hbox (badness 10000) in paragraph at lines 3472--3489

 []


Underfull \hbox (badness 10000) in paragraph at lines 3493--3510

 []

[52

]
Underfull \hbox (badness 10000) in paragraph at lines 3534--3551

 []


Underfull \hbox (badness 10000) in paragraph at lines 3555--3572

 []


Underfull \hbox (badness 10000) in paragraph at lines 3576--3593

 []

[53

]
Underfull \hbox (badness 10000) in paragraph at lines 3601--3618

 []


Underfull \hbox (badness 10000) in paragraph at lines 3622--3639

 []

[54

]
Underfull \hbox (badness 10000) in paragraph at lines 3663--3680

 []


Underfull \hbox (badness 10000) in paragraph at lines 3684--3701

 []


Underfull \hbox (badness 10000) in paragraph at lines 3705--3722

 []

[55

]
Underfull \hbox (badness 10000) in paragraph at lines 3730--3747

 []


Underfull \hbox (badness 10000) in paragraph at lines 3751--3768

 []

[56

]
Underfull \hbox (badness 10000) in paragraph at lines 3792--3809

 []


Underfull \hbox (badness 10000) in paragraph at lines 3813--3830

 []


Underfull \hbox (badness 10000) in paragraph at lines 3834--3851

 []

[57

]
Underfull \hbox (badness 10000) in paragraph at lines 3859--3876

 []


Underfull \hbox (badness 10000) in paragraph at lines 3880--3897

 []

[58

]
Underfull \hbox (badness 10000) in paragraph at lines 3921--3938

 []


Underfull \hbox (badness 10000) in paragraph at lines 3942--3959

 []


Underfull \hbox (badness 10000) in paragraph at lines 3963--3980

 []

[59

]
Underfull \hbox (badness 10000) in paragraph at lines 3988--4005

 []


Underfull \hbox (badness 10000) in paragraph at lines 4009--4026

 []

[60

]
Underfull \hbox (badness 10000) in paragraph at lines 4050--4067

 []


Underfull \hbox (badness 10000) in paragraph at lines 4071--4088

 []


Underfull \hbox (badness 10000) in paragraph at lines 4092--4109

 []

[61

]
Underfull \hbox (badness 10000) in paragraph at lines 4117--4134

 []


Underfull \hbox (badness 10000) in paragraph at lines 4138--4155

 []

[62

]
Underfull \hbox (badness 10000) in paragraph at lines 4179--4196

 []


Underfull \hbox (badness 10000) in paragraph at lines 4200--4217

 []


Underfull \hbox (badness 10000) in paragraph at lines 4221--4238

 []

[63

]
Underfull \hbox (badness 10000) in paragraph at lines 4246--4263

 []


Underfull \hbox (badness 10000) in paragraph at lines 4267--4284

 []

[64

]
Underfull \hbox (badness 10000) in paragraph at lines 4308--4325

 []


Underfull \hbox (badness 10000) in paragraph at lines 4329--4346

 []


Underfull \hbox (badness 10000) in paragraph at lines 4350--4367

 []

[65

]
Underfull \hbox (badness 10000) in paragraph at lines 4375--4392

 []


Underfull \hbox (badness 10000) in paragraph at lines 4396--4413

 []

[66

]
Underfull \hbox (badness 10000) in paragraph at lines 4437--4454

 []


Underfull \hbox (badness 10000) in paragraph at lines 4458--4475

 []


Underfull \hbox (badness 10000) in paragraph at lines 4479--4496

 []

[67

]
Underfull \hbox (badness 10000) in paragraph at lines 4504--4521

 []


Underfull \hbox (badness 10000) in paragraph at lines 4525--4542

 []

[68

]
Underfull \hbox (badness 10000) in paragraph at lines 4566--4583

 []


Underfull \hbox (badness 10000) in paragraph at lines 4587--4604

 []


Underfull \hbox (badness 10000) in paragraph at lines 4608--4625

 []

[69

]
Underfull \hbox (badness 10000) in paragraph at lines 4633--4650

 []


Underfull \hbox (badness 10000) in paragraph at lines 4654--4671

 []

[70

]
Underfull \hbox (badness 10000) in paragraph at lines 4695--4712

 []


Underfull \hbox (badness 10000) in paragraph at lines 4716--4733

 []


Underfull \hbox (badness 10000) in paragraph at lines 4737--4754

 []

[71

]
Underfull \hbox (badness 10000) in paragraph at lines 4762--4779

 []


Underfull \hbox (badness 10000) in paragraph at lines 4783--4800

 []

[72

]
Underfull \hbox (badness 10000) in paragraph at lines 4824--4841

 []


Underfull \hbox (badness 10000) in paragraph at lines 4845--4862

 []


Underfull \hbox (badness 10000) in paragraph at lines 4866--4883

 []

[73

]
Underfull \hbox (badness 10000) in paragraph at lines 4891--4908

 []


Underfull \hbox (badness 10000) in paragraph at lines 4912--4929

 []

[74

]
Underfull \hbox (badness 10000) in paragraph at lines 4953--4970

 []


Underfull \hbox (badness 10000) in paragraph at lines 4974--4991

 []


Underfull \hbox (badness 10000) in paragraph at lines 4995--5012

 []

[75

]
Underfull \hbox (badness 10000) in paragraph at lines 5020--5037

 []


Underfull \hbox (badness 10000) in paragraph at lines 5041--5058

 []

[76

]
Underfull \hbox (badness 10000) in paragraph at lines 5082--5099

 []


Underfull \hbox (badness 10000) in paragraph at lines 5103--5120

 []


Underfull \hbox (badness 10000) in paragraph at lines 5124--5141

 []

[77

]
Underfull \hbox (badness 10000) in paragraph at lines 5149--5166

 []


Underfull \hbox (badness 10000) in paragraph at lines 5170--5187

 []

[78

]
Underfull \hbox (badness 10000) in paragraph at lines 5211--5228

 []


Underfull \hbox (badness 10000) in paragraph at lines 5232--5249

 []


Underfull \hbox (badness 10000) in paragraph at lines 5253--5270

 []

[79

]
Underfull \hbox (badness 10000) in paragraph at lines 5278--5295

 []


Underfull \hbox (badness 10000) in paragraph at lines 5299--5316

 []

[80

]
Underfull \hbox (badness 10000) in paragraph at lines 5340--5357

 []


Underfull \hbox (badness 10000) in paragraph at lines 5361--5378

 []


Underfull \hbox (badness 10000) in paragraph at lines 5382--5399

 []

[81

]
Underfull \hbox (badness 10000) in paragraph at lines 5407--5424

 []


Underfull \hbox (badness 10000) in paragraph at lines 5428--5445

 []

[82

]
Underfull \hbox (badness 10000) in paragraph at lines 5469--5486

 []


Underfull \hbox (badness 10000) in paragraph at lines 5490--5507

 []


Underfull \hbox (badness 10000) in paragraph at lines 5511--5528

 []

[83

]
Underfull \hbox (badness 10000) in paragraph at lines 5536--5553

 []


Underfull \hbox (badness 10000) in paragraph at lines 5557--5574

 []

[84

]
Underfull \hbox (badness 10000) in paragraph at lines 5598--5615

 []


Underfull \hbox (badness 10000) in paragraph at lines 5619--5636

 []


Underfull \hbox (badness 10000) in paragraph at lines 5640--5657

 []

[85

]
Underfull \hbox (badness 10000) in paragraph at lines 5665--5682

 []


Underfull \hbox (badness 10000) in paragraph at lines 5686--5703

 []

[86

]
Underfull \hbox (badness 10000) in paragraph at lines 5727--5744

 []


Underfull \hbox (badness 10000) in paragraph at lines 5748--5765

 []


Underfull \hbox (badness 10000) in paragraph at lines 5769--5786

 []

[87

]
Underfull \hbox (badness 10000) in paragraph at lines 5794--5811

 []


Underfull \hbox (badness 10000) in paragraph at lines 5815--5832

 []

[88

]
Underfull \hbox (badness 10000) in paragraph at lines 5856--5873

 []


Underfull \hbox (badness 10000) in paragraph at lines 5877--5894

 []


Underfull \hbox (badness 10000) in paragraph at lines 5898--5915

 []

[89

]
Underfull \hbox (badness 10000) in paragraph at lines 5923--5940

 []


Underfull \hbox (badness 10000) in paragraph at lines 5944--5961

 []

[90

]
Underfull \hbox (badness 10000) in paragraph at lines 5985--6002

 []


Underfull \hbox (badness 10000) in paragraph at lines 6006--6023

 []


Underfull \hbox (badness 10000) in paragraph at lines 6027--6044

 []

[91

]
Underfull \hbox (badness 10000) in paragraph at lines 6052--6069

 []


Underfull \hbox (badness 10000) in paragraph at lines 6073--6090

 []

[92

]
Underfull \hbox (badness 10000) in paragraph at lines 6114--6131

 []


Underfull \hbox (badness 10000) in paragraph at lines 6135--6152

 []


Underfull \hbox (badness 10000) in paragraph at lines 6156--6173

 []

[93

]
Underfull \hbox (badness 10000) in paragraph at lines 6181--6198

 []


Underfull \hbox (badness 10000) in paragraph at lines 6202--6219

 []

[94

]
Underfull \hbox (badness 10000) in paragraph at lines 6243--6260

 []


Underfull \hbox (badness 10000) in paragraph at lines 6264--6281

 []


Underfull \hbox (badness 10000) in paragraph at lines 6285--6302

 []

[95

]
Underfull \hbox (badness 10000) in paragraph at lines 6310--6327

 []


Underfull \hbox (badness 10000) in paragraph at lines 6331--6348

 []

[96

]
Underfull \hbox (badness 10000) in paragraph at lines 6372--6389

 []


Underfull \hbox (badness 10000) in paragraph at lines 6393--6410

 []


Underfull \hbox (badness 10000) in paragraph at lines 6414--6431

 []

[97

]
Underfull \hbox (badness 10000) in paragraph at lines 6439--6456

 []


Underfull \hbox (badness 10000) in paragraph at lines 6460--6477

 []

[98

]
Underfull \hbox (badness 10000) in paragraph at lines 6501--6518

 []


Underfull \hbox (badness 10000) in paragraph at lines 6522--6539

 []


Underfull \hbox (badness 10000) in paragraph at lines 6543--6560

 []

[99

]
Underfull \hbox (badness 10000) in paragraph at lines 6568--6585

 []


Underfull \hbox (badness 10000) in paragraph at lines 6589--6606

 []

[100

]
Underfull \hbox (badness 10000) in paragraph at lines 6630--6647

 []


Underfull \hbox (badness 10000) in paragraph at lines 6651--6668

 []


Underfull \hbox (badness 10000) in paragraph at lines 6672--6689

 []

[101

]
Underfull \hbox (badness 10000) in paragraph at lines 6697--6714

 []


Underfull \hbox (badness 10000) in paragraph at lines 6718--6735

 []

[102

]
Underfull \hbox (badness 10000) in paragraph at lines 6759--6776

 []


Underfull \hbox (badness 10000) in paragraph at lines 6780--6797

 []


Underfull \hbox (badness 10000) in paragraph at lines 6801--6818

 []

[103

]
Underfull \hbox (badness 10000) in paragraph at lines 6826--6843

 []


Underfull \hbox (badness 10000) in paragraph at lines 6847--6864

 []

[104

]
Underfull \hbox (badness 10000) in paragraph at lines 6888--6905

 []


Underfull \hbox (badness 10000) in paragraph at lines 6909--6926

 []


Underfull \hbox (badness 10000) in paragraph at lines 6930--6947

 []

[105

]
Underfull \hbox (badness 10000) in paragraph at lines 6955--6972

 []


Underfull \hbox (badness 10000) in paragraph at lines 6976--6993

 []

[106

]
Underfull \hbox (badness 10000) in paragraph at lines 7017--7034

 []


Underfull \hbox (badness 10000) in paragraph at lines 7038--7055

 []


Underfull \hbox (badness 10000) in paragraph at lines 7059--7076

 []

[107

]
Underfull \hbox (badness 10000) in paragraph at lines 7084--7101

 []


Underfull \hbox (badness 10000) in paragraph at lines 7105--7122

 []

[108

]
Underfull \hbox (badness 10000) in paragraph at lines 7146--7163

 []


Underfull \hbox (badness 10000) in paragraph at lines 7167--7184

 []


Underfull \hbox (badness 10000) in paragraph at lines 7188--7205

 []

[109

]
Underfull \hbox (badness 10000) in paragraph at lines 7213--7230

 []


Underfull \hbox (badness 10000) in paragraph at lines 7234--7251

 []

[110

]
Underfull \hbox (badness 10000) in paragraph at lines 7275--7292

 []


Underfull \hbox (badness 10000) in paragraph at lines 7296--7313

 []


Underfull \hbox (badness 10000) in paragraph at lines 7317--7334

 []

[111

]
Underfull \hbox (badness 10000) in paragraph at lines 7342--7359

 []


Underfull \hbox (badness 10000) in paragraph at lines 7363--7380

 []

[112

]
Underfull \hbox (badness 10000) in paragraph at lines 7404--7421

 []


Underfull \hbox (badness 10000) in paragraph at lines 7425--7442

 []


Underfull \hbox (badness 10000) in paragraph at lines 7446--7463

 []

[113

]
Underfull \hbox (badness 10000) in paragraph at lines 7471--7488

 []


Underfull \hbox (badness 10000) in paragraph at lines 7492--7509

 []

[114

]
Underfull \hbox (badness 10000) in paragraph at lines 7533--7550

 []


Underfull \hbox (badness 10000) in paragraph at lines 7554--7571

 []


Underfull \hbox (badness 10000) in paragraph at lines 7575--7592

 []

[115

]
Underfull \hbox (badness 10000) in paragraph at lines 7600--7617

 []


Underfull \hbox (badness 10000) in paragraph at lines 7621--7638

 []

[116

]
Underfull \hbox (badness 10000) in paragraph at lines 7662--7679

 []


Underfull \hbox (badness 10000) in paragraph at lines 7683--7700

 []


Underfull \hbox (badness 10000) in paragraph at lines 7704--7721

 []

[117

]
Underfull \hbox (badness 10000) in paragraph at lines 7729--7746

 []


Underfull \hbox (badness 10000) in paragraph at lines 7750--7767

 []

[118

]
Underfull \hbox (badness 10000) in paragraph at lines 7791--7808

 []


Underfull \hbox (badness 10000) in paragraph at lines 7812--7829

 []


Underfull \hbox (badness 10000) in paragraph at lines 7833--7850

 []

[119

]
Underfull \hbox (badness 10000) in paragraph at lines 7858--7875

 []


Underfull \hbox (badness 10000) in paragraph at lines 7879--7896

 []

[120

]
Underfull \hbox (badness 10000) in paragraph at lines 7920--7937

 []


Underfull \hbox (badness 10000) in paragraph at lines 7941--7958

 []


Underfull \hbox (badness 10000) in paragraph at lines 7962--7979

 []

[121

]
Underfull \hbox (badness 10000) in paragraph at lines 7987--8004

 []


Underfull \hbox (badness 10000) in paragraph at lines 8008--8025

 []

[122

]
Underfull \hbox (badness 10000) in paragraph at lines 8049--8066

 []


Underfull \hbox (badness 10000) in paragraph at lines 8070--8087

 []


Underfull \hbox (badness 10000) in paragraph at lines 8091--8108

 []

[123

]
Underfull \hbox (badness 10000) in paragraph at lines 8116--8133

 []


Underfull \hbox (badness 10000) in paragraph at lines 8137--8154

 []

[124

]
Underfull \hbox (badness 10000) in paragraph at lines 8178--8195

 []


Underfull \hbox (badness 10000) in paragraph at lines 8199--8216

 []


Underfull \hbox (badness 10000) in paragraph at lines 8220--8237

 []

[125

]
Underfull \hbox (badness 10000) in paragraph at lines 8245--8262

 []


Underfull \hbox (badness 10000) in paragraph at lines 8266--8283

 []

[126

]
Underfull \hbox (badness 10000) in paragraph at lines 8307--8324

 []


Underfull \hbox (badness 10000) in paragraph at lines 8328--8345

 []


Underfull \hbox (badness 10000) in paragraph at lines 8349--8366

 []

[127

]
Underfull \hbox (badness 10000) in paragraph at lines 8374--8391

 []


Underfull \hbox (badness 10000) in paragraph at lines 8395--8412

 []

[128

]
Underfull \hbox (badness 10000) in paragraph at lines 8436--8453

 []


Underfull \hbox (badness 10000) in paragraph at lines 8457--8474

 []


Underfull \hbox (badness 10000) in paragraph at lines 8478--8495

 []

[129

]
Underfull \hbox (badness 10000) in paragraph at lines 8503--8520

 []


Underfull \hbox (badness 10000) in paragraph at lines 8524--8541

 []

[130

]
Underfull \hbox (badness 10000) in paragraph at lines 8565--8582

 []


Underfull \hbox (badness 10000) in paragraph at lines 8586--8603

 []


Underfull \hbox (badness 10000) in paragraph at lines 8607--8624

 []

[131

]
Underfull \hbox (badness 10000) in paragraph at lines 8632--8649

 []


Underfull \hbox (badness 10000) in paragraph at lines 8653--8670

 []

[132

]
Underfull \hbox (badness 10000) in paragraph at lines 8694--8711

 []


Underfull \hbox (badness 10000) in paragraph at lines 8715--8732

 []


Underfull \hbox (badness 10000) in paragraph at lines 8736--8753

 []

[133

]
Underfull \hbox (badness 10000) in paragraph at lines 8761--8778

 []


Underfull \hbox (badness 10000) in paragraph at lines 8782--8799

 []

[134

]
Underfull \hbox (badness 10000) in paragraph at lines 8823--8840

 []


Underfull \hbox (badness 10000) in paragraph at lines 8844--8861

 []


Underfull \hbox (badness 10000) in paragraph at lines 8865--8882

 []

[135

]
Underfull \hbox (badness 10000) in paragraph at lines 8890--8907

 []


Underfull \hbox (badness 10000) in paragraph at lines 8911--8928

 []

[136

]
Underfull \hbox (badness 10000) in paragraph at lines 8952--8969

 []


Underfull \hbox (badness 10000) in paragraph at lines 8973--8990

 []


Underfull \hbox (badness 10000) in paragraph at lines 8994--9011

 []

[137

]
Underfull \hbox (badness 10000) in paragraph at lines 9019--9036

 []


Underfull \hbox (badness 10000) in paragraph at lines 9040--9057

 []

[138

]
Underfull \hbox (badness 10000) in paragraph at lines 9081--9098

 []


Underfull \hbox (badness 10000) in paragraph at lines 9102--9119

 []


Underfull \hbox (badness 10000) in paragraph at lines 9123--9140

 []

[139

]
Underfull \hbox (badness 10000) in paragraph at lines 9148--9165

 []


Underfull \hbox (badness 10000) in paragraph at lines 9169--9186

 []

[140

]
Underfull \hbox (badness 10000) in paragraph at lines 9210--9227

 []


Underfull \hbox (badness 10000) in paragraph at lines 9231--9248

 []


Underfull \hbox (badness 10000) in paragraph at lines 9252--9269

 []

[141

]
Underfull \hbox (badness 10000) in paragraph at lines 9277--9294

 []


Underfull \hbox (badness 10000) in paragraph at lines 9298--9315

 []

[142

]
Underfull \hbox (badness 10000) in paragraph at lines 9339--9356

 []


Underfull \hbox (badness 10000) in paragraph at lines 9360--9377

 []


Underfull \hbox (badness 10000) in paragraph at lines 9381--9398

 []

[143

]
Underfull \hbox (badness 10000) in paragraph at lines 9406--9423

 []


Underfull \hbox (badness 10000) in paragraph at lines 9427--9444

 []

[144

]
Underfull \hbox (badness 10000) in paragraph at lines 9468--9485

 []


Underfull \hbox (badness 10000) in paragraph at lines 9489--9506

 []


Underfull \hbox (badness 10000) in paragraph at lines 9510--9527

 []

[145

]
Underfull \hbox (badness 10000) in paragraph at lines 9535--9552

 []


Underfull \hbox (badness 10000) in paragraph at lines 9556--9573

 []

[146

]
Underfull \hbox (badness 10000) in paragraph at lines 9597--9614

 []


Underfull \hbox (badness 10000) in paragraph at lines 9618--9635

 []


Underfull \hbox (badness 10000) in paragraph at lines 9639--9656

 []

[147

]
Underfull \hbox (badness 10000) in paragraph at lines 9664--9681

 []


Underfull \hbox (badness 10000) in paragraph at lines 9685--9702

 []

[148

]
Underfull \hbox (badness 10000) in paragraph at lines 9726--9743

 []


Underfull \hbox (badness 10000) in paragraph at lines 9747--9764

 []


Underfull \hbox (badness 10000) in paragraph at lines 9768--9785

 []

[149

]
Underfull \hbox (badness 10000) in paragraph at lines 9793--9810

 []


Underfull \hbox (badness 10000) in paragraph at lines 9814--9831

 []

[150

]
Underfull \hbox (badness 10000) in paragraph at lines 9855--9872

 []


Underfull \hbox (badness 10000) in paragraph at lines 9876--9893

 []


Underfull \hbox (badness 10000) in paragraph at lines 9897--9914

 []

[151

]
Underfull \hbox (badness 10000) in paragraph at lines 9922--9939

 []


Underfull \hbox (badness 10000) in paragraph at lines 9943--9960

 []

[152

]
Underfull \hbox (badness 10000) in paragraph at lines 9984--10001

 []


Underfull \hbox (badness 10000) in paragraph at lines 10005--10022

 []


Underfull \hbox (badness 10000) in paragraph at lines 10026--10043

 []

[153

]
Underfull \hbox (badness 10000) in paragraph at lines 10051--10068

 []


Underfull \hbox (badness 10000) in paragraph at lines 10072--10089

 []

[154

]
Underfull \hbox (badness 10000) in paragraph at lines 10113--10130

 []


Underfull \hbox (badness 10000) in paragraph at lines 10134--10151

 []


Underfull \hbox (badness 10000) in paragraph at lines 10155--10172

 []

[155

]
Underfull \hbox (badness 10000) in paragraph at lines 10180--10197

 []


Underfull \hbox (badness 10000) in paragraph at lines 10201--10218

 []

[156

]
Underfull \hbox (badness 10000) in paragraph at lines 10242--10259

 []


Underfull \hbox (badness 10000) in paragraph at lines 10263--10280

 []


Underfull \hbox (badness 10000) in paragraph at lines 10284--10301

 []

[157

]
Underfull \hbox (badness 10000) in paragraph at lines 10309--10326

 []


Underfull \hbox (badness 10000) in paragraph at lines 10330--10347

 []

[158

]
Underfull \hbox (badness 10000) in paragraph at lines 10371--10388

 []


Underfull \hbox (badness 10000) in paragraph at lines 10392--10409

 []


Underfull \hbox (badness 10000) in paragraph at lines 10413--10430

 []

[159

]
Underfull \hbox (badness 10000) in paragraph at lines 10438--10455

 []


Underfull \hbox (badness 10000) in paragraph at lines 10459--10476

 []

[160

]
Underfull \hbox (badness 10000) in paragraph at lines 10500--10517

 []


Underfull \hbox (badness 10000) in paragraph at lines 10521--10538

 []


Underfull \hbox (badness 10000) in paragraph at lines 10542--10559

 []

[161

]
Underfull \hbox (badness 10000) in paragraph at lines 10567--10584

 []


Underfull \hbox (badness 10000) in paragraph at lines 10588--10605

 []

[162

]
Package atveryend Info: Empty hook `BeforeClearDocument' on input line 10621.
Package atveryend Info: Empty hook `AfterLastShipout' on input line 10621.
 (C:\Users\Florian\Documents\UvA\knitr\calendar1\calendarMaster.aux)
Package atveryend Info: Empty hook `AtVeryEndDocument' on input line 10621.
Package atveryend Info: Empty hook `AtEndAfterFileList' on input line 10621.
Package atveryend Info: Empty hook `AtVeryVeryEnd' on input line 10621.
 )
(\end occurred inside a group at level 79)

### simple group (level 79) entered at line 10563 ({)
### simple group (level 78) entered at line 10434 ({)
### simple group (level 77) entered at line 10305 ({)
### simple group (level 76) entered at line 10176 ({)
### simple group (level 75) entered at line 10047 ({)
### simple group (level 74) entered at line 9918 ({)
### simple group (level 73) entered at line 9789 ({)
### simple group (level 72) entered at line 9660 ({)
### simple group (level 71) entered at line 9531 ({)
### simple group (level 70) entered at line 9402 ({)
### simple group (level 69) entered at line 9273 ({)
### simple group (level 68) entered at line 9144 ({)
### simple group (level 67) entered at line 9015 ({)
### simple group (level 66) entered at line 8886 ({)
### simple group (level 65) entered at line 8757 ({)
### simple group (level 64) entered at line 8628 ({)
### simple group (level 63) entered at line 8499 ({)
### simple group (level 62) entered at line 8370 ({)
### simple group (level 61) entered at line 8241 ({)
### simple group (level 60) entered at line 8112 ({)
### simple group (level 59) entered at line 7983 ({)
### simple group (level 58) entered at line 7854 ({)
### simple group (level 57) entered at line 7725 ({)
### simple group (level 56) entered at line 7596 ({)
### simple group (level 55) entered at line 7467 ({)
### simple group (level 54) entered at line 7338 ({)
### simple group (level 53) entered at line 7209 ({)
### simple group (level 52) entered at line 7080 ({)
### simple group (level 51) entered at line 6951 ({)
### simple group (level 50) entered at line 6822 ({)
### simple group (level 49) entered at line 6693 ({)
### simple group (level 48) entered at line 6564 ({)
### simple group (level 47) entered at line 6435 ({)
### simple group (level 46) entered at line 6306 ({)
### simple group (level 45) entered at line 6177 ({)
### simple group (level 44) entered at line 6048 ({)
### simple group (level 43) entered at line 5919 ({)
### simple group (level 42) entered at line 5790 ({)
### simple group (level 41) entered at line 5661 ({)
### simple group (level 40) entered at line 5532 ({)
### simple group (level 39) entered at line 5403 ({)
### simple group (level 38) entered at line 5274 ({)
### simple group (level 37) entered at line 5145 ({)
### simple group (level 36) entered at line 5016 ({)
### simple group (level 35) entered at line 4887 ({)
### simple group (level 34) entered at line 4758 ({)
### simple group (level 33) entered at line 4629 ({)
### simple group (level 32) entered at line 4500 ({)
### simple group (level 31) entered at line 4371 ({)
### simple group (level 30) entered at line 4242 ({)
### simple group (level 29) entered at line 4113 ({)
### simple group (level 28) entered at line 3984 ({)
### simple group (level 27) entered at line 3855 ({)
### simple group (level 26) entered at line 3726 ({)
### simple group (level 25) entered at line 3597 ({)
### simple group (level 24) entered at line 3468 ({)
### simple group (level 23) entered at line 3339 ({)
### simple group (level 22) entered at line 3210 ({)
### simple group (level 21) entered at line 3081 ({)
### simple group (level 20) entered at line 2952 ({)
### simple group (level 19) entered at line 2823 ({)
### simple group (level 18) entered at line 2694 ({)
### simple group (level 17) entered at line 2565 ({)
### simple group (level 16) entered at line 2436 ({)
### simple group (level 15) entered at line 2307 ({)
### simple group (level 14) entered at line 2178 ({)
### simple group (level 13) entered at line 2049 ({)
### simple group (level 12) entered at line 1920 ({)
### simple group (level 11) entered at line 1791 ({)
### simple group (level 10) entered at line 1662 ({)
### simple group (level 9) entered at line 1533 ({)
### simple group (level 8) entered at line 1404 ({)
### simple group (level 7) entered at line 1275 ({)
### simple group (level 6) entered at line 1146 ({)
### simple group (level 5) entered at line 1017 ({)
### simple group (level 4) entered at line 888 ({)
### simple group (level 3) entered at line 759 ({)
### simple group (level 2) entered at line 630 ({)
### simple group (level 1) entered at line 501 ({)
### bottom level 
Here is how much of TeX's memory you used:
 36609 strings out of 428791
 709627 string characters out of 3164829
 797410 words of memory out of 3000000
 39480 multiletter control sequences out of 15000+200000
 29852 words of font info for 52 fonts, out of 3000000 for 9000
 1096 hyphenation exceptions out of 8191
 63i,11n,101p,10408b,5208s stack positions out of 5000i,500n,10000p,200000b,50000s

Output written on calendarMaster.pdf (162 pages).
