This is XeTeX, Version 3.1415926-2.5-0.9999.3 (MiKTeX 2.9 64-bit) (preloaded format=xelatex 2014.9.23)  23 AUG 2016 08:17
entering extended mode
**calendarMaster.tex

("C:\Users\Florian\Dropbox\data science\calendar\calendar1\Update\calendarMaste
r.tex"
LaTeX2e <2014/05/01>
Babel <3.9k> and hyphenation patterns for 68 languages loaded.
("C:\Program Files\MiKTeX 2.9\tex\latex\base\book.cls"
Document Class: book 2007/10/19 v1.4h Standard LaTeX document class
("C:\Program Files\MiKTeX 2.9\tex\latex\base\bk11.clo"
File: bk11.clo 2007/10/19 v1.4h Standard LaTeX file (size option)
Requested font "cmr10" at 10.95pt
)
\c@part=\count80
\c@chapter=\count81
\c@section=\count82
\c@subsection=\count83
\c@subsubsection=\count84
\c@paragraph=\count85
\c@subparagraph=\count86
\c@figure=\count87
\c@table=\count88
\abovecaptionskip=\skip41
\belowcaptionskip=\skip42
\bibindent=\dimen102
)
("C:\Program Files\MiKTeX 2.9\tex\latex\graphics\graphicx.sty"
Package: graphicx 2014/04/25 v1.0g Enhanced LaTeX Graphics (DPC,SPQR)

("C:\Program Files\MiKTeX 2.9\tex\latex\graphics\keyval.sty"
Package: keyval 2014/05/08 v1.15 key=value parser (DPC)
\KV@toks@=\toks14
)
("C:\Program Files\MiKTeX 2.9\tex\latex\graphics\graphics.sty"
Package: graphics 2009/02/05 v1.0o Standard LaTeX Graphics (DPC,SPQR)

("C:\Program Files\MiKTeX 2.9\tex\latex\graphics\trig.sty"
Package: trig 1999/03/16 v1.09 sin cos tan (DPC)
)
("C:\Program Files\MiKTeX 2.9\tex\latex\00miktex\graphics.cfg"
File: graphics.cfg 2007/01/18 v1.5 graphics configuration of teTeX/TeXLive
)
Package graphics Info: Driver file: xetex.def on input line 91.

("C:\Program Files\MiKTeX 2.9\tex\xelatex\xetex-def\xetex.def"
File: xetex.def 2014/07/25 v4.03 LaTeX color/graphics driver for XeTeX (RRM/JK)

))
\Gin@req@height=\dimen103
\Gin@req@width=\dimen104
)
("C:\Program Files\MiKTeX 2.9\tex\latex\graphics\color.sty"
Package: color 2014/04/23 v1.1a Standard LaTeX Color (DPC)

("C:\Program Files\MiKTeX 2.9\tex\latex\00miktex\color.cfg"
File: color.cfg 2007/01/18 v1.5 color configuration of teTeX/TeXLive
)
Package color Info: Driver file: xetex.def on input line 137.
)
("C:\Program Files\MiKTeX 2.9\tex\latex\framed\framed.sty"
Package: framed 2011/10/22 v 0.96: framed or shaded text with page breaks
\OuterFrameSep=\skip43
\fb@frw=\dimen105
\fb@frh=\dimen106
\FrameRule=\dimen107
\FrameSep=\dimen108
)
("C:\Program Files\MiKTeX 2.9\tex\latex\base\alltt.sty"
Package: alltt 1997/06/16 v2.0g defines alltt environment
)
("C:\Program Files\MiKTeX 2.9\tex\latex\geometry\geometry.sty"
Package: geometry 2010/09/12 v5.6 Page Geometry

("C:\Program Files\MiKTeX 2.9\tex\generic\oberdiek\ifpdf.sty"
Package: ifpdf 2011/01/30 v2.3 Provides the ifpdf switch (HO)
Package ifpdf Info: pdfTeX in PDF mode is not detected.
)
("C:\Program Files\MiKTeX 2.9\tex\generic\oberdiek\ifvtex.sty"
Package: ifvtex 2010/03/01 v1.5 Detect VTeX and its facilities (HO)
Package ifvtex Info: VTeX not detected.
)
("C:\Program Files\MiKTeX 2.9\tex\generic\ifxetex\ifxetex.sty"
Package: ifxetex 2010/09/12 v0.6 Provides ifxetex conditional
)
\Gm@cnth=\count89
\Gm@cntv=\count90
\c@Gm@tempcnt=\count91
\Gm@bindingoffset=\dimen109
\Gm@wd@mp=\dimen110
\Gm@odd@mp=\dimen111
\Gm@even@mp=\dimen112
\Gm@layoutwidth=\dimen113
\Gm@layoutheight=\dimen114
\Gm@layouthoffset=\dimen115
\Gm@layoutvoffset=\dimen116
\Gm@dimlist=\toks15

("C:\Program Files\MiKTeX 2.9\tex\xelatex\xetexconfig\geometry.cfg"))
("C:\Program Files\MiKTeX 2.9\tex\latex\graphics\lscape.sty"
Package: lscape 2000/10/22 v3.01 Landscape Pages (DPC)
)
("C:\Program Files\MiKTeX 2.9\tex\latex\colortbl\colortbl.sty"
Package: colortbl 2012/02/13 v1.0a Color table columns (DPC)

("C:\Program Files\MiKTeX 2.9\tex\latex\tools\array.sty"
Package: array 2008/09/09 v2.4c Tabular extension package (FMi)
\col@sep=\dimen117
\extrarowheight=\dimen118
\NC@list=\toks16
\extratabsurround=\skip44
\backup@length=\skip45
)
\everycr=\toks17
\minrowclearance=\skip46
)
("C:\Program Files\MiKTeX 2.9\tex\latex\xcolor\xcolor.sty"
Package: xcolor 2007/01/21 v2.11 LaTeX color extensions (UK)

("C:\Program Files\MiKTeX 2.9\tex\latex\00miktex\color.cfg"
File: color.cfg 2007/01/18 v1.5 color configuration of teTeX/TeXLive
)
Package xcolor Info: Driver file: xetex.def on input line 225.
LaTeX Info: Redefining \color on input line 702.
Package xcolor Info: Model `cmy' substituted by `cmy0' on input line 1337.
Package xcolor Info: Model `RGB' extended on input line 1353.
Package xcolor Info: Model `HTML' substituted by `rgb' on input line 1355.
Package xcolor Info: Model `Hsb' substituted by `hsb' on input line 1356.
Package xcolor Info: Model `tHsb' substituted by `hsb' on input line 1357.
Package xcolor Info: Model `HSB' substituted by `hsb' on input line 1358.
Package xcolor Info: Model `Gray' substituted by `gray' on input line 1359.
Package xcolor Info: Model `wave' substituted by `hsb' on input line 1360.
)
("C:\Program Files\MiKTeX 2.9\tex\latex\lm\lmodern.sty"
Package: lmodern 2009/10/30 v1.6 Latin Modern Fonts
LaTeX Font Info:    Overwriting symbol font `operators' in version `normal'
(Font)                  OT1/cmr/m/n --> OT1/lmr/m/n on input line 22.
LaTeX Font Info:    Overwriting symbol font `letters' in version `normal'
(Font)                  OML/cmm/m/it --> OML/lmm/m/it on input line 23.
LaTeX Font Info:    Overwriting symbol font `symbols' in version `normal'
(Font)                  OMS/cmsy/m/n --> OMS/lmsy/m/n on input line 24.
LaTeX Font Info:    Overwriting symbol font `largesymbols' in version `normal'
(Font)                  OMX/cmex/m/n --> OMX/lmex/m/n on input line 25.
LaTeX Font Info:    Overwriting symbol font `operators' in version `bold'
(Font)                  OT1/cmr/bx/n --> OT1/lmr/bx/n on input line 26.
LaTeX Font Info:    Overwriting symbol font `letters' in version `bold'
(Font)                  OML/cmm/b/it --> OML/lmm/b/it on input line 27.
LaTeX Font Info:    Overwriting symbol font `symbols' in version `bold'
(Font)                  OMS/cmsy/b/n --> OMS/lmsy/b/n on input line 28.
LaTeX Font Info:    Overwriting symbol font `largesymbols' in version `bold'
(Font)                  OMX/cmex/m/n --> OMX/lmex/m/n on input line 29.
LaTeX Font Info:    Overwriting math alphabet `\mathbf' in version `normal'
(Font)                  OT1/cmr/bx/n --> OT1/lmr/bx/n on input line 31.
LaTeX Font Info:    Overwriting math alphabet `\mathsf' in version `normal'
(Font)                  OT1/cmss/m/n --> OT1/lmss/m/n on input line 32.
LaTeX Font Info:    Overwriting math alphabet `\mathit' in version `normal'
(Font)                  OT1/cmr/m/it --> OT1/lmr/m/it on input line 33.
LaTeX Font Info:    Overwriting math alphabet `\mathtt' in version `normal'
(Font)                  OT1/cmtt/m/n --> OT1/lmtt/m/n on input line 34.
LaTeX Font Info:    Overwriting math alphabet `\mathbf' in version `bold'
(Font)                  OT1/cmr/bx/n --> OT1/lmr/bx/n on input line 35.
LaTeX Font Info:    Overwriting math alphabet `\mathsf' in version `bold'
(Font)                  OT1/cmss/bx/n --> OT1/lmss/bx/n on input line 36.
LaTeX Font Info:    Overwriting math alphabet `\mathit' in version `bold'
(Font)                  OT1/cmr/bx/it --> OT1/lmr/bx/it on input line 37.
LaTeX Font Info:    Overwriting math alphabet `\mathtt' in version `bold'
(Font)                  OT1/cmtt/m/n --> OT1/lmtt/m/n on input line 38.
)
("C:\Users\Florian\Dropbox\data science\calendar\calendar1\Update\fontawesomeup
dated.sty"
Package: fontawesomeupdated 2013/05/10 v3.1.1 font awesome icons
 ("C:\Program Files\MiKTeX 2.9\tex\latex\fontspec\fontspec.sty"
Package: fontspec 2014/06/21 v2.4a Font selection for XeLaTeX and LuaLaTeX

("C:\Program Files\MiKTeX 2.9\tex\latex\l3kernel\expl3.sty"
Package: expl3 2014/08/25 v5378 L3 programming layer (loader) 

("C:\Program Files\MiKTeX 2.9\tex\latex\l3kernel\expl3-code.tex"
Package: expl3 2014/08/25 v5378 L3 programming layer (code) 
L3 Module: l3bootstrap 2014/08/23 v5354 L3 Bootstrap code

("C:\Program Files\MiKTeX 2.9\tex\latex\misc\etex.sty"
Package: etex 1998/03/26 v2.0 eTeX basic definition package (PEB)
\et@xins=\count92
)
L3 Module: l3names 2014/08/22 v5343 L3 Namespace for primitives
L3 Module: l3basics 2014/08/24 v5364 L3 Basic definitions
L3 Module: l3expan 2014/08/22 v5349 L3 Argument expansion
L3 Module: l3tl 2014/08/24 v5359 L3 Token lists
L3 Module: l3str 2014/08/24 v5368 L3 Strings
L3 Module: l3seq 2014/08/23 v5354 L3 Sequences and stacks
L3 Module: l3int 2014/08/25 v5372 L3 Integers
\c_max_int=\count93
\l_tmpa_int=\count94
\l_tmpb_int=\count95
\g_tmpa_int=\count96
\g_tmpb_int=\count97
L3 Module: l3quark 2014/08/23 v5354 L3 Quarks
L3 Module: l3prg 2014/08/23 v5354 L3 Control structures
\g__prg_map_int=\count98
L3 Module: l3clist 2014/08/23 v5354 L3 Comma separated lists
L3 Module: l3token 2014/08/23 v5354 L3 Experimental token manipulation
L3 Module: l3prop 2014/08/23 v5354 L3 Property lists
L3 Module: l3msg 2014/08/24 v5358 L3 Messages
L3 Module: l3file 2014/08/24 v5369 L3 File and I/O operations
\l_iow_line_count_int=\count99
\l__iow_target_count_int=\count100
\l__iow_current_line_int=\count101
\l__iow_current_word_int=\count102
\l__iow_current_indentation_int=\count103
L3 Module: l3skip 2014/08/23 v5354 L3 Dimensions and skips
\c_zero_dim=\dimen119
\c_max_dim=\dimen120
\l_tmpa_dim=\dimen121
\l_tmpb_dim=\dimen122
\g_tmpa_dim=\dimen123
\g_tmpb_dim=\dimen124
\c_zero_skip=\skip47
\c_max_skip=\skip48
\l_tmpa_skip=\skip49
\l_tmpb_skip=\skip50
\g_tmpa_skip=\skip51
\g_tmpb_skip=\skip52
\c_zero_muskip=\muskip10
\c_max_muskip=\muskip11
\l_tmpa_muskip=\muskip12
\l_tmpb_muskip=\muskip13
\g_tmpa_muskip=\muskip14
\g_tmpb_muskip=\muskip15
L3 Module: l3keys 2014/08/23 v5354 L3 Key-value interfaces
\g__keyval_level_int=\count104
\l_keys_choice_int=\count105
L3 Module: l3fp 2014/08/22 v5336 L3 Floating points
\c__fp_leading_shift_int=\count106
\c__fp_middle_shift_int=\count107
\c__fp_trailing_shift_int=\count108
\c__fp_big_leading_shift_int=\count109
\c__fp_big_middle_shift_int=\count110
\c__fp_big_trailing_shift_int=\count111
\c__fp_Bigg_leading_shift_int=\count112
\c__fp_Bigg_middle_shift_int=\count113
\c__fp_Bigg_trailing_shift_int=\count114
L3 Module: l3box 2014/08/23 v5354 L3 Experimental boxes
\c_empty_box=\box26
\l_tmpa_box=\box27
\l_tmpb_box=\box28
\g_tmpa_box=\box29
\g_tmpb_box=\box30
L3 Module: l3coffins 2014/08/23 v5354 L3 Coffin code layer
\l__coffin_internal_box=\box31
\l__coffin_internal_dim=\dimen125
\l__coffin_offset_x_dim=\dimen126
\l__coffin_offset_y_dim=\dimen127
\l__coffin_x_dim=\dimen128
\l__coffin_y_dim=\dimen129
\l__coffin_x_prime_dim=\dimen130
\l__coffin_y_prime_dim=\dimen131
\c_empty_coffin=\box32
\l__coffin_aligned_coffin=\box33
\l__coffin_aligned_internal_coffin=\box34
\l_tmpa_coffin=\box35
\l_tmpb_coffin=\box36
\l__coffin_display_coffin=\box37
\l__coffin_display_coord_coffin=\box38
\l__coffin_display_pole_coffin=\box39
\l__coffin_display_offset_dim=\dimen132
\l__coffin_display_x_dim=\dimen133
\l__coffin_display_y_dim=\dimen134
L3 Module: l3color 2014/08/23 v5354 L3 Experimental color support
L3 Module: l3candidates 2014/08/24 v5366 L3 Experimental additions to l3kernel
\l__box_top_dim=\dimen135
\l__box_bottom_dim=\dimen136
\l__box_left_dim=\dimen137
\l__box_right_dim=\dimen138
\l__box_top_new_dim=\dimen139
\l__box_bottom_new_dim=\dimen140
\l__box_left_new_dim=\dimen141
\l__box_right_new_dim=\dimen142
\l__box_internal_box=\box40
\l__coffin_bounding_shift_dim=\dimen143
\l__coffin_left_corner_dim=\dimen144
\l__coffin_right_corner_dim=\dimen145
\l__coffin_bottom_corner_dim=\dimen146
\l__coffin_top_corner_dim=\dimen147
\l__coffin_scaled_total_height_dim=\dimen148
\l__coffin_scaled_width_dim=\dimen149
)
("C:\Program Files\MiKTeX 2.9\tex\latex\l3kernel\l3unicode-data.def"
File: l3unicode-data.def 2014/08/12 v5276 L3 Unicode data
)
("C:\Program Files\MiKTeX 2.9\tex\latex\l3kernel\l3xdvipdfmx.def"
File: l3xdvidpfmx.def 2014/08/24 v5366 L3 Experimental driver: xdvipdfmx
))
("C:\Program Files\MiKTeX 2.9\tex\latex\l3packages\xparse\xparse.sty"
Package: xparse 2014/08/25 v5378 L3 Experimental document command parser
\l__xparse_current_arg_int=\count115
\l__xparse_m_args_int=\count116
\l__xparse_mandatory_args_int=\count117
\l__xparse_processor_int=\count118
\l__xparse_v_nesting_int=\count119
)
\l_fontspec_script_int=\count120
\l_fontspec_language_int=\count121
\l_fontspec_strnum_int=\count122
\l__fontspec_tmpa_dim=\dimen150
\l__fontspec_tmpb_dim=\dimen151
\l__fontspec_tmpc_dim=\dimen152
Variant \tl_gset:cV already defined; not changing it on line 71

("C:\Program Files\MiKTeX 2.9\tex\latex\fontspec\fontspec-patches.sty"
Package: fontspec-patches 2014/06/21 v2.4a Font selection for XeLaTeX and LuaLa
TeX
LaTeX Info: Redefining \em on input line 38.
LaTeX Info: Redefining \emph on input line 46.
LaTeX Info: Redefining \- on input line 49.
.................................................
. LaTeX info: "xparse/redefine-command"
. 
. Redefining command \oldstylenums with sig. 'm' on line 144.
.................................................
.................................................
. LaTeX info: "xparse/define-command"
. 
. Defining command \liningnums with sig. 'm' on line 148.
.................................................
)
("C:\Program Files\MiKTeX 2.9\tex\latex\fontspec\fontspec-xetex.sty"
Package: fontspec-xetex 2014/06/21 v2.4a Font selection for XeLaTeX and LuaLaTe
X

("C:\Program Files\MiKTeX 2.9\tex\latex\base\fontenc.sty"
Package: fontenc 2005/09/27 v1.99g Standard LaTeX package

("C:\Program Files\MiKTeX 2.9\tex\latex\euenc\eu1enc.def"
File: eu1enc.def 2010/05/27 v0.1h Experimental Unicode font encodings
)
LaTeX Font Info:    Try loading font information for EU1+lmr on input line 100.


("C:\Program Files\MiKTeX 2.9\tex\latex\euenc\eu1lmr.fd"
File: eu1lmr.fd 2009/10/30 v1.6 Font defs for Latin Modern
)
Requested font "[lmroman10-regular]:mapping=tex-text" at 10.0pt
 -> C:/Program Files/MiKTeX 2.9/fonts/opentype/public/lm/lmroman10-regular.otf
)
("C:\Program Files\MiKTeX 2.9\tex\xelatex\xunicode\xunicode.sty"
File: xunicode.sty 2011/09/09 v0.981 provides access to latin accents and many 
other characters in Unicode lower plane

("C:\Program Files\MiKTeX 2.9\tex\latex\tipa\t3enc.def"
File: t3enc.def 2001/12/31 T3 encoding
Requested font "[lmromanslant10-regular]:mapping=tex-text" at 10.0pt
 -> C:/Program Files/MiKTeX 2.9/fonts/opentype/public/lm/lmromanslant10-regular
.otf
Requested font "[lmroman10-italic]:mapping=tex-text" at 10.0pt
 -> C:/Program Files/MiKTeX 2.9/fonts/opentype/public/lm/lmroman10-italic.otf
Requested font "[lmroman10-bold]:mapping=tex-text" at 10.0pt
 -> C:/Program Files/MiKTeX 2.9/fonts/opentype/public/lm/lmroman10-bold.otf
LaTeX Font Info:    Try loading font information for EU1+lmss on input line 357
.

("C:\Program Files\MiKTeX 2.9\tex\latex\euenc\eu1lmss.fd"
File: eu1lmss.fd 2009/10/30 v1.6 Font defs for Latin Modern
)
Requested font "[lmsans10-regular]:mapping=tex-text" at 10.0pt
 -> C:/Program Files/MiKTeX 2.9/fonts/opentype/public/lm/lmsans10-regular.otf
)
\tipaTiiicode=\count123
\tipasavetokens=\toks18
\tipachecktokens=\toks19
)
.................................................
. LaTeX info: "xparse/define-command"
. 
. Defining command \fontspec with sig. 'O{}mO{}' on line 41.
.................................................
.................................................
. LaTeX info: "xparse/define-command"
. 
. Defining command \setmainfont with sig. 'O{}mO{}' on line 47.
.................................................
.................................................
. LaTeX info: "xparse/define-command"
. 
. Defining command \setsansfont with sig. 'O{}mO{}' on line 53.
.................................................
.................................................
. LaTeX info: "xparse/define-command"
. 
. Defining command \setmonofont with sig. 'O{}mO{}' on line 59.
.................................................
.................................................
. LaTeX info: "xparse/define-command"
. 
. Defining command \setmathrm with sig. 'O{}mO{}' on line 68.
.................................................
.................................................
. LaTeX info: "xparse/define-command"
. 
. Defining command \setboldmathrm with sig. 'O{}mO{}' on line 72.
.................................................
.................................................
. LaTeX info: "xparse/define-command"
. 
. Defining command \setmathsf with sig. 'O{}mO{}' on line 76.
.................................................
.................................................
. LaTeX info: "xparse/define-command"
. 
. Defining command \setmathtt with sig. 'O{}mO{}' on line 80.
.................................................
.................................................
. LaTeX info: "xparse/define-command"
. 
. Defining command \newfontfamily with sig. 'mO{}mO{}' on line 99.
.................................................
.................................................
. LaTeX info: "xparse/define-command"
. 
. Defining command \newfontface with sig. 'mO{}mO{}' on line 103.
.................................................
.................................................
. LaTeX info: "xparse/define-command"
. 
. Defining command \defaultfontfeatures with sig. 't+om' on line 112.
.................................................
.................................................
. LaTeX info: "xparse/define-command"
. 
. Defining command \addfontfeatures with sig. 'm' on line 170.
.................................................
.................................................
. LaTeX info: "xparse/define-command"
. 
. Defining command \newfontfeature with sig. 'mm' on line 181.
.................................................
.................................................
. LaTeX info: "xparse/define-command"
. 
. Defining command \newAATfeature with sig. 'mmmm' on line 189.
.................................................
.................................................
. LaTeX info: "xparse/define-command"
. 
. Defining command \newopentypefeature with sig. 'mmm' on line 197.
.................................................
.................................................
. LaTeX info: "xparse/define-command"
. 
. Defining command \aliasfontfeature with sig. 'mm' on line 226.
.................................................
.................................................
. LaTeX info: "xparse/define-command"
. 
. Defining command \aliasfontfeatureoption with sig. 'mmm' on line 228.
.................................................
.................................................
. LaTeX info: "xparse/define-command"
. 
. Defining command \newfontscript with sig. 'mm' on line 233.
.................................................
.................................................
. LaTeX info: "xparse/define-command"
. 
. Defining command \newfontlanguage with sig. 'mm' on line 259.
.................................................
.................................................
. LaTeX info: "xparse/define-command"
. 
. Defining command \DeclareFontsExtensions with sig. 'm' on line 279.
.................................................
Variant \prop_gput:cnV already defined; not changing it on line 662
Variant \prop_gput:cnx already defined; not changing it on line 663
\l__fontspec_tmp_int=\count124
LaTeX Info: Redefining \itshape on input line 2193.
LaTeX Info: Redefining \slshape on input line 2198.
LaTeX Info: Redefining \scshape on input line 2203.
LaTeX Info: Redefining \upshape on input line 2208.

("C:\Program Files\MiKTeX 2.9\tex\latex\fontspec\fontspec.cfg")))
\g__file_internal_ior=\read1
Requested font "FontAwesome" at 10.0pt
 -> C:/Program Files (x86)/MiKTeX 2.9/fonts/truetype/public/fontawesome/fontawe
some-webfont.ttf
Requested font "FontAwesome/OT" at 10.0pt
 -> C:/Program Files (x86)/MiKTeX 2.9/fonts/truetype/public/fontawesome/fontawe
some-webfont.ttf
.................................................
. fontspec info: "no-scripts"
. 
. Font FontAwesome does not contain any OpenType `Script' information.
.................................................
\g__fontspec_family_FontAwesome_int=\count125
Requested font "FontAwesome/OT" at 10.0pt
 -> C:/Program Files (x86)/MiKTeX 2.9/fonts/truetype/public/fontawesome/fontawe
some-webfont.ttf
Requested font "FontAwesome/BI/OT" at 10.0pt
 -> C:/Program Files (x86)/MiKTeX 2.9/fonts/truetype/public/fontawesome/fontawe
some-webfont.ttf
.................................................
. fontspec info: "no-font-shape"
. 
. Could not resolve font FontAwesome/BI (it probably doesn't exist).
.................................................
Requested font "FontAwesome/OT" at 10.0pt
 -> C:/Program Files (x86)/MiKTeX 2.9/fonts/truetype/public/fontawesome/fontawe
some-webfont.ttf
Requested font "FontAwesome/B/OT" at 10.0pt
 -> C:/Program Files (x86)/MiKTeX 2.9/fonts/truetype/public/fontawesome/fontawe
some-webfont.ttf
.................................................
. fontspec info: "no-font-shape"
. 
. Could not resolve font FontAwesome/B (it probably doesn't exist).
.................................................
Requested font "FontAwesome/OT" at 10.0pt
 -> C:/Program Files (x86)/MiKTeX 2.9/fonts/truetype/public/fontawesome/fontawe
some-webfont.ttf
Requested font "FontAwesome/I/OT" at 10.0pt
 -> C:/Program Files (x86)/MiKTeX 2.9/fonts/truetype/public/fontawesome/fontawe
some-webfont.ttf
.................................................
. fontspec info: "no-font-shape"
. 
. Could not resolve font FontAwesome/I (it probably doesn't exist).
.................................................
Requested font "FontAwesome/OT" at 10.0pt
 -> C:/Program Files (x86)/MiKTeX 2.9/fonts/truetype/public/fontawesome/fontawe
some-webfont.ttf
Requested font "FontAwesome/OT" at 10.0pt
 -> C:/Program Files (x86)/MiKTeX 2.9/fonts/truetype/public/fontawesome/fontawe
some-webfont.ttf
Requested font "[lmroman10-regular]:mapping=tex-text" at 10.95pt
 -> C:/Program Files/MiKTeX 2.9/fonts/opentype/public/lm/lmroman10-regular.otf
.................................................
. fontspec info: "defining-font"
. 
. Font family 'FontAwesome(0)' created for font 'FontAwesome' with options [].
. 
. This font family consists of the following shapes:
. 
. * 'normal' with NFSS spec.:
. <->"FontAwesome/OT:"
. 
. * 'small caps' with NFSS spec.:
. 
. and font adjustment code:
. 
.................................................
)
("C:\Program Files\MiKTeX 2.9\tex\latex\metalogo\metalogo.sty"
Package: metalogo 2010/05/29 v0.12 Extended TeX logo macros
\xl@everylogo=\toks20
\xl@@everylogo=\toks21
LaTeX Info: Redefining \TeX on input line 193.
LaTeX Info: Redefining \LaTeX on input line 202.
LaTeX Info: Redefining \LaTeXe on input line 219.
)
("C:\Program Files\MiKTeX 2.9\tex\latex\hyperref\hyperref.sty"
Package: hyperref 2012/11/06 v6.83m Hypertext links for LaTeX

("C:\Program Files\MiKTeX 2.9\tex\generic\oberdiek\hobsub-hyperref.sty"
Package: hobsub-hyperref 2012/04/25 v1.12 Bundle oberdiek, subset hyperref (HO)


("C:\Program Files\MiKTeX 2.9\tex\generic\oberdiek\hobsub-generic.sty"
Package: hobsub-generic 2012/04/25 v1.12 Bundle oberdiek, subset generic (HO)
Package: hobsub 2012/04/25 v1.12 Construct package bundles (HO)
Package: infwarerr 2010/04/08 v1.3 Providing info/warning/error messages (HO)
Package: ltxcmds 2011/11/09 v1.22 LaTeX kernel commands for general use (HO)
Package: ifluatex 2010/03/01 v1.3 Provides the ifluatex switch (HO)
Package ifluatex Info: LuaTeX not detected.
Package hobsub Info: Skipping package `ifvtex' (already loaded).
Package: intcalc 2007/09/27 v1.1 Expandable calculations with integers (HO)
Package hobsub Info: Skipping package `ifpdf' (already loaded).
Package: etexcmds 2011/02/16 v1.5 Avoid name clashes with e-TeX commands (HO)
Package etexcmds Info: Could not find \expanded.
(etexcmds)             That can mean that you are not using pdfTeX 1.50 or
(etexcmds)             that some package has redefined \expanded.
(etexcmds)             In the latter case, load this package earlier.
Package: kvsetkeys 2012/04/25 v1.16 Key value parser (HO)
Package: kvdefinekeys 2011/04/07 v1.3 Define keys (HO)
Package: pdftexcmds 2011/11/29 v0.20 Utility functions of pdfTeX for LuaTeX (HO
)
Package pdftexcmds Info: LuaTeX not detected.
Package pdftexcmds Info: pdfTeX >= 1.30 not detected.
Package pdftexcmds Info: \pdf@primitive is available.
Package pdftexcmds Info: \pdf@ifprimitive is available.
Package pdftexcmds Info: \pdfdraftmode not found.
Package: pdfescape 2011/11/25 v1.13 Implements pdfTeX's escape features (HO)
Package: bigintcalc 2012/04/08 v1.3 Expandable calculations on big integers (HO
)
Package: bitset 2011/01/30 v1.1 Handle bit-vector datatype (HO)
Package: uniquecounter 2011/01/30 v1.2 Provide unlimited unique counter (HO)
)
Package hobsub Info: Skipping package `hobsub' (already loaded).
Package: letltxmacro 2010/09/02 v1.4 Let assignment for LaTeX macros (HO)
Package: hopatch 2011/06/24 v1.1 Wrapper for package hooks (HO)
Package: xcolor-patch 2011/01/30 xcolor patch
Package: atveryend 2011/06/30 v1.8 Hooks at the very end of document (HO)
Package atveryend Info: \enddocument detected (standard20110627).
Package: atbegshi 2011/10/05 v1.16 At begin shipout hook (HO)
Package: refcount 2011/10/16 v3.4 Data extraction from label references (HO)
Package: hycolor 2011/01/30 v1.7 Color options for hyperref/bookmark (HO)
)
("C:\Program Files\MiKTeX 2.9\tex\latex\oberdiek\auxhook.sty"
Package: auxhook 2011/03/04 v1.3 Hooks for auxiliary files (HO)
)
("C:\Program Files\MiKTeX 2.9\tex\latex\oberdiek\kvoptions.sty"
Package: kvoptions 2011/06/30 v3.11 Key value format for package options (HO)
)
\@linkdim=\dimen153
\Hy@linkcounter=\count126
\Hy@pagecounter=\count127

("C:\Program Files\MiKTeX 2.9\tex\latex\hyperref\pd1enc.def"
File: pd1enc.def 2012/11/06 v6.83m Hyperref: PDFDocEncoding definition (HO)
)
\Hy@SavedSpaceFactor=\count128

("C:\Program Files\MiKTeX 2.9\tex\latex\00miktex\hyperref.cfg"
File: hyperref.cfg 2002/06/06 v1.2 hyperref configuration of TeXLive
)
Package hyperref Info: Hyper figures OFF on input line 4443.
Package hyperref Info: Link nesting OFF on input line 4448.
Package hyperref Info: Hyper index ON on input line 4451.
Package hyperref Info: Plain pages OFF on input line 4458.
Package hyperref Info: Backreferencing OFF on input line 4463.
Package hyperref Info: Implicit mode ON; LaTeX internals redefined.
Package hyperref Info: Bookmarks ON on input line 4688.
\c@Hy@tempcnt=\count129

("C:\Program Files\MiKTeX 2.9\tex\latex\url\url.sty"
\Urlmuskip=\muskip16
Package: url 2013/09/16  ver 3.4  Verb mode for urls, etc.
)
LaTeX Info: Redefining \url on input line 5041.
\XeTeXLinkMargin=\dimen154
Requested font "pzdr" at 0.00002pt
\Fld@menulength=\count130
\Field@Width=\dimen155
\Fld@charsize=\dimen156
Package hyperref Info: Hyper figures OFF on input line 6295.
Package hyperref Info: Link nesting OFF on input line 6300.
Package hyperref Info: Hyper index ON on input line 6303.
Package hyperref Info: backreferencing OFF on input line 6310.
Package hyperref Info: Link coloring OFF on input line 6315.
Package hyperref Info: Link coloring with OCG OFF on input line 6320.
Package hyperref Info: PDF/A mode OFF on input line 6325.
LaTeX Info: Redefining \ref on input line 6365.
LaTeX Info: Redefining \pageref on input line 6369.
\Hy@abspage=\count131
\c@Item=\count132
\c@Hfootnote=\count133
)

Package hyperref Message: Driver (autodetected): hxetex.

("C:\Program Files\MiKTeX 2.9\tex\latex\hyperref\hxetex.def"
File: hxetex.def 2012/11/06 v6.83m Hyperref driver for XeTeX

("C:\Program Files\MiKTeX 2.9\tex\latex\hyperref\puenc.def"
File: puenc.def 2012/11/06 v6.83m Hyperref: PDF Unicode definition (HO)
)
("C:\Program Files\MiKTeX 2.9\tex\generic\oberdiek\stringenc.sty"
Package: stringenc 2011/12/02 v1.10 Convert strings between diff. encodings (HO
)
)
\pdfm@box=\box41
\c@Hy@AnnotLevel=\count134
\HyField@AnnotCount=\count135
\Fld@listcount=\count136
\c@bookmark@seq@number=\count137

("C:\Program Files\MiKTeX 2.9\tex\latex\oberdiek\rerunfilecheck.sty"
Package: rerunfilecheck 2011/04/15 v1.7 Rerun checks for auxiliary files (HO)
Package rerunfilecheck Info: Feature \pdfmdfivesum is not available
(rerunfilecheck)             (e.g. pdfTeX or LuaTeX with package `pdftexcmds').

(rerunfilecheck)             Therefore file contents cannot be checked efficien
tly
(rerunfilecheck)             and the loading of the package is aborted.
)
\Hy@SectionHShift=\skip53
)
("C:\Program Files\MiKTeX 2.9\tex\latex\pgf\frontendlayer\tikz.sty"
("C:\Program Files\MiKTeX 2.9\tex\latex\pgf\basiclayer\pgf.sty"
("C:\Program Files\MiKTeX 2.9\tex\latex\pgf\utilities\pgfrcs.sty"
("C:\Program Files\MiKTeX 2.9\tex\generic\pgf\utilities\pgfutil-common.tex"
\pgfutil@everybye=\toks22
\pgfutil@tempdima=\dimen157
\pgfutil@tempdimb=\dimen158

("C:\Program Files\MiKTeX 2.9\tex\generic\pgf\utilities\pgfutil-common-lists.te
x")) ("C:\Program Files\MiKTeX 2.9\tex\generic\pgf\utilities\pgfutil-latex.def"
\pgfutil@abb=\box42
("C:\Program Files\MiKTeX 2.9\tex\latex\ms\everyshi.sty"
Package: everyshi 2001/05/15 v3.00 EveryShipout Package (MS)
))
("C:\Program Files\MiKTeX 2.9\tex\generic\pgf\utilities\pgfrcs.code.tex"
Package: pgfrcs 2013/12/20 v3.0.0 (rcs-revision 1.28)
))
Package: pgf 2013/12/18 v3.0.0 (rcs-revision 1.14)

("C:\Program Files\MiKTeX 2.9\tex\latex\pgf\basiclayer\pgfcore.sty"
("C:\Program Files\MiKTeX 2.9\tex\latex\pgf\systemlayer\pgfsys.sty"
("C:\Program Files\MiKTeX 2.9\tex\generic\pgf\systemlayer\pgfsys.code.tex"
Package: pgfsys 2013/11/30 v3.0.0 (rcs-revision 1.47)

("C:\Program Files\MiKTeX 2.9\tex\generic\pgf\utilities\pgfkeys.code.tex"
\pgfkeys@pathtoks=\toks23
\pgfkeys@temptoks=\toks24

("C:\Program Files\MiKTeX 2.9\tex\generic\pgf\utilities\pgfkeysfiltered.code.te
x"
\pgfkeys@tmptoks=\toks25
))
\pgf@x=\dimen159
\pgf@y=\dimen160
\pgf@xa=\dimen161
\pgf@ya=\dimen162
\pgf@xb=\dimen163
\pgf@yb=\dimen164
\pgf@xc=\dimen165
\pgf@yc=\dimen166
\w@pgf@writea=\write3
\r@pgf@reada=\read2
\c@pgf@counta=\count138
\c@pgf@countb=\count139
\c@pgf@countc=\count140
\c@pgf@countd=\count141
\t@pgf@toka=\toks26
\t@pgf@tokb=\toks27
\t@pgf@tokc=\toks28
 ("C:\Program Files\MiKTeX 2.9\tex\generic\pgf\systemlayer\pgf.cfg"
File: pgf.cfg 2008/05/14  (rcs-revision 1.7)
)
Driver file for pgf: pgfsys-xetex.def

("C:\Program Files\MiKTeX 2.9\tex\generic\pgf\systemlayer\pgfsys-xetex.def"
File: pgfsys-xetex.def 2013/07/16  (rcs-revision 1.9)

("C:\Program Files\MiKTeX 2.9\tex\generic\pgf\systemlayer\pgfsys-dvipdfmx.def"
File: pgfsys-dvipdfmx.def 2013/08/28  (rcs-revision 1.12)

("C:\Program Files\MiKTeX 2.9\tex\generic\pgf\systemlayer\pgfsys-common-pdf.def
"
File: pgfsys-common-pdf.def 2013/10/10  (rcs-revision 1.13)
)
\pgfsys@objnum=\count142
)))
("C:\Program Files\MiKTeX 2.9\tex\generic\pgf\systemlayer\pgfsyssoftpath.code.t
ex"
File: pgfsyssoftpath.code.tex 2013/09/09  (rcs-revision 1.9)
\pgfsyssoftpath@smallbuffer@items=\count143
\pgfsyssoftpath@bigbuffer@items=\count144
)
("C:\Program Files\MiKTeX 2.9\tex\generic\pgf\systemlayer\pgfsysprotocol.code.t
ex"
File: pgfsysprotocol.code.tex 2006/10/16  (rcs-revision 1.4)
)) ("C:\Program Files\MiKTeX 2.9\tex\generic\pgf\basiclayer\pgfcore.code.tex"
Package: pgfcore 2010/04/11 v3.0.0 (rcs-revision 1.7)
 ("C:\Program Files\MiKTeX 2.9\tex\generic\pgf\math\pgfmath.code.tex"
("C:\Program Files\MiKTeX 2.9\tex\generic\pgf\math\pgfmathcalc.code.tex"
("C:\Program Files\MiKTeX 2.9\tex\generic\pgf\math\pgfmathutil.code.tex")
("C:\Program Files\MiKTeX 2.9\tex\generic\pgf\math\pgfmathparser.code.tex"
\pgfmath@dimen=\dimen167
\pgfmath@count=\count145
\pgfmath@box=\box43
\pgfmath@toks=\toks29
\pgfmath@stack@operand=\toks30
\pgfmath@stack@operation=\toks31
)
("C:\Program Files\MiKTeX 2.9\tex\generic\pgf\math\pgfmathfunctions.code.tex"
("C:\Program Files\MiKTeX 2.9\tex\generic\pgf\math\pgfmathfunctions.basic.code.
tex")
("C:\Program Files\MiKTeX 2.9\tex\generic\pgf\math\pgfmathfunctions.trigonometr
ic.code.tex")
("C:\Program Files\MiKTeX 2.9\tex\generic\pgf\math\pgfmathfunctions.random.code
.tex")
("C:\Program Files\MiKTeX 2.9\tex\generic\pgf\math\pgfmathfunctions.comparison.
code.tex")
("C:\Program Files\MiKTeX 2.9\tex\generic\pgf\math\pgfmathfunctions.base.code.t
ex")
("C:\Program Files\MiKTeX 2.9\tex\generic\pgf\math\pgfmathfunctions.round.code.
tex")
("C:\Program Files\MiKTeX 2.9\tex\generic\pgf\math\pgfmathfunctions.misc.code.t
ex")
("C:\Program Files\MiKTeX 2.9\tex\generic\pgf\math\pgfmathfunctions.integerarit
hmetics.code.tex")))
("C:\Program Files\MiKTeX 2.9\tex\generic\pgf\math\pgfmathfloat.code.tex"
\c@pgfmathroundto@lastzeros=\count146
))
("C:\Program Files\MiKTeX 2.9\tex\generic\pgf\basiclayer\pgfcorepoints.code.tex
"
File: pgfcorepoints.code.tex 2013/10/07  (rcs-revision 1.27)
\pgf@picminx=\dimen168
\pgf@picmaxx=\dimen169
\pgf@picminy=\dimen170
\pgf@picmaxy=\dimen171
\pgf@pathminx=\dimen172
\pgf@pathmaxx=\dimen173
\pgf@pathminy=\dimen174
\pgf@pathmaxy=\dimen175
\pgf@xx=\dimen176
\pgf@xy=\dimen177
\pgf@yx=\dimen178
\pgf@yy=\dimen179
\pgf@zx=\dimen180
\pgf@zy=\dimen181
)
("C:\Program Files\MiKTeX 2.9\tex\generic\pgf\basiclayer\pgfcorepathconstruct.c
ode.tex"
File: pgfcorepathconstruct.code.tex 2013/10/07  (rcs-revision 1.29)
\pgf@path@lastx=\dimen182
\pgf@path@lasty=\dimen183
)
("C:\Program Files\MiKTeX 2.9\tex\generic\pgf\basiclayer\pgfcorepathusage.code.
tex"
File: pgfcorepathusage.code.tex 2013/12/13  (rcs-revision 1.23)
\pgf@shorten@end@additional=\dimen184
\pgf@shorten@start@additional=\dimen185
)
("C:\Program Files\MiKTeX 2.9\tex\generic\pgf\basiclayer\pgfcorescopes.code.tex
"
File: pgfcorescopes.code.tex 2013/10/09  (rcs-revision 1.44)
\pgfpic=\box44
\pgf@hbox=\box45
\pgf@layerbox@main=\box46
\pgf@picture@serial@count=\count147
)
("C:\Program Files\MiKTeX 2.9\tex\generic\pgf\basiclayer\pgfcoregraphicstate.co
de.tex"
File: pgfcoregraphicstate.code.tex 2013/09/19  (rcs-revision 1.11)
\pgflinewidth=\dimen186
)
("C:\Program Files\MiKTeX 2.9\tex\generic\pgf\basiclayer\pgfcoretransformations
.code.tex"
File: pgfcoretransformations.code.tex 2013/10/10  (rcs-revision 1.17)
\pgf@pt@x=\dimen187
\pgf@pt@y=\dimen188
\pgf@pt@temp=\dimen189
)
("C:\Program Files\MiKTeX 2.9\tex\generic\pgf\basiclayer\pgfcorequick.code.tex"
File: pgfcorequick.code.tex 2008/10/09  (rcs-revision 1.3)
)
("C:\Program Files\MiKTeX 2.9\tex\generic\pgf\basiclayer\pgfcoreobjects.code.te
x"
File: pgfcoreobjects.code.tex 2006/10/11  (rcs-revision 1.2)
)
("C:\Program Files\MiKTeX 2.9\tex\generic\pgf\basiclayer\pgfcorepathprocessing.
code.tex"
File: pgfcorepathprocessing.code.tex 2013/09/09  (rcs-revision 1.9)
)
("C:\Program Files\MiKTeX 2.9\tex\generic\pgf\basiclayer\pgfcorearrows.code.tex
"
File: pgfcorearrows.code.tex 2013/11/07  (rcs-revision 1.40)
\pgfarrowsep=\dimen190
)
("C:\Program Files\MiKTeX 2.9\tex\generic\pgf\basiclayer\pgfcoreshade.code.tex"
File: pgfcoreshade.code.tex 2013/07/15  (rcs-revision 1.15)
\pgf@max=\dimen191
\pgf@sys@shading@range@num=\count148
) ("C:\Program Files\MiKTeX 2.9\tex\generic\pgf\basiclayer\pgfcoreimage.code.te
x"
File: pgfcoreimage.code.tex 2013/07/15  (rcs-revision 1.18)

("C:\Program Files\MiKTeX 2.9\tex\generic\pgf\basiclayer\pgfcoreexternal.code.t
ex"
File: pgfcoreexternal.code.tex 2013/07/15  (rcs-revision 1.20)
\pgfexternal@startupbox=\box47
))
("C:\Program Files\MiKTeX 2.9\tex\generic\pgf\basiclayer\pgfcorelayers.code.tex
"
File: pgfcorelayers.code.tex 2013/07/18  (rcs-revision 1.7)
)
("C:\Program Files\MiKTeX 2.9\tex\generic\pgf\basiclayer\pgfcoretransparency.co
de.tex"
File: pgfcoretransparency.code.tex 2013/09/30  (rcs-revision 1.5)
)
("C:\Program Files\MiKTeX 2.9\tex\generic\pgf\basiclayer\pgfcorepatterns.code.t
ex"
File: pgfcorepatterns.code.tex 2013/11/07  (rcs-revision 1.5)
)))
("C:\Program Files\MiKTeX 2.9\tex\generic\pgf\modules\pgfmoduleshapes.code.tex"
File: pgfmoduleshapes.code.tex 2013/10/31  (rcs-revision 1.34)
\pgfnodeparttextbox=\box48
) ("C:\Program Files\MiKTeX 2.9\tex\generic\pgf\modules\pgfmoduleplot.code.tex"
File: pgfmoduleplot.code.tex 2013/07/31  (rcs-revision 1.12)
)
("C:\Program Files\MiKTeX 2.9\tex\latex\pgf\compatibility\pgfcomp-version-0-65.
sty"
Package: pgfcomp-version-0-65 2007/07/03 v3.0.0 (rcs-revision 1.7)
\pgf@nodesepstart=\dimen192
\pgf@nodesepend=\dimen193
)
("C:\Program Files\MiKTeX 2.9\tex\latex\pgf\compatibility\pgfcomp-version-1-18.
sty"
Package: pgfcomp-version-1-18 2007/07/23 v3.0.0 (rcs-revision 1.1)
)) ("C:\Program Files\MiKTeX 2.9\tex\latex\pgf\utilities\pgffor.sty"
("C:\Program Files\MiKTeX 2.9\tex\latex\pgf\utilities\pgfkeys.sty"
("C:\Program Files\MiKTeX 2.9\tex\generic\pgf\utilities\pgfkeys.code.tex"))
("C:\Program Files\MiKTeX 2.9\tex\latex\pgf\math\pgfmath.sty"
("C:\Program Files\MiKTeX 2.9\tex\generic\pgf\math\pgfmath.code.tex"))
("C:\Program Files\MiKTeX 2.9\tex\generic\pgf\utilities\pgffor.code.tex"
Package: pgffor 2013/12/13 v3.0.0 (rcs-revision 1.25)

("C:\Program Files\MiKTeX 2.9\tex\generic\pgf\math\pgfmath.code.tex")
\pgffor@iter=\dimen194
\pgffor@skip=\dimen195
\pgffor@stack=\toks32
\pgffor@toks=\toks33
))
("C:\Program Files\MiKTeX 2.9\tex\generic\pgf\frontendlayer\tikz\tikz.code.tex"
Package: tikz 2013/12/13 v3.0.0 (rcs-revision 1.142)

("C:\Program Files\MiKTeX 2.9\tex\generic\pgf\libraries\pgflibraryplothandlers.
code.tex"
File: pgflibraryplothandlers.code.tex 2013/08/31 v3.0.0 (rcs-revision 1.20)
\pgf@plot@mark@count=\count149
\pgfplotmarksize=\dimen196
)
\tikz@lastx=\dimen197
\tikz@lasty=\dimen198
\tikz@lastxsaved=\dimen199
\tikz@lastysaved=\dimen200
\tikzleveldistance=\dimen201
Normal \dimen register pool exhausted, switching to extended pool.
\tikzsiblingdistance=\dimen256
\tikz@figbox=\box49
\tikz@figbox@bg=\box50
\tikz@tempbox=\box51
\tikz@tempbox@bg=\box52
\tikztreelevel=\count150
\tikznumberofchildren=\count151
\tikznumberofcurrentchild=\count152
\tikz@fig@count=\count153

("C:\Program Files\MiKTeX 2.9\tex\generic\pgf\modules\pgfmodulematrix.code.tex"
File: pgfmodulematrix.code.tex 2013/09/17  (rcs-revision 1.8)
\pgfmatrixcurrentrow=\count154
\pgfmatrixcurrentcolumn=\count155
\pgf@matrix@numberofcolumns=\count156
)
\tikz@expandcount=\count157

("C:\Program Files\MiKTeX 2.9\tex\generic\pgf\frontendlayer\tikz\libraries\tikz
librarytopaths.code.tex"
File: tikzlibrarytopaths.code.tex 2008/06/17 v3.0.0 (rcs-revision 1.2)
)))
("C:\Program Files\MiKTeX 2.9\tex\latex\adjustbox\adjustbox.sty"
Package: adjustbox 2012/05/21 v1.0 Adjusting TeX boxes (trim, clip, ...)

("C:\Program Files\MiKTeX 2.9\tex\latex\xkeyval\xkeyval.sty"
Package: xkeyval 2014/05/25 v2.7 package option processing (HA)

("C:\Program Files\MiKTeX 2.9\tex\generic\xkeyval\xkeyval.tex"
("C:\Program Files\MiKTeX 2.9\tex\generic\xkeyval\xkvutils.tex"
\XKV@toks=\toks34
\XKV@tempa@toks=\toks35
)
\XKV@depth=\count158
File: xkeyval.tex 2014/05/25 v2.7 key=value parser (HA)
))
("C:\Program Files\MiKTeX 2.9\tex\latex\adjustbox\adjcalc.sty"
Package: adjcalc 2012/05/16 v1.1 Provides advanced setlength with multiple back
-ends (calc, etex, pgfmath)
)
("C:\Program Files\MiKTeX 2.9\tex\latex\adjustbox\trimclip.sty"
Package: trimclip 2012/05/16 v1.0 Trim and clip general TeX material

("C:\Program Files\MiKTeX 2.9\tex\latex\collectbox\collectbox.sty"
Package: collectbox 2012/05/17 v0.4b Collect macro arguments as boxes
\collectedbox=\box53
)
\tc@llx=\dimen257
\tc@lly=\dimen258
\tc@urx=\dimen259
\tc@ury=\dimen260
Package trimclip Info: Using driver 'tc-xetex.def'.

("C:\Program Files\MiKTeX 2.9\tex\latex\adjustbox\tc-xetex.def"
File: tc-xetex.def 2012/05/13 v1.0 Clipping driver for xetex
))
\adjbox@Width=\dimen261
\adjbox@Height=\dimen262
\adjbox@Depth=\dimen263
\adjbox@Totalheight=\dimen264

("C:\Program Files\MiKTeX 2.9\tex\latex\ifoddpage\ifoddpage.sty"
Package: ifoddpage 2011/09/13 v1.0 Conditionals for odd/even page detection
\c@checkoddpage=\count159
)
("C:\Program Files\MiKTeX 2.9\tex\latex\ltxmisc\varwidth.sty"
Package: varwidth 2009/03/30 ver 0.92;  Variable-width minipages
\@vwid@box=\box54
\sift@deathcycles=\count160
\@vwid@loff=\dimen265
\@vwid@roff=\dimen266
))
(C:\Users\Florian\AppData\Roaming\MiKTeX\2.9\tex\latex\tcolorbox\tcolorbox.sty
Package: tcolorbox 2015/07/23 version 3.71 text color boxes

("C:\Program Files\MiKTeX 2.9\tex\latex\tools\verbatim.sty"
Package: verbatim 2003/08/22 v1.5q LaTeX2e package for verbatim enhancements
\every@verbatim=\toks36
\verbatim@line=\toks37
\verbatim@in@stream=\read3
)
("C:\Program Files\MiKTeX 2.9\tex\latex\environ\environ.sty"
Package: environ 2014/05/04 v0.3 A new way to define environments

("C:\Program Files\MiKTeX 2.9\tex\latex\trimspaces\trimspaces.sty"
Package: trimspaces 2009/09/17 v1.1 Trim spaces around a token list
)
\@envbody=\toks38
)
("C:\Program Files\MiKTeX 2.9\tex\latex\etoolbox\etoolbox.sty"
Package: etoolbox 2011/01/03 v2.1 e-TeX tools for LaTeX
\etb@tempcnta=\count161
)
\tcb@titlebox=\box55
\tcb@upperbox=\box56
\tcb@lowerbox=\box57
\tcb@phantombox=\box58
\c@tcbbreakpart=\count162
\c@tcblayer=\count163
\tcb@temp=\box59
\tcb@temp=\box60
\tcb@temp=\box61
\tcb@temp=\box62
\tcb@out=\write4
\tcb@record@out=\write5

(C:\Users\Florian\AppData\Roaming\MiKTeX\2.9\tex\latex\tcolorbox\tcbraster.code
.tex
Library (tcolorbox): 'tcbraster.code.tex' version '3.71'
\c@tcbrastercolumn=\count164
\c@tcbrasterrow=\count165
\c@tcbraster=\count166
)
(C:\Users\Florian\AppData\Roaming\MiKTeX\2.9\tex\latex\tcolorbox\tcbskins.code.
tex
Library (tcolorbox): 'tcbskins.code.tex' version '3.71'
\tcb@waterbox=\box63

(C:\Users\Florian\AppData\Roaming\MiKTeX\2.9\tex\latex\tcolorbox\tcbskinsjigsaw
.code.tex
Library (tcolorbox): 'tcbskinsjigsaw.code.tex' version '3.71'
))
(C:\Users\Florian\AppData\Roaming\MiKTeX\2.9\tex\latex\tcolorbox\tcbbreakable.c
ode.tex
Library (tcolorbox): 'tcbbreakable.code.tex' version '3.71'
\tcb@testbox=\box64
\tcb@totalupperbox=\box65
\tcb@totallowerbox=\box66
)
(C:\Users\Florian\AppData\Roaming\MiKTeX\2.9\tex\latex\tcolorbox\tcbhooks.code.
tex
Library (tcolorbox): 'tcbhooks.code.tex' version '3.71'
)
(C:\Users\Florian\AppData\Roaming\MiKTeX\2.9\tex\latex\tcolorbox\tcbtheorems.co
de.tex
Library (tcolorbox): 'tcbtheorems.code.tex' version '3.71'
("C:\Program Files\MiKTeX 2.9\tex\latex\amsmath\amsmath.sty"
Package: amsmath 2013/01/14 v2.14 AMS math features
\@mathmargin=\skip54

For additional information on amsmath, use the `?' option.
("C:\Program Files\MiKTeX 2.9\tex\latex\amsmath\amstext.sty"
Package: amstext 2000/06/29 v2.01

("C:\Program Files\MiKTeX 2.9\tex\latex\amsmath\amsgen.sty"
File: amsgen.sty 1999/11/30 v2.0
\@emptytoks=\toks39
\ex@=\dimen267
))
("C:\Program Files\MiKTeX 2.9\tex\latex\amsmath\amsbsy.sty"
Package: amsbsy 1999/11/29 v1.2d
\pmbraise@=\dimen268
)
("C:\Program Files\MiKTeX 2.9\tex\latex\amsmath\amsopn.sty"
Package: amsopn 1999/12/14 v2.01 operator names
)
\inf@bad=\count167
LaTeX Info: Redefining \frac on input line 210.
\uproot@=\count168
\leftroot@=\count169
LaTeX Info: Redefining \overline on input line 306.
\classnum@=\count170
\DOTSCASE@=\count171
LaTeX Info: Redefining \ldots on input line 378.
LaTeX Info: Redefining \dots on input line 381.
LaTeX Info: Redefining \cdots on input line 466.
\Mathstrutbox@=\box67
\strutbox@=\box68
\big@size=\dimen269
LaTeX Font Info:    Redeclaring font encoding OML on input line 566.
LaTeX Font Info:    Redeclaring font encoding OMS on input line 567.
\macc@depth=\count172
\c@MaxMatrixCols=\count173
\dotsspace@=\muskip17
\c@parentequation=\count174
\dspbrk@lvl=\count175
\tag@help=\toks40
\row@=\count176
\column@=\count177
\maxfields@=\count178
\andhelp@=\toks41
\eqnshift@=\dimen270
\alignsep@=\dimen271
\tagshift@=\dimen272
\tagwidth@=\dimen273
\totwidth@=\dimen274
\lineht@=\dimen275
\@envbody=\toks42
\multlinegap=\skip55
\multlinetaggap=\skip56
\mathdisplay@stack=\toks43
LaTeX Info: Redefining \[ on input line 2665.
LaTeX Info: Redefining \] on input line 2666.
))
(C:\Users\Florian\AppData\Roaming\MiKTeX\2.9\tex\latex\tcolorbox\tcbfitting.cod
e.tex
Library (tcolorbox): 'tcbfitting.code.tex' version '3.71'
\tcbfitdim=\dimen276
\tcb@lowerfitdim=\dimen277
\tcb@upperfitdim=\dimen278
\tcb@cur@hbadness=\count179
)
(C:\Users\Florian\AppData\Roaming\MiKTeX\2.9\tex\latex\tcolorbox\tcbxparse.code
.tex
Library (tcolorbox): 'tcbxparse.code.tex' version '3.71'
.................................................
. LaTeX info: "xparse/define-command"
. 
. Defining command \tcboxverb with sig. ' O{} v ' on line 128.
.................................................
)
(C:\Users\Florian\AppData\Roaming\MiKTeX\2.9\tex\latex\tcolorbox\tcblistingsutf
8.code.tex
Library (tcolorbox): 'tcblistingsutf8.code.tex' version '3.71'
("C:\Program Files\MiKTeX 2.9\tex\latex\oberdiek\listingsutf8.sty"
Package: listingsutf8 2011/11/10 v1.2 Allow UTF-8 in listings input (HO)

("C:\Program Files\MiKTeX 2.9\tex\latex\listings\listings.sty"
\lst@mode=\count180
\lst@gtempboxa=\box69
\lst@token=\toks44
\lst@length=\count181
\lst@currlwidth=\dimen279
\lst@column=\count182
\lst@pos=\count183
\lst@lostspace=\dimen280
\lst@width=\dimen281
\lst@newlines=\count184
\lst@lineno=\count185
\lst@maxwidth=\dimen282

("C:\Program Files\MiKTeX 2.9\tex\latex\listings\lstmisc.sty"
File: lstmisc.sty 2014/09/06 1.5e (Carsten Heinz)
\c@lstnumber=\count186
\lst@skipnumbers=\count187
\lst@framebox=\box70
)
("C:\Program Files\MiKTeX 2.9\tex\latex\listings\listings.cfg"
File: listings.cfg 2014/09/06 1.5e listings configuration
))
Package: listings 2014/09/06 1.5e (Carsten Heinz)


Package listingsutf8 Warning: Package loading is aborted because of missing \pd
f@unescapehex.
(listingsutf8)                It is provided by pdfTeX >= 1.30.

)
(C:\Users\Florian\AppData\Roaming\MiKTeX\2.9\tex\latex\tcolorbox\tcblistings.co
de.tex
Library (tcolorbox): 'tcblistings.code.tex' version '3.71'

(C:\Users\Florian\AppData\Roaming\MiKTeX\2.9\tex\latex\tcolorbox\tcblistingscor
e.code.tex
Library (tcolorbox): 'tcblistingscore.code.tex' version '3.71'
\c@tcblisting=\count188
)))
(C:\Users\Florian\AppData\Roaming\MiKTeX\2.9\tex\latex\tcolorbox\tcbexternal.co
de.tex
Library (tcolorbox): 'tcbexternal.code.tex' version '3.71'
)
(C:\Users\Florian\AppData\Roaming\MiKTeX\2.9\tex\latex\tcolorbox\tcbmagazine.co
de.tex
Library (tcolorbox): 'tcbmagazine.code.tex' version '3.71'
)) ("C:\Program Files\MiKTeX 2.9\tex\latex\upquote\upquote.sty"
Package: upquote 2012/04/19 v1.3 upright-quote and grave-accent glyphs in verba
tim

("C:\Program Files\MiKTeX 2.9\tex\latex\base\textcomp.sty"
Package: textcomp 2005/09/27 v1.99g Standard LaTeX package
Package textcomp Info: Sub-encoding information:
(textcomp)               5 = only ISO-Adobe without \textcurrency
(textcomp)               4 = 5 + \texteuro
(textcomp)               3 = 4 + \textohm
(textcomp)               2 = 3 + \textestimated + \textcurrency
(textcomp)               1 = TS1 - \textcircled - \t
(textcomp)               0 = TS1 (full)
(textcomp)             Font families with sub-encoding setting implement
(textcomp)             only a restricted character set as indicated.
(textcomp)             Family '?' is the default used for unknown fonts.
(textcomp)             See the documentation for details.
Package textcomp Info: Setting ? sub-encoding to TS1/1 on input line 71.

("C:\Program Files\MiKTeX 2.9\tex\latex\base\ts1enc.def"
File: ts1enc.def 2001/06/05 v3.0e (jk/car/fm) Standard LaTeX file
)
LaTeX Info: Redefining \oldstylenums on input line 266.
Package textcomp Info: Setting cmr sub-encoding to TS1/0 on input line 281.
Package textcomp Info: Setting cmss sub-encoding to TS1/0 on input line 282.
Package textcomp Info: Setting cmtt sub-encoding to TS1/0 on input line 283.
Package textcomp Info: Setting cmvtt sub-encoding to TS1/0 on input line 284.
Package textcomp Info: Setting cmbr sub-encoding to TS1/0 on input line 285.
Package textcomp Info: Setting cmtl sub-encoding to TS1/0 on input line 286.
Package textcomp Info: Setting ccr sub-encoding to TS1/0 on input line 287.
Package textcomp Info: Setting ptm sub-encoding to TS1/4 on input line 288.
Package textcomp Info: Setting pcr sub-encoding to TS1/4 on input line 289.
Package textcomp Info: Setting phv sub-encoding to TS1/4 on input line 290.
Package textcomp Info: Setting ppl sub-encoding to TS1/3 on input line 291.
Package textcomp Info: Setting pag sub-encoding to TS1/4 on input line 292.
Package textcomp Info: Setting pbk sub-encoding to TS1/4 on input line 293.
Package textcomp Info: Setting pnc sub-encoding to TS1/4 on input line 294.
Package textcomp Info: Setting pzc sub-encoding to TS1/4 on input line 295.
Package textcomp Info: Setting bch sub-encoding to TS1/4 on input line 296.
Package textcomp Info: Setting put sub-encoding to TS1/5 on input line 297.
Package textcomp Info: Setting uag sub-encoding to TS1/5 on input line 298.
Package textcomp Info: Setting ugq sub-encoding to TS1/5 on input line 299.
Package textcomp Info: Setting ul8 sub-encoding to TS1/4 on input line 300.
Package textcomp Info: Setting ul9 sub-encoding to TS1/4 on input line 301.
Package textcomp Info: Setting augie sub-encoding to TS1/5 on input line 302.
Package textcomp Info: Setting dayrom sub-encoding to TS1/3 on input line 303.
Package textcomp Info: Setting dayroms sub-encoding to TS1/3 on input line 304.

Package textcomp Info: Setting pxr sub-encoding to TS1/0 on input line 305.
Package textcomp Info: Setting pxss sub-encoding to TS1/0 on input line 306.
Package textcomp Info: Setting pxtt sub-encoding to TS1/0 on input line 307.
Package textcomp Info: Setting txr sub-encoding to TS1/0 on input line 308.
Package textcomp Info: Setting txss sub-encoding to TS1/0 on input line 309.
Package textcomp Info: Setting txtt sub-encoding to TS1/0 on input line 310.
Package textcomp Info: Setting lmr sub-encoding to TS1/0 on input line 311.
Package textcomp Info: Setting lmdh sub-encoding to TS1/0 on input line 312.
Package textcomp Info: Setting lmss sub-encoding to TS1/0 on input line 313.
Package textcomp Info: Setting lmssq sub-encoding to TS1/0 on input line 314.
Package textcomp Info: Setting lmvtt sub-encoding to TS1/0 on input line 315.
Package textcomp Info: Setting qhv sub-encoding to TS1/0 on input line 316.
Package textcomp Info: Setting qag sub-encoding to TS1/0 on input line 317.
Package textcomp Info: Setting qbk sub-encoding to TS1/0 on input line 318.
Package textcomp Info: Setting qcr sub-encoding to TS1/0 on input line 319.
Package textcomp Info: Setting qcs sub-encoding to TS1/0 on input line 320.
Package textcomp Info: Setting qpl sub-encoding to TS1/0 on input line 321.
Package textcomp Info: Setting qtm sub-encoding to TS1/0 on input line 322.
Package textcomp Info: Setting qzc sub-encoding to TS1/0 on input line 323.
Package textcomp Info: Setting qhvc sub-encoding to TS1/0 on input line 324.
Package textcomp Info: Setting futs sub-encoding to TS1/4 on input line 325.
Package textcomp Info: Setting futx sub-encoding to TS1/4 on input line 326.
Package textcomp Info: Setting futj sub-encoding to TS1/4 on input line 327.
Package textcomp Info: Setting hlh sub-encoding to TS1/3 on input line 328.
Package textcomp Info: Setting hls sub-encoding to TS1/3 on input line 329.
Package textcomp Info: Setting hlst sub-encoding to TS1/3 on input line 330.
Package textcomp Info: Setting hlct sub-encoding to TS1/5 on input line 331.
Package textcomp Info: Setting hlx sub-encoding to TS1/5 on input line 332.
Package textcomp Info: Setting hlce sub-encoding to TS1/5 on input line 333.
Package textcomp Info: Setting hlcn sub-encoding to TS1/5 on input line 334.
Package textcomp Info: Setting hlcw sub-encoding to TS1/5 on input line 335.
Package textcomp Info: Setting hlcf sub-encoding to TS1/5 on input line 336.
Package textcomp Info: Setting pplx sub-encoding to TS1/3 on input line 337.
Package textcomp Info: Setting pplj sub-encoding to TS1/3 on input line 338.
Package textcomp Info: Setting ptmx sub-encoding to TS1/4 on input line 339.
Package textcomp Info: Setting ptmj sub-encoding to TS1/4 on input line 340.
))
("C:\Users\Florian\Dropbox\data science\calendar\calendar1\Update\calendarMaste
r.aux"

LaTeX Warning: Label `notlastpage' multiply defined.


LaTeX Warning: Label `notlastpage' multiply defined.


LaTeX Warning: Label `notlastpage' multiply defined.


LaTeX Warning: Label `notlastpage' multiply defined.

)
LaTeX Font Info:    Checking defaults for OML/cmm/m/it on input line 140.
LaTeX Font Info:    ... okay on input line 140.
LaTeX Font Info:    Checking defaults for T1/cmr/m/n on input line 140.
LaTeX Font Info:    ... okay on input line 140.
LaTeX Font Info:    Checking defaults for OT1/cmr/m/n on input line 140.
LaTeX Font Info:    ... okay on input line 140.
LaTeX Font Info:    Checking defaults for OMS/cmsy/m/n on input line 140.
LaTeX Font Info:    ... okay on input line 140.
LaTeX Font Info:    Checking defaults for OMX/cmex/m/n on input line 140.
LaTeX Font Info:    ... okay on input line 140.
LaTeX Font Info:    Checking defaults for U/cmr/m/n on input line 140.
LaTeX Font Info:    ... okay on input line 140.
LaTeX Font Info:    Checking defaults for EU1/lmr/m/n on input line 140.
LaTeX Font Info:    ... okay on input line 140.
LaTeX Font Info:    Checking defaults for T3/cmr/m/n on input line 140.
LaTeX Font Info:    Try loading font information for T3+cmr on input line 140.
 ("C:\Program Files\MiKTeX 2.9\tex\latex\tipa\t3cmr.fd"
File: t3cmr.fd 2001/12/31 TIPA font definitions
)
LaTeX Font Info:    ... okay on input line 140.
LaTeX Font Info:    Checking defaults for PD1/pdf/m/n on input line 140.
LaTeX Font Info:    ... okay on input line 140.
LaTeX Font Info:    Checking defaults for PU/pdf/m/n on input line 140.
LaTeX Font Info:    ... okay on input line 140.
LaTeX Font Info:    Checking defaults for TS1/cmr/m/n on input line 140.
LaTeX Font Info:    Try loading font information for TS1+cmr on input line 140.


("C:\Program Files\MiKTeX 2.9\tex\latex\base\ts1cmr.fd"
File: ts1cmr.fd 1999/05/25 v2.5h Standard LaTeX font definitions
)
LaTeX Font Info:    ... okay on input line 140.

*geometry* detected driver: pdftex
*geometry* verbose mode - [ preamble ] result:
* driver: pdftex
* paper: a4paper
* layout: <same size as paper>
* layoutoffset:(h,v)=(0.0pt,0.0pt)
* modes: twoside 
* h-part:(L,W,R)=(71.13188pt, 469.47049pt, 56.9055pt)
* v-part:(T,H,B)=(56.9055pt, 731.23584pt, 56.9055pt)
* \paperwidth=597.50787pt
* \paperheight=845.04684pt
* \textwidth=469.47049pt
* \textheight=731.23584pt
* \oddsidemargin=-1.1381pt
* \evensidemargin=-15.36449pt
* \topmargin=-47.23828pt
* \headheight=12.0pt
* \headsep=19.8738pt
* \topskip=11.0pt
* \footskip=27.46295pt
* \marginparwidth=106.0pt
* \marginparsep=7.0pt
* \columnsep=10.0pt
* \skip\footins=10.0pt plus 4.0pt minus 2.0pt
* \hoffset=0.0pt
* \voffset=0.0pt
* \mag=1000
* \@twocolumnfalse
* \@twosidetrue
* \@mparswitchtrue
* \@reversemarginfalse
* (1in=72.27pt=25.4mm, 1cm=28.453pt)

\AtBeginShipoutBox=\box71
Package hyperref Info: Link coloring OFF on input line 140.
("C:\Program Files\MiKTeX 2.9\tex\latex\hyperref\nameref.sty"
Package: nameref 2012/10/27 v2.43 Cross-referencing by name of section

("C:\Program Files\MiKTeX 2.9\tex\generic\oberdiek\gettitlestring.sty"
Package: gettitlestring 2010/12/03 v1.4 Cleanup title references (HO)
)
\c@section@level=\count189
)
LaTeX Info: Redefining \ref on input line 140.
LaTeX Info: Redefining \pageref on input line 140.
LaTeX Info: Redefining \nameref on input line 140.

("C:\Users\Florian\Dropbox\data science\calendar\calendar1\Update\calendarMaste
r.out")
("C:\Users\Florian\Dropbox\data science\calendar\calendar1\Update\calendarMaste
r.out")
\@outlinefile=\write6
 ABD: EveryShipout initializing macros
\c@lstlisting=\count190

("C:\Program Files\MiKTeX 2.9\tex\latex\base\inputenc.sty"
Package: inputenc 2014/04/30 v1.2b Input encoding file
\inpenc@prehook=\toks45
\inpenc@posthook=\toks46
)
Requested font "[lmroman17-regular]:mapping=tex-text" at 17.28pt
 -> C:/Program Files/MiKTeX 2.9/fonts/opentype/public/lm/lmroman17-regular.otf
LaTeX Font Info:    Try loading font information for EU1+lmtt on input line 159
.

("C:\Program Files\MiKTeX 2.9\tex\latex\euenc\eu1lmtt.fd"
File: eu1lmtt.fd 2009/10/30 v1.6 Font defs for Latin Modern
)
Requested font "[lmmono12-regular]" at 17.28pt
 -> C:/Program Files/MiKTeX 2.9/fonts/opentype/public/lm/lmmono12-regular.otf
LaTeX Font Info:    Try loading font information for OT1+lmr on input line 159.


("C:\Program Files\MiKTeX 2.9\tex\latex\lm\ot1lmr.fd"
File: ot1lmr.fd 2009/10/30 v1.6 Font defs for Latin Modern
)
Requested font "rm-lmr17" at 17.28pt
Requested font "rm-lmr12" at 12.0pt
Requested font "rm-lmr10" at 10.0pt
LaTeX Font Info:    Try loading font information for OML+lmm on input line 159.


("C:\Program Files\MiKTeX 2.9\tex\latex\lm\omllmm.fd"
File: omllmm.fd 2009/10/30 v1.6 Font defs for Latin Modern
)
Requested font "lmmi12" at 17.28pt
Requested font "lmmi12" at 12.0pt
Requested font "lmmi10" at 10.0pt
LaTeX Font Info:    Try loading font information for OMS+lmsy on input line 159
.

("C:\Program Files\MiKTeX 2.9\tex\latex\lm\omslmsy.fd"
File: omslmsy.fd 2009/10/30 v1.6 Font defs for Latin Modern
)
Requested font "lmsy10" at 17.28pt
Requested font "lmsy10" at 12.0pt
Requested font "lmsy10" at 10.0pt
LaTeX Font Info:    Try loading font information for OMX+lmex on input line 159
.

("C:\Program Files\MiKTeX 2.9\tex\latex\lm\omxlmex.fd"
File: omxlmex.fd 2009/10/30 v1.6 Font defs for Latin Modern
)
LaTeX Font Info:    External font `lmex10' loaded for size
(Font)              <17.28> on input line 159.
Requested font "lmex10" scaled 1000
LaTeX Font Info:    External font `lmex10' loaded for size
(Font)              <12> on input line 159.
LaTeX Font Info:    External font `lmex10' loaded for size
(Font)              <10> on input line 159.
Requested font "[lmroman12-regular]:mapping=tex-text" at 12.0pt
 -> C:/Program Files/MiKTeX 2.9/fonts/opentype/public/lm/lmroman12-regular.otf
Requested font "rm-lmr8" at 8.0pt
Requested font "rm-lmr6" at 6.0pt
Requested font "lmmi8" at 8.0pt
Requested font "lmmi6" at 6.0pt
Requested font "lmsy8" at 8.0pt
Requested font "lmsy6" at 6.0pt
LaTeX Font Info:    External font `lmex10' loaded for size
(Font)              <8> on input line 159.
LaTeX Font Info:    External font `lmex10' loaded for size
(Font)              <6> on input line 159.
Requested font "FontAwesome/OT:" at 12.0pt
 -> C:/Program Files (x86)/MiKTeX 2.9/fonts/truetype/public/fontawesome/fontawe
some-webfont.ttf

Overfull \hbox (12.0pt too wide) in paragraph at lines 159--159
 [][] 
 []

("C:\Program Files\MiKTeX 2.9\tex\generic\oberdiek\se-ascii-print.def"
File: se-ascii-print.def 2011/12/02 v1.10 stringenc: Printable ASCII characters

)
[1



]
Requested font "rm-lmr10" at 10.95pt
Requested font "lmmi10" at 10.95pt
Requested font "lmsy10" at 10.95pt
LaTeX Font Info:    External font `lmex10' loaded for size
(Font)              <10.95> on input line 167.
Requested font "[lmroman5-regular]:mapping=tex-text" at 5.0pt
 -> C:/Program Files/MiKTeX 2.9/fonts/opentype/public/lm/lmroman5-regular.otf

Underfull \hbox (badness 10000) in paragraph at lines 170--172

 []

Requested font "rm-lmr5" at 5.0pt
Requested font "lmmi5" at 5.0pt
Requested font "lmsy5" at 5.0pt
LaTeX Font Info:    External font `lmex10' loaded for size
(Font)              <5> on input line 173.

Underfull \hbox (badness 10000) in paragraph at lines 173--190

 []


Underfull \hbox (badness 10000) in paragraph at lines 193--195

 []


Underfull \hbox (badness 10000) in paragraph at lines 196--213

 []


Underfull \hbox (badness 10000) in paragraph at lines 216--218

 []


Underfull \hbox (badness 10000) in paragraph at lines 219--236

 []

[2]
Underfull \hbox (badness 10000) in paragraph at lines 244--246

 []


Underfull \hbox (badness 10000) in paragraph at lines 247--264

 []


Underfull \hbox (badness 10000) in paragraph at lines 267--269

 []


Underfull \hbox (badness 10000) in paragraph at lines 270--287

 []

[3

]
Underfull \hbox (badness 10000) in paragraph at lines 307--309

 []


Underfull \hbox (badness 10000) in paragraph at lines 310--327

 []


Underfull \hbox (badness 10000) in paragraph at lines 330--332

 []


Underfull \hbox (badness 10000) in paragraph at lines 333--350

 []


Underfull \hbox (badness 10000) in paragraph at lines 353--355

 []


Underfull \hbox (badness 10000) in paragraph at lines 356--373

 []

[4

]
Underfull \hbox (badness 10000) in paragraph at lines 381--383

 []


Underfull \hbox (badness 10000) in paragraph at lines 384--401

 []


Underfull \hbox (badness 10000) in paragraph at lines 404--406

 []


Underfull \hbox (badness 10000) in paragraph at lines 407--424

 []

[5

]
Underfull \hbox (badness 10000) in paragraph at lines 444--446

 []


Underfull \hbox (badness 10000) in paragraph at lines 447--464

 []


Underfull \hbox (badness 10000) in paragraph at lines 467--469

 []


Underfull \hbox (badness 10000) in paragraph at lines 470--487

 []


Underfull \hbox (badness 10000) in paragraph at lines 490--492

 []


Underfull \hbox (badness 10000) in paragraph at lines 493--510

 []

[6

]
Underfull \hbox (badness 10000) in paragraph at lines 518--520

 []


Underfull \hbox (badness 10000) in paragraph at lines 521--538

 []


Underfull \hbox (badness 10000) in paragraph at lines 541--543

 []


Underfull \hbox (badness 10000) in paragraph at lines 544--561

 []

[7

]
Underfull \hbox (badness 10000) in paragraph at lines 581--583

 []


Underfull \hbox (badness 10000) in paragraph at lines 584--601

 []


Underfull \hbox (badness 10000) in paragraph at lines 604--606

 []


Underfull \hbox (badness 10000) in paragraph at lines 607--624

 []


Underfull \hbox (badness 10000) in paragraph at lines 627--629

 []


Underfull \hbox (badness 10000) in paragraph at lines 630--647

 []

[8

]
Underfull \hbox (badness 10000) in paragraph at lines 655--657

 []


Underfull \hbox (badness 10000) in paragraph at lines 658--675

 []


Underfull \hbox (badness 10000) in paragraph at lines 678--680

 []


Underfull \hbox (badness 10000) in paragraph at lines 681--698

 []

[9

]
Underfull \hbox (badness 10000) in paragraph at lines 718--720

 []


Underfull \hbox (badness 10000) in paragraph at lines 721--738

 []


Underfull \hbox (badness 10000) in paragraph at lines 741--743

 []


Underfull \hbox (badness 10000) in paragraph at lines 744--761

 []


Underfull \hbox (badness 10000) in paragraph at lines 764--766

 []


Underfull \hbox (badness 10000) in paragraph at lines 767--784

 []

[10

]
Underfull \hbox (badness 10000) in paragraph at lines 792--794

 []


Underfull \hbox (badness 10000) in paragraph at lines 795--812

 []


Underfull \hbox (badness 10000) in paragraph at lines 815--817

 []


Underfull \hbox (badness 10000) in paragraph at lines 818--835

 []

[11

]
Underfull \hbox (badness 10000) in paragraph at lines 855--857

 []


Underfull \hbox (badness 10000) in paragraph at lines 858--875

 []


Underfull \hbox (badness 10000) in paragraph at lines 878--880

 []


Underfull \hbox (badness 10000) in paragraph at lines 881--898

 []


Underfull \hbox (badness 10000) in paragraph at lines 901--903

 []


Underfull \hbox (badness 10000) in paragraph at lines 904--921

 []

[12

]
Underfull \hbox (badness 10000) in paragraph at lines 929--931

 []


Underfull \hbox (badness 10000) in paragraph at lines 932--949

 []


Underfull \hbox (badness 10000) in paragraph at lines 952--954

 []


Underfull \hbox (badness 10000) in paragraph at lines 955--972

 []

[13

]
Underfull \hbox (badness 10000) in paragraph at lines 992--994

 []


Underfull \hbox (badness 10000) in paragraph at lines 995--1012

 []


Underfull \hbox (badness 10000) in paragraph at lines 1015--1017

 []


Underfull \hbox (badness 10000) in paragraph at lines 1018--1035

 []


Underfull \hbox (badness 10000) in paragraph at lines 1038--1040

 []


Underfull \hbox (badness 10000) in paragraph at lines 1041--1058

 []

[14

]
Underfull \hbox (badness 10000) in paragraph at lines 1066--1068

 []


Underfull \hbox (badness 10000) in paragraph at lines 1069--1086

 []


Underfull \hbox (badness 10000) in paragraph at lines 1089--1091

 []


Underfull \hbox (badness 10000) in paragraph at lines 1092--1109

 []

[15

]
Underfull \hbox (badness 10000) in paragraph at lines 1129--1131

 []


Underfull \hbox (badness 10000) in paragraph at lines 1132--1149

 []


Underfull \hbox (badness 10000) in paragraph at lines 1152--1154

 []


Underfull \hbox (badness 10000) in paragraph at lines 1155--1172

 []


Underfull \hbox (badness 10000) in paragraph at lines 1175--1177

 []


Underfull \hbox (badness 10000) in paragraph at lines 1178--1195

 []

[16

]
Underfull \hbox (badness 10000) in paragraph at lines 1203--1205

 []


Underfull \hbox (badness 10000) in paragraph at lines 1206--1223

 []


Underfull \hbox (badness 10000) in paragraph at lines 1226--1228

 []


Underfull \hbox (badness 10000) in paragraph at lines 1229--1246

 []

[17

]
Underfull \hbox (badness 10000) in paragraph at lines 1266--1268

 []


Underfull \hbox (badness 10000) in paragraph at lines 1269--1286

 []


Underfull \hbox (badness 10000) in paragraph at lines 1289--1291

 []


Underfull \hbox (badness 10000) in paragraph at lines 1292--1309

 []


Underfull \hbox (badness 10000) in paragraph at lines 1312--1314

 []


Underfull \hbox (badness 10000) in paragraph at lines 1315--1332

 []

[18

]
Underfull \hbox (badness 10000) in paragraph at lines 1340--1342

 []


Underfull \hbox (badness 10000) in paragraph at lines 1343--1360

 []


Underfull \hbox (badness 10000) in paragraph at lines 1363--1365

 []


Underfull \hbox (badness 10000) in paragraph at lines 1366--1383

 []

[19

]
Underfull \hbox (badness 10000) in paragraph at lines 1403--1405

 []


Underfull \hbox (badness 10000) in paragraph at lines 1406--1423

 []


Underfull \hbox (badness 10000) in paragraph at lines 1426--1428

 []


Underfull \hbox (badness 10000) in paragraph at lines 1429--1446

 []


Underfull \hbox (badness 10000) in paragraph at lines 1449--1451

 []


Underfull \hbox (badness 10000) in paragraph at lines 1452--1469

 []

[20

]
Underfull \hbox (badness 10000) in paragraph at lines 1477--1479

 []


Underfull \hbox (badness 10000) in paragraph at lines 1480--1497

 []


Underfull \hbox (badness 10000) in paragraph at lines 1500--1502

 []


Underfull \hbox (badness 10000) in paragraph at lines 1503--1520

 []

[21

]
Underfull \hbox (badness 10000) in paragraph at lines 1540--1542

 []


Underfull \hbox (badness 10000) in paragraph at lines 1543--1560

 []


Underfull \hbox (badness 10000) in paragraph at lines 1563--1565

 []


Underfull \hbox (badness 10000) in paragraph at lines 1566--1583

 []


Underfull \hbox (badness 10000) in paragraph at lines 1586--1588

 []


Underfull \hbox (badness 10000) in paragraph at lines 1589--1606

 []

[22

]
Underfull \hbox (badness 10000) in paragraph at lines 1614--1616

 []


Underfull \hbox (badness 10000) in paragraph at lines 1617--1634

 []


Underfull \hbox (badness 10000) in paragraph at lines 1637--1639

 []


Underfull \hbox (badness 10000) in paragraph at lines 1640--1657

 []

[23

]
Underfull \hbox (badness 10000) in paragraph at lines 1677--1679

 []


Underfull \hbox (badness 10000) in paragraph at lines 1680--1697

 []


Underfull \hbox (badness 10000) in paragraph at lines 1700--1702

 []


Underfull \hbox (badness 10000) in paragraph at lines 1703--1720

 []


Underfull \hbox (badness 10000) in paragraph at lines 1723--1725

 []


Underfull \hbox (badness 10000) in paragraph at lines 1726--1743

 []

[24

]
Underfull \hbox (badness 10000) in paragraph at lines 1751--1753

 []


Underfull \hbox (badness 10000) in paragraph at lines 1754--1771

 []


Underfull \hbox (badness 10000) in paragraph at lines 1774--1776

 []


Underfull \hbox (badness 10000) in paragraph at lines 1777--1794

 []

[25

]
Underfull \hbox (badness 10000) in paragraph at lines 1814--1816

 []


Underfull \hbox (badness 10000) in paragraph at lines 1817--1834

 []


Underfull \hbox (badness 10000) in paragraph at lines 1837--1839

 []


Underfull \hbox (badness 10000) in paragraph at lines 1840--1857

 []


Underfull \hbox (badness 10000) in paragraph at lines 1860--1862

 []


Underfull \hbox (badness 10000) in paragraph at lines 1863--1880

 []

[26

]
Underfull \hbox (badness 10000) in paragraph at lines 1888--1890

 []


Underfull \hbox (badness 10000) in paragraph at lines 1891--1908

 []


Underfull \hbox (badness 10000) in paragraph at lines 1911--1913

 []


Underfull \hbox (badness 10000) in paragraph at lines 1914--1931

 []

[27

]
Underfull \hbox (badness 10000) in paragraph at lines 1951--1953

 []


Underfull \hbox (badness 10000) in paragraph at lines 1954--1971

 []


Underfull \hbox (badness 10000) in paragraph at lines 1974--1976

 []


Underfull \hbox (badness 10000) in paragraph at lines 1977--1994

 []


Underfull \hbox (badness 10000) in paragraph at lines 1997--1999

 []


Underfull \hbox (badness 10000) in paragraph at lines 2000--2017

 []

[28

]
Underfull \hbox (badness 10000) in paragraph at lines 2025--2027

 []


Underfull \hbox (badness 10000) in paragraph at lines 2028--2045

 []


Underfull \hbox (badness 10000) in paragraph at lines 2048--2050

 []


Underfull \hbox (badness 10000) in paragraph at lines 2051--2068

 []

[29

]
Underfull \hbox (badness 10000) in paragraph at lines 2088--2090

 []


Underfull \hbox (badness 10000) in paragraph at lines 2091--2108

 []


Underfull \hbox (badness 10000) in paragraph at lines 2111--2113

 []


Underfull \hbox (badness 10000) in paragraph at lines 2114--2131

 []


Underfull \hbox (badness 10000) in paragraph at lines 2134--2136

 []


Underfull \hbox (badness 10000) in paragraph at lines 2137--2154

 []

[30

]
Underfull \hbox (badness 10000) in paragraph at lines 2162--2164

 []


Underfull \hbox (badness 10000) in paragraph at lines 2165--2182

 []


Underfull \hbox (badness 10000) in paragraph at lines 2185--2187

 []


Underfull \hbox (badness 10000) in paragraph at lines 2188--2205

 []

[31

]
Underfull \hbox (badness 10000) in paragraph at lines 2225--2227

 []


Underfull \hbox (badness 10000) in paragraph at lines 2228--2245

 []


Underfull \hbox (badness 10000) in paragraph at lines 2248--2250

 []


Underfull \hbox (badness 10000) in paragraph at lines 2251--2268

 []


Underfull \hbox (badness 10000) in paragraph at lines 2271--2273

 []


Underfull \hbox (badness 10000) in paragraph at lines 2274--2291

 []

[32

]
Underfull \hbox (badness 10000) in paragraph at lines 2299--2301

 []


Underfull \hbox (badness 10000) in paragraph at lines 2302--2319

 []


Underfull \hbox (badness 10000) in paragraph at lines 2322--2324

 []


Underfull \hbox (badness 10000) in paragraph at lines 2325--2342

 []

[33

]
Underfull \hbox (badness 10000) in paragraph at lines 2362--2364

 []


Underfull \hbox (badness 10000) in paragraph at lines 2365--2382

 []


Underfull \hbox (badness 10000) in paragraph at lines 2385--2387

 []


Underfull \hbox (badness 10000) in paragraph at lines 2388--2405

 []


Underfull \hbox (badness 10000) in paragraph at lines 2408--2410

 []


Underfull \hbox (badness 10000) in paragraph at lines 2411--2428

 []

[34

]
Underfull \hbox (badness 10000) in paragraph at lines 2436--2438

 []


Underfull \hbox (badness 10000) in paragraph at lines 2439--2456

 []


Underfull \hbox (badness 10000) in paragraph at lines 2459--2461

 []


Underfull \hbox (badness 10000) in paragraph at lines 2462--2479

 []

[35

]
Underfull \hbox (badness 10000) in paragraph at lines 2499--2501

 []


Underfull \hbox (badness 10000) in paragraph at lines 2502--2519

 []


Underfull \hbox (badness 10000) in paragraph at lines 2522--2524

 []


Underfull \hbox (badness 10000) in paragraph at lines 2525--2542

 []


Underfull \hbox (badness 10000) in paragraph at lines 2545--2547

 []


Underfull \hbox (badness 10000) in paragraph at lines 2548--2565

 []

[36

]
Underfull \hbox (badness 10000) in paragraph at lines 2573--2575

 []


Underfull \hbox (badness 10000) in paragraph at lines 2576--2593

 []


Underfull \hbox (badness 10000) in paragraph at lines 2596--2598

 []


Underfull \hbox (badness 10000) in paragraph at lines 2599--2616

 []

[37

]
Underfull \hbox (badness 10000) in paragraph at lines 2636--2638

 []


Underfull \hbox (badness 10000) in paragraph at lines 2639--2656

 []


Underfull \hbox (badness 10000) in paragraph at lines 2659--2661

 []


Underfull \hbox (badness 10000) in paragraph at lines 2662--2679

 []


Underfull \hbox (badness 10000) in paragraph at lines 2682--2684

 []


Underfull \hbox (badness 10000) in paragraph at lines 2685--2702

 []

[38

]
Underfull \hbox (badness 10000) in paragraph at lines 2710--2712

 []


Underfull \hbox (badness 10000) in paragraph at lines 2713--2730

 []


Underfull \hbox (badness 10000) in paragraph at lines 2733--2735

 []


Underfull \hbox (badness 10000) in paragraph at lines 2736--2753

 []

[39

]
Underfull \hbox (badness 10000) in paragraph at lines 2773--2775

 []


Underfull \hbox (badness 10000) in paragraph at lines 2776--2793

 []


Underfull \hbox (badness 10000) in paragraph at lines 2796--2798

 []


Underfull \hbox (badness 10000) in paragraph at lines 2799--2816

 []


Underfull \hbox (badness 10000) in paragraph at lines 2819--2821

 []


Underfull \hbox (badness 10000) in paragraph at lines 2822--2839

 []

[40

]
Underfull \hbox (badness 10000) in paragraph at lines 2847--2849

 []


Underfull \hbox (badness 10000) in paragraph at lines 2850--2867

 []


Underfull \hbox (badness 10000) in paragraph at lines 2870--2872

 []


Underfull \hbox (badness 10000) in paragraph at lines 2873--2890

 []

[41

]
Underfull \hbox (badness 10000) in paragraph at lines 2910--2912

 []


Underfull \hbox (badness 10000) in paragraph at lines 2913--2930

 []


Underfull \hbox (badness 10000) in paragraph at lines 2933--2935

 []


Underfull \hbox (badness 10000) in paragraph at lines 2936--2953

 []


Underfull \hbox (badness 10000) in paragraph at lines 2956--2958

 []


Underfull \hbox (badness 10000) in paragraph at lines 2959--2976

 []

[42

]
Underfull \hbox (badness 10000) in paragraph at lines 2984--2986

 []


Underfull \hbox (badness 10000) in paragraph at lines 2987--3004

 []


Underfull \hbox (badness 10000) in paragraph at lines 3007--3009

 []


Underfull \hbox (badness 10000) in paragraph at lines 3010--3027

 []

[43

]
Underfull \hbox (badness 10000) in paragraph at lines 3047--3049

 []


Underfull \hbox (badness 10000) in paragraph at lines 3050--3067

 []


Underfull \hbox (badness 10000) in paragraph at lines 3070--3072

 []


Underfull \hbox (badness 10000) in paragraph at lines 3073--3090

 []


Underfull \hbox (badness 10000) in paragraph at lines 3093--3095

 []


Underfull \hbox (badness 10000) in paragraph at lines 3096--3113

 []

[44

]
Underfull \hbox (badness 10000) in paragraph at lines 3121--3123

 []


Underfull \hbox (badness 10000) in paragraph at lines 3124--3141

 []


Underfull \hbox (badness 10000) in paragraph at lines 3144--3146

 []


Underfull \hbox (badness 10000) in paragraph at lines 3147--3164

 []

[45

]
Underfull \hbox (badness 10000) in paragraph at lines 3184--3186

 []


Underfull \hbox (badness 10000) in paragraph at lines 3187--3204

 []


Underfull \hbox (badness 10000) in paragraph at lines 3207--3209

 []


Underfull \hbox (badness 10000) in paragraph at lines 3210--3227

 []


Underfull \hbox (badness 10000) in paragraph at lines 3230--3232

 []


Underfull \hbox (badness 10000) in paragraph at lines 3233--3250

 []

[46

]
Underfull \hbox (badness 10000) in paragraph at lines 3258--3260

 []


Underfull \hbox (badness 10000) in paragraph at lines 3261--3278

 []


Underfull \hbox (badness 10000) in paragraph at lines 3281--3283

 []


Underfull \hbox (badness 10000) in paragraph at lines 3284--3301

 []

[47

]
Underfull \hbox (badness 10000) in paragraph at lines 3321--3323

 []


Underfull \hbox (badness 10000) in paragraph at lines 3324--3341

 []


Underfull \hbox (badness 10000) in paragraph at lines 3344--3346

 []


Underfull \hbox (badness 10000) in paragraph at lines 3347--3364

 []


Underfull \hbox (badness 10000) in paragraph at lines 3367--3369

 []


Underfull \hbox (badness 10000) in paragraph at lines 3370--3387

 []

[48

]
Underfull \hbox (badness 10000) in paragraph at lines 3395--3397

 []


Underfull \hbox (badness 10000) in paragraph at lines 3398--3415

 []


Underfull \hbox (badness 10000) in paragraph at lines 3418--3420

 []


Underfull \hbox (badness 10000) in paragraph at lines 3421--3438

 []

[49

]
Underfull \hbox (badness 10000) in paragraph at lines 3458--3460

 []


Underfull \hbox (badness 10000) in paragraph at lines 3461--3478

 []


Underfull \hbox (badness 10000) in paragraph at lines 3481--3483

 []


Underfull \hbox (badness 10000) in paragraph at lines 3484--3501

 []


Underfull \hbox (badness 10000) in paragraph at lines 3504--3506

 []


Underfull \hbox (badness 10000) in paragraph at lines 3507--3524

 []

[50

]
Underfull \hbox (badness 10000) in paragraph at lines 3532--3534

 []


Underfull \hbox (badness 10000) in paragraph at lines 3535--3552

 []


Underfull \hbox (badness 10000) in paragraph at lines 3555--3557

 []


Underfull \hbox (badness 10000) in paragraph at lines 3558--3575

 []

[51

]
Underfull \hbox (badness 10000) in paragraph at lines 3595--3597

 []


Underfull \hbox (badness 10000) in paragraph at lines 3598--3615

 []


Underfull \hbox (badness 10000) in paragraph at lines 3618--3620

 []


Underfull \hbox (badness 10000) in paragraph at lines 3621--3638

 []


Underfull \hbox (badness 10000) in paragraph at lines 3641--3643

 []


Underfull \hbox (badness 10000) in paragraph at lines 3644--3661

 []

[52

]
Underfull \hbox (badness 10000) in paragraph at lines 3669--3671

 []


Underfull \hbox (badness 10000) in paragraph at lines 3672--3689

 []


Underfull \hbox (badness 10000) in paragraph at lines 3692--3694

 []


Underfull \hbox (badness 10000) in paragraph at lines 3695--3712

 []

[53

]
Underfull \hbox (badness 10000) in paragraph at lines 3732--3734

 []


Underfull \hbox (badness 10000) in paragraph at lines 3735--3752

 []


Underfull \hbox (badness 10000) in paragraph at lines 3755--3757

 []


Underfull \hbox (badness 10000) in paragraph at lines 3758--3775

 []


Underfull \hbox (badness 10000) in paragraph at lines 3778--3780

 []


Underfull \hbox (badness 10000) in paragraph at lines 3781--3798

 []

[54

]
Underfull \hbox (badness 10000) in paragraph at lines 3806--3808

 []


Underfull \hbox (badness 10000) in paragraph at lines 3809--3826

 []


Underfull \hbox (badness 10000) in paragraph at lines 3829--3831

 []


Underfull \hbox (badness 10000) in paragraph at lines 3832--3849

 []

[55

]
Underfull \hbox (badness 10000) in paragraph at lines 3869--3871

 []


Underfull \hbox (badness 10000) in paragraph at lines 3872--3889

 []


Underfull \hbox (badness 10000) in paragraph at lines 3892--3894

 []


Underfull \hbox (badness 10000) in paragraph at lines 3895--3912

 []


Underfull \hbox (badness 10000) in paragraph at lines 3915--3917

 []


Underfull \hbox (badness 10000) in paragraph at lines 3918--3935

 []

[56

]
Underfull \hbox (badness 10000) in paragraph at lines 3943--3945

 []


Underfull \hbox (badness 10000) in paragraph at lines 3946--3963

 []


Underfull \hbox (badness 10000) in paragraph at lines 3966--3968

 []


Underfull \hbox (badness 10000) in paragraph at lines 3969--3986

 []

[57

]
Underfull \hbox (badness 10000) in paragraph at lines 4006--4008

 []


Underfull \hbox (badness 10000) in paragraph at lines 4009--4026

 []


Underfull \hbox (badness 10000) in paragraph at lines 4029--4031

 []


Underfull \hbox (badness 10000) in paragraph at lines 4032--4049

 []


Underfull \hbox (badness 10000) in paragraph at lines 4052--4054

 []


Underfull \hbox (badness 10000) in paragraph at lines 4055--4072

 []

[58

]
Underfull \hbox (badness 10000) in paragraph at lines 4080--4082

 []


Underfull \hbox (badness 10000) in paragraph at lines 4083--4100

 []


Underfull \hbox (badness 10000) in paragraph at lines 4103--4105

 []


Underfull \hbox (badness 10000) in paragraph at lines 4106--4123

 []

[59

]
Underfull \hbox (badness 10000) in paragraph at lines 4143--4145

 []


Underfull \hbox (badness 10000) in paragraph at lines 4146--4163

 []


Underfull \hbox (badness 10000) in paragraph at lines 4166--4168

 []


Underfull \hbox (badness 10000) in paragraph at lines 4169--4186

 []


Underfull \hbox (badness 10000) in paragraph at lines 4189--4191

 []


Underfull \hbox (badness 10000) in paragraph at lines 4192--4209

 []

[60

]
Underfull \hbox (badness 10000) in paragraph at lines 4217--4219

 []


Underfull \hbox (badness 10000) in paragraph at lines 4220--4237

 []


Underfull \hbox (badness 10000) in paragraph at lines 4240--4242

 []


Underfull \hbox (badness 10000) in paragraph at lines 4243--4260

 []

[61

]
Underfull \hbox (badness 10000) in paragraph at lines 4280--4282

 []


Underfull \hbox (badness 10000) in paragraph at lines 4283--4300

 []


Underfull \hbox (badness 10000) in paragraph at lines 4303--4305

 []


Underfull \hbox (badness 10000) in paragraph at lines 4306--4323

 []


Underfull \hbox (badness 10000) in paragraph at lines 4326--4328

 []


Underfull \hbox (badness 10000) in paragraph at lines 4329--4346

 []

[62

]
Underfull \hbox (badness 10000) in paragraph at lines 4354--4356

 []


Underfull \hbox (badness 10000) in paragraph at lines 4357--4374

 []


Underfull \hbox (badness 10000) in paragraph at lines 4377--4379

 []


Underfull \hbox (badness 10000) in paragraph at lines 4380--4397

 []

[63

]
Underfull \hbox (badness 10000) in paragraph at lines 4417--4419

 []


Underfull \hbox (badness 10000) in paragraph at lines 4420--4437

 []


Underfull \hbox (badness 10000) in paragraph at lines 4440--4442

 []


Underfull \hbox (badness 10000) in paragraph at lines 4443--4460

 []


Underfull \hbox (badness 10000) in paragraph at lines 4463--4465

 []


Underfull \hbox (badness 10000) in paragraph at lines 4466--4483

 []

[64

]
Underfull \hbox (badness 10000) in paragraph at lines 4491--4493

 []


Underfull \hbox (badness 10000) in paragraph at lines 4494--4511

 []


Underfull \hbox (badness 10000) in paragraph at lines 4514--4516

 []


Underfull \hbox (badness 10000) in paragraph at lines 4517--4534

 []

[65

]
Underfull \hbox (badness 10000) in paragraph at lines 4554--4556

 []


Underfull \hbox (badness 10000) in paragraph at lines 4557--4574

 []


Underfull \hbox (badness 10000) in paragraph at lines 4577--4579

 []


Underfull \hbox (badness 10000) in paragraph at lines 4580--4597

 []


Underfull \hbox (badness 10000) in paragraph at lines 4600--4602

 []


Underfull \hbox (badness 10000) in paragraph at lines 4603--4620

 []

[66

]
Underfull \hbox (badness 10000) in paragraph at lines 4628--4630

 []


Underfull \hbox (badness 10000) in paragraph at lines 4631--4648

 []


Underfull \hbox (badness 10000) in paragraph at lines 4651--4653

 []


Underfull \hbox (badness 10000) in paragraph at lines 4654--4671

 []

[67

]
Underfull \hbox (badness 10000) in paragraph at lines 4691--4693

 []


Underfull \hbox (badness 10000) in paragraph at lines 4694--4711

 []


Underfull \hbox (badness 10000) in paragraph at lines 4714--4716

 []


Underfull \hbox (badness 10000) in paragraph at lines 4717--4734

 []


Underfull \hbox (badness 10000) in paragraph at lines 4737--4739

 []


Underfull \hbox (badness 10000) in paragraph at lines 4740--4757

 []

[68

]
Underfull \hbox (badness 10000) in paragraph at lines 4765--4767

 []


Underfull \hbox (badness 10000) in paragraph at lines 4768--4785

 []


Underfull \hbox (badness 10000) in paragraph at lines 4788--4790

 []


Underfull \hbox (badness 10000) in paragraph at lines 4791--4808

 []

[69

]
Underfull \hbox (badness 10000) in paragraph at lines 4828--4830

 []


Underfull \hbox (badness 10000) in paragraph at lines 4831--4848

 []


Underfull \hbox (badness 10000) in paragraph at lines 4851--4853

 []


Underfull \hbox (badness 10000) in paragraph at lines 4854--4871

 []


Underfull \hbox (badness 10000) in paragraph at lines 4874--4876

 []


Underfull \hbox (badness 10000) in paragraph at lines 4877--4894

 []

[70

]
Underfull \hbox (badness 10000) in paragraph at lines 4902--4904

 []


Underfull \hbox (badness 10000) in paragraph at lines 4905--4922

 []


Underfull \hbox (badness 10000) in paragraph at lines 4925--4927

 []


Underfull \hbox (badness 10000) in paragraph at lines 4928--4945

 []

[71

]
Underfull \hbox (badness 10000) in paragraph at lines 4965--4967

 []


Underfull \hbox (badness 10000) in paragraph at lines 4968--4985

 []


Underfull \hbox (badness 10000) in paragraph at lines 4988--4990

 []


Underfull \hbox (badness 10000) in paragraph at lines 4991--5008

 []


Underfull \hbox (badness 10000) in paragraph at lines 5011--5013

 []


Underfull \hbox (badness 10000) in paragraph at lines 5014--5031

 []

[72

]
Underfull \hbox (badness 10000) in paragraph at lines 5039--5041

 []


Underfull \hbox (badness 10000) in paragraph at lines 5042--5059

 []


Underfull \hbox (badness 10000) in paragraph at lines 5062--5064

 []


Underfull \hbox (badness 10000) in paragraph at lines 5065--5082

 []

[73

]
Underfull \hbox (badness 10000) in paragraph at lines 5102--5104

 []


Underfull \hbox (badness 10000) in paragraph at lines 5105--5122

 []


Underfull \hbox (badness 10000) in paragraph at lines 5125--5127

 []


Underfull \hbox (badness 10000) in paragraph at lines 5128--5145

 []


Underfull \hbox (badness 10000) in paragraph at lines 5148--5150

 []


Underfull \hbox (badness 10000) in paragraph at lines 5151--5168

 []

[74

]
Underfull \hbox (badness 10000) in paragraph at lines 5176--5178

 []


Underfull \hbox (badness 10000) in paragraph at lines 5179--5196

 []


Underfull \hbox (badness 10000) in paragraph at lines 5199--5201

 []


Underfull \hbox (badness 10000) in paragraph at lines 5202--5219

 []

[75

]
Underfull \hbox (badness 10000) in paragraph at lines 5239--5241

 []


Underfull \hbox (badness 10000) in paragraph at lines 5242--5259

 []


Underfull \hbox (badness 10000) in paragraph at lines 5262--5264

 []


Underfull \hbox (badness 10000) in paragraph at lines 5265--5282

 []


Underfull \hbox (badness 10000) in paragraph at lines 5285--5287

 []


Underfull \hbox (badness 10000) in paragraph at lines 5288--5305

 []

[76

]
Underfull \hbox (badness 10000) in paragraph at lines 5313--5315

 []


Underfull \hbox (badness 10000) in paragraph at lines 5316--5333

 []


Underfull \hbox (badness 10000) in paragraph at lines 5336--5338

 []


Underfull \hbox (badness 10000) in paragraph at lines 5339--5356

 []

[77

]
Underfull \hbox (badness 10000) in paragraph at lines 5376--5378

 []


Underfull \hbox (badness 10000) in paragraph at lines 5379--5396

 []


Underfull \hbox (badness 10000) in paragraph at lines 5399--5401

 []


Underfull \hbox (badness 10000) in paragraph at lines 5402--5419

 []


Underfull \hbox (badness 10000) in paragraph at lines 5422--5424

 []


Underfull \hbox (badness 10000) in paragraph at lines 5425--5442

 []

[78

]
Underfull \hbox (badness 10000) in paragraph at lines 5450--5452

 []


Underfull \hbox (badness 10000) in paragraph at lines 5453--5470

 []


Underfull \hbox (badness 10000) in paragraph at lines 5473--5475

 []


Underfull \hbox (badness 10000) in paragraph at lines 5476--5493

 []

[79

]
Underfull \hbox (badness 10000) in paragraph at lines 5513--5515

 []


Underfull \hbox (badness 10000) in paragraph at lines 5516--5533

 []


Underfull \hbox (badness 10000) in paragraph at lines 5536--5538

 []


Underfull \hbox (badness 10000) in paragraph at lines 5539--5556

 []


Underfull \hbox (badness 10000) in paragraph at lines 5559--5561

 []


Underfull \hbox (badness 10000) in paragraph at lines 5562--5579

 []

[80

]
Underfull \hbox (badness 10000) in paragraph at lines 5587--5589

 []


Underfull \hbox (badness 10000) in paragraph at lines 5590--5607

 []


Underfull \hbox (badness 10000) in paragraph at lines 5610--5612

 []


Underfull \hbox (badness 10000) in paragraph at lines 5613--5630

 []

[81

]
Underfull \hbox (badness 10000) in paragraph at lines 5650--5652

 []


Underfull \hbox (badness 10000) in paragraph at lines 5653--5670

 []


Underfull \hbox (badness 10000) in paragraph at lines 5673--5675

 []


Underfull \hbox (badness 10000) in paragraph at lines 5676--5693

 []


Underfull \hbox (badness 10000) in paragraph at lines 5696--5698

 []


Underfull \hbox (badness 10000) in paragraph at lines 5699--5716

 []

[82

]
Underfull \hbox (badness 10000) in paragraph at lines 5724--5726

 []


Underfull \hbox (badness 10000) in paragraph at lines 5727--5744

 []


Underfull \hbox (badness 10000) in paragraph at lines 5747--5749

 []


Underfull \hbox (badness 10000) in paragraph at lines 5750--5767

 []

[83

]
Underfull \hbox (badness 10000) in paragraph at lines 5787--5789

 []


Underfull \hbox (badness 10000) in paragraph at lines 5790--5807

 []


Underfull \hbox (badness 10000) in paragraph at lines 5810--5812

 []


Underfull \hbox (badness 10000) in paragraph at lines 5813--5830

 []


Underfull \hbox (badness 10000) in paragraph at lines 5833--5835

 []


Underfull \hbox (badness 10000) in paragraph at lines 5836--5853

 []

[84

]
Underfull \hbox (badness 10000) in paragraph at lines 5861--5863

 []


Underfull \hbox (badness 10000) in paragraph at lines 5864--5881

 []


Underfull \hbox (badness 10000) in paragraph at lines 5884--5886

 []


Underfull \hbox (badness 10000) in paragraph at lines 5887--5904

 []

[85

]
Underfull \hbox (badness 10000) in paragraph at lines 5924--5926

 []


Underfull \hbox (badness 10000) in paragraph at lines 5927--5944

 []


Underfull \hbox (badness 10000) in paragraph at lines 5947--5949

 []


Underfull \hbox (badness 10000) in paragraph at lines 5950--5967

 []


Underfull \hbox (badness 10000) in paragraph at lines 5970--5972

 []


Underfull \hbox (badness 10000) in paragraph at lines 5973--5990

 []

[86

]
Underfull \hbox (badness 10000) in paragraph at lines 5998--6000

 []


Underfull \hbox (badness 10000) in paragraph at lines 6001--6018

 []


Underfull \hbox (badness 10000) in paragraph at lines 6021--6023

 []


Underfull \hbox (badness 10000) in paragraph at lines 6024--6041

 []

[87

]
Underfull \hbox (badness 10000) in paragraph at lines 6061--6063

 []


Underfull \hbox (badness 10000) in paragraph at lines 6064--6081

 []


Underfull \hbox (badness 10000) in paragraph at lines 6084--6086

 []


Underfull \hbox (badness 10000) in paragraph at lines 6087--6104

 []


Underfull \hbox (badness 10000) in paragraph at lines 6107--6109

 []


Underfull \hbox (badness 10000) in paragraph at lines 6110--6127

 []

[88

]
Underfull \hbox (badness 10000) in paragraph at lines 6135--6137

 []


Underfull \hbox (badness 10000) in paragraph at lines 6138--6155

 []


Underfull \hbox (badness 10000) in paragraph at lines 6158--6160

 []


Underfull \hbox (badness 10000) in paragraph at lines 6161--6178

 []

[89

]
Underfull \hbox (badness 10000) in paragraph at lines 6198--6200

 []


Underfull \hbox (badness 10000) in paragraph at lines 6201--6218

 []


Underfull \hbox (badness 10000) in paragraph at lines 6221--6223

 []


Underfull \hbox (badness 10000) in paragraph at lines 6224--6241

 []


Underfull \hbox (badness 10000) in paragraph at lines 6244--6246

 []


Underfull \hbox (badness 10000) in paragraph at lines 6247--6264

 []

[90

]
Underfull \hbox (badness 10000) in paragraph at lines 6272--6274

 []


Underfull \hbox (badness 10000) in paragraph at lines 6275--6292

 []


Underfull \hbox (badness 10000) in paragraph at lines 6295--6297

 []


Underfull \hbox (badness 10000) in paragraph at lines 6298--6315

 []

[91

]
Underfull \hbox (badness 10000) in paragraph at lines 6335--6337

 []


Underfull \hbox (badness 10000) in paragraph at lines 6338--6355

 []


Underfull \hbox (badness 10000) in paragraph at lines 6358--6360

 []


Underfull \hbox (badness 10000) in paragraph at lines 6361--6378

 []


Underfull \hbox (badness 10000) in paragraph at lines 6381--6383

 []


Underfull \hbox (badness 10000) in paragraph at lines 6384--6401

 []

[92

]
Underfull \hbox (badness 10000) in paragraph at lines 6409--6411

 []


Underfull \hbox (badness 10000) in paragraph at lines 6412--6429

 []


Underfull \hbox (badness 10000) in paragraph at lines 6432--6434

 []


Underfull \hbox (badness 10000) in paragraph at lines 6435--6452

 []

[93

]
Underfull \hbox (badness 10000) in paragraph at lines 6472--6474

 []


Underfull \hbox (badness 10000) in paragraph at lines 6475--6492

 []


Underfull \hbox (badness 10000) in paragraph at lines 6495--6497

 []


Underfull \hbox (badness 10000) in paragraph at lines 6498--6515

 []


Underfull \hbox (badness 10000) in paragraph at lines 6518--6520

 []


Underfull \hbox (badness 10000) in paragraph at lines 6521--6538

 []

[94

]
Underfull \hbox (badness 10000) in paragraph at lines 6546--6548

 []


Underfull \hbox (badness 10000) in paragraph at lines 6549--6566

 []


Underfull \hbox (badness 10000) in paragraph at lines 6569--6571

 []


Underfull \hbox (badness 10000) in paragraph at lines 6572--6589

 []

[95

]
Underfull \hbox (badness 10000) in paragraph at lines 6609--6611

 []


Underfull \hbox (badness 10000) in paragraph at lines 6612--6629

 []


Underfull \hbox (badness 10000) in paragraph at lines 6632--6634

 []


Underfull \hbox (badness 10000) in paragraph at lines 6635--6652

 []


Underfull \hbox (badness 10000) in paragraph at lines 6655--6657

 []


Underfull \hbox (badness 10000) in paragraph at lines 6658--6675

 []

[96

]
Underfull \hbox (badness 10000) in paragraph at lines 6683--6685

 []


Underfull \hbox (badness 10000) in paragraph at lines 6686--6703

 []


Underfull \hbox (badness 10000) in paragraph at lines 6706--6708

 []


Underfull \hbox (badness 10000) in paragraph at lines 6709--6726

 []

[97

]
Underfull \hbox (badness 10000) in paragraph at lines 6746--6748

 []


Underfull \hbox (badness 10000) in paragraph at lines 6749--6766

 []


Underfull \hbox (badness 10000) in paragraph at lines 6769--6771

 []


Underfull \hbox (badness 10000) in paragraph at lines 6772--6789

 []


Underfull \hbox (badness 10000) in paragraph at lines 6792--6794

 []


Underfull \hbox (badness 10000) in paragraph at lines 6795--6812

 []

[98

]
Underfull \hbox (badness 10000) in paragraph at lines 6820--6822

 []


Underfull \hbox (badness 10000) in paragraph at lines 6823--6840

 []


Underfull \hbox (badness 10000) in paragraph at lines 6843--6845

 []


Underfull \hbox (badness 10000) in paragraph at lines 6846--6863

 []

[99

]
Underfull \hbox (badness 10000) in paragraph at lines 6883--6885

 []


Underfull \hbox (badness 10000) in paragraph at lines 6886--6903

 []


Underfull \hbox (badness 10000) in paragraph at lines 6906--6908

 []


Underfull \hbox (badness 10000) in paragraph at lines 6909--6926

 []


Underfull \hbox (badness 10000) in paragraph at lines 6929--6931

 []


Underfull \hbox (badness 10000) in paragraph at lines 6932--6949

 []

[100

]
Underfull \hbox (badness 10000) in paragraph at lines 6957--6959

 []


Underfull \hbox (badness 10000) in paragraph at lines 6960--6977

 []


Underfull \hbox (badness 10000) in paragraph at lines 6980--6982

 []


Underfull \hbox (badness 10000) in paragraph at lines 6983--7000

 []

[101

] [102

] [103

] [104

] [105

] [106

] [107

] [108

] [109

] [110

] [111

] [112

]
[113

] [114

] [115

] [116

] [117

] [118

] [119

] [120

] [121

]
Requested font "[lmroman5-regular]:mapping=tex-text" at 4.0pt
 -> C:/Program Files/MiKTeX 2.9/fonts/opentype/public/lm/lmroman5-regular.otf
LaTeX Font Info:    Calculating math sizes for size <4> on input line 7173.
Requested font "rm-lmr5" at 4.0pt
Requested font "rm-lmr5" at 2.79999pt
Requested font "rm-lmr5" at 2.0pt
Requested font "lmmi5" at 4.0pt
Requested font "lmmi5" at 2.79999pt
Requested font "lmmi5" at 2.0pt
Requested font "lmsy5" at 4.0pt
Requested font "lmsy5" at 2.79999pt
Requested font "lmsy5" at 2.0pt
LaTeX Font Info:    External font `lmex10' loaded for size
(Font)              <4> on input line 7173.
LaTeX Font Info:    External font `lmex10' loaded for size
(Font)              <2.79999> on input line 7173.
LaTeX Font Info:    External font `lmex10' loaded for size
(Font)              <2> on input line 7173.

Underfull \vbox (badness 10000) has occurred while \output is active []

 [122


]
[123]
Underfull \vbox (badness 10000) has occurred while \output is active []

 [124]
[125]
Underfull \vbox (badness 10000) has occurred while \output is active []

 [126]
[127]
Underfull \vbox (badness 10000) has occurred while \output is active []

 [128]
[129]
Underfull \vbox (badness 10000) has occurred while \output is active []

 [130]
[131]
Underfull \vbox (badness 10000) has occurred while \output is active []

 [132]
Package atveryend Info: Empty hook `BeforeClearDocument' on input line 7779.
Package atveryend Info: Empty hook `AfterLastShipout' on input line 7779.

("C:\Users\Florian\Dropbox\data science\calendar\calendar1\Update\calendarMaste
r.aux")
Package atveryend Info: Empty hook `AtVeryEndDocument' on input line 7779.
Package atveryend Info: Empty hook `AtEndAfterFileList' on input line 7779.


LaTeX Warning: There were multiply-defined labels.

Package atveryend Info: Empty hook `AtVeryVeryEnd' on input line 7779.
 ) 
Here is how much of TeX's memory you used:
 38193 strings out of 428791
 746086 string characters out of 3164829
 868492 words of memory out of 3000000
 41042 multiletter control sequences out of 15000+200000
 40595 words of font info for 61 fonts, out of 3000000 for 9000
 1096 hyphenation exceptions out of 8191
 63i,16n,101p,10419b,1087s stack positions out of 5000i,500n,10000p,200000b,50000s

Output written on calendarMaster.pdf (132 pages).
